-----------------------------------------------------------------------------------------------------------------------------------------------------------------------------------------------------
      name:  <unnamed>
       log:  E:\analyses\opensafely-ics-research\analysis\asthma_log_sens2\06_an_models_asthma.log
  log type:  text
 opened on:   8 Jun 2020, 17:14:02

. 
. * Open Stata dataset
. use $tempdir\analysis_dataset_STSET_$outcome, clear

. 
. /* Sense check outcomes=======================================================*/ 
. 
. tab exposure $outcome, missing row

+----------------+
| Key            |
|----------------|
|   frequency    |
| row percentage |
+----------------+

                      |   Failure/censoring
                      |     indicator for
                      |     outcome: ONS
     Asthma Treatment |    non-covid death
             Exposure |         0          1 |     Total
----------------------+----------------------+----------
            SABA only |   108,223        157 |   108,380 
                      |     99.86       0.14 |    100.00 
----------------------+----------------------+----------
ICS (Low/Medium Dose) |   607,687        896 |   608,583 
                      |     99.85       0.15 |    100.00 
----------------------+----------------------+----------
      ICS (High Dose) |   100,818        192 |   101,010 
                      |     99.81       0.19 |    100.00 
----------------------+----------------------+----------
                Other |   466,652        410 |   467,062 
                      |     99.91       0.09 |    100.00 
----------------------+----------------------+----------
                Total | 1,283,380      1,655 | 1,285,035 
                      |     99.87       0.13 |    100.00 

. 
. /* Main Model=================================================================*/
. 
. /* Univariable model */ 
. 
. stcox i.exposure 

         failure _d:  onsnoncoviddeath
   analysis time _t:  (stime_onsnoncoviddeath-origin)
             origin:  time enter_date
  enter on or after:  time enter_date
                 id:  patient_id

Iteration 0:   log likelihood = -16948.975
Iteration 1:   log likelihood =  -16943.91
Iteration 2:   log likelihood = -16943.854
Iteration 3:   log likelihood = -16943.854
Refining estimates:
Iteration 0:   log likelihood = -16943.854

Cox regression -- Breslow method for ties

No. of subjects =      817,973                  Number of obs    =     817,973
No. of failures =        1,245
Time at risk    =     53932182
                                                LR chi2(2)       =       10.24
Log likelihood  =   -16943.854                  Prob > chi2      =      0.0060

----------------------------------------------------------------------------------------
                    _t | Haz. Ratio   Std. Err.      z    P>|z|     [95% Conf. Interval]
-----------------------+----------------------------------------------------------------
              exposure |
ICS (Low/Medium Dose)  |   1.016352   .0879335     0.19   0.851     .8578261    1.204174
      ICS (High Dose)  |   1.312732   .1412499     2.53   0.011     1.063131    1.620934
----------------------------------------------------------------------------------------

. estimates save ./$tempdir/univar, replace 
file ./asthma_tempdata_sens2/univar.ster saved

. 
. /* Multivariable models */ 
. 
. * Age and Gender 
. * Age fit as spline in first instance, categorical below 
. 
. stcox i.exposure i.male age1 age2 age3 

         failure _d:  onsnoncoviddeath
   analysis time _t:  (stime_onsnoncoviddeath-origin)
             origin:  time enter_date
  enter on or after:  time enter_date
                 id:  patient_id

Iteration 0:   log likelihood = -16948.975
Iteration 1:   log likelihood = -15531.507
Iteration 2:   log likelihood = -15328.358
Iteration 3:   log likelihood = -15325.227
Iteration 4:   log likelihood = -15325.089
Iteration 5:   log likelihood = -15325.088
Iteration 6:   log likelihood = -15325.088
Refining estimates:
Iteration 0:   log likelihood = -15325.088

Cox regression -- Breslow method for ties

No. of subjects =      817,973                  Number of obs    =     817,973
No. of failures =        1,245
Time at risk    =     53932182
                                                LR chi2(6)       =     3247.77
Log likelihood  =   -15325.088                  Prob > chi2      =      0.0000

----------------------------------------------------------------------------------------
                    _t | Haz. Ratio   Std. Err.      z    P>|z|     [95% Conf. Interval]
-----------------------+----------------------------------------------------------------
              exposure |
ICS (Low/Medium Dose)  |   .7650721   .0662863    -3.09   0.002     .6455854    .9066737
      ICS (High Dose)  |   .9242521   .0995551    -0.73   0.465     .7483486    1.141503
                       |
                1.male |   1.354624   .0788218     5.22   0.000      1.20862    1.518266
                  age1 |   1.137317   .0453189     3.23   0.001     1.051874    1.229701
                  age2 |    .835575   .0701111    -2.14   0.032     .7088643    .9849354
                  age3 |   1.909119   .4251636     2.90   0.004      1.23387    2.953907
----------------------------------------------------------------------------------------

. estimates save ./$tempdir/multivar1, replace 
file ./asthma_tempdata_sens2/multivar1.ster saved

. 
. * Age, Gender and Comorbidities 
. stcox i.exposure i.male age1 age2 age3 $varlist, strata(stp)                            

         failure _d:  onsnoncoviddeath
   analysis time _t:  (stime_onsnoncoviddeath-origin)
             origin:  time enter_date
  enter on or after:  time enter_date
                 id:  patient_id

Iteration 0:   log likelihood = -12916.488
Iteration 1:   log likelihood = -11848.936
Iteration 2:   log likelihood = -11140.822
Iteration 3:   log likelihood = -10944.524
Iteration 4:   log likelihood = -10932.131
Iteration 5:   log likelihood = -10931.897
Iteration 6:   log likelihood = -10931.896
Refining estimates:
Iteration 0:   log likelihood = -10931.896

Stratified Cox regr. -- Breslow method for ties

No. of subjects =      817,973                  Number of obs    =     817,973
No. of failures =        1,245
Time at risk    =     53932182
                                                LR chi2(29)      =     3969.18
Log likelihood  =   -10931.896                  Prob > chi2      =      0.0000

---------------------------------------------------------------------------------------------
                         _t | Haz. Ratio   Std. Err.      z    P>|z|     [95% Conf. Interval]
----------------------------+----------------------------------------------------------------
                   exposure |
     ICS (Low/Medium Dose)  |   .8467852   .0737964    -1.91   0.056     .7138254    1.004511
           ICS (High Dose)  |   .9264801   .1007636    -0.70   0.483     .7486171    1.146601
                            |
                     1.male |   1.294707   .0777715     4.30   0.000     1.150908    1.456472
                       age1 |   1.112435   .0436099     2.72   0.007     1.030163    1.201279
                       age2 |   .9119136   .0765301    -1.10   0.272     .7736039    1.074951
                       age3 |   1.409729    .316507     1.53   0.126     .9078768    2.188992
                            |
                  obese4cat |
         Obese I (30-34.9)  |   .7505969   .0595082    -3.62   0.000     .6425731    .8767807
        Obese II (35-39.9)  |   .8469569   .0952749    -1.48   0.140     .6793739    1.055878
           Obese III (40+)  |   .8624703   .1355802    -0.94   0.347     .6337754    1.173689
                            |
               smoke_nomiss |
                    Former  |   1.119423   .0691443     1.83   0.068     .9917849    1.263488
                   Current  |   2.376723   .2697517     7.63   0.000     1.902696    2.968846
                            |
                        imd |
                         2  |   1.100364   .1053825     1.00   0.318     .9120447    1.327567
                         3  |   1.298442     .12153     2.79   0.005     1.080819    1.559884
                         4  |   1.553454   .1452254     4.71   0.000     1.293372    1.865836
           5 most deprived  |   1.745284   .1694517     5.74   0.000     1.442852    2.111107
                            |
                        ckd |
                       CKD  |    1.44422   .0973833     5.45   0.000     1.265427    1.648275
             1.hypertension |   1.208005   .0819637     2.79   0.005     1.057582    1.379822
            1.heart_failure |   1.982984   .1564115     8.68   0.000     1.698944    2.314511
      1.other_heart_disease |    1.18472    .083645     2.40   0.016     1.031616    1.360546
                            |
                    diabcat |
       Controlled diabetes  |   1.425912    .104045     4.86   0.000     1.235898    1.645139
     Uncontrolled diabetes  |   2.176723   .2079499     8.14   0.000     1.805032    2.624952
Diabetes, no hba1c measure  |   1.174704   .5900055     0.32   0.749     .4389394    3.143779
                            |
              1.cancer_ever |   2.850425   .1759588    16.97   0.000     2.525599    3.217029
                   1.statin |     .62182   .0401239    -7.36   0.000     .5479483    .7056507
              1.flu_vaccine |   .7564622   .0539515    -3.91   0.000     .6577772    .8699527
     1.pneumococcal_vaccine |   .9643177   .1016566    -0.34   0.730     .7843106    1.185638
            1.exacerbations |   1.290625   .0821555     4.01   0.000     1.139242    1.462122
               1.gp_consult |   .7885715   .1393301    -1.34   0.179     .5577571    1.114903
            1.immunodef_any |    3.04969   .7551543     4.50   0.000     1.877085    4.954815
---------------------------------------------------------------------------------------------
                                                             Stratified by stp

.                                                                                 
. estimates save ./$tempdir/multivar2, replace 
file ./asthma_tempdata_sens2/multivar2.ster saved

. 
. /* MODEL CHANGES TO DO: 
> - Diabetes as severity, remove insulin 
> */ 
. 
. /* Print table================================================================*/ 
. *  Print the results for the main model 
. 
. cap file close tablecontent

. file open tablecontent using ./$outdir/table2.txt, write text replace

. 
. * Column headings 
. file write tablecontent ("Table 2: Association between current ICS use and $tableoutcome - $population Population") _n

. file write tablecontent _tab ("N") _tab ("Univariable") _tab _tab ("Age/Sex Adjusted") _tab _tab ///
>                                                 ("Age/Sex and Comorbidity Adjusted") _tab _tab _n

. file write tablecontent _tab _tab ("HR") _tab ("95% CI") _tab ("HR") _tab ///
>                                                 ("95% CI") _tab ("HR") _tab ("95% CI") _n

. file write tablecontent ("Main Analysis") _n                                    

. 
. * Row headings 
. local lab0: label exposure 0

. local lab1: label exposure 1

. local lab2: label exposure 2

.  
. /* Counts */
.  
. * First row, exposure = 0 (reference)
. 
.         cou if exposure == 0 
  108,380

.         local rowdenom = r(N)

.         cou if exposure == 0 & $outcome == 1
  157

.         local pct = 100*(r(N)/`rowdenom') 

.         
.         file write tablecontent ("`lab0'") _tab

.         file write tablecontent (r(N)) (" (") %3.1f (`pct') (")") _tab

.         file write tablecontent ("1.00 (ref)") _tab _tab ("1.00 (ref)") _tab _tab ("1.00 (ref)") _n

.         
. * Second row, exposure = 1 (comparator)
. 
. file write tablecontent ("`lab1'") _tab  

. 
.         cou if exposure == 1 
  608,583

.         local rowdenom = r(N)

.         cou if exposure == 1 & $outcome == 1
  896

.         local pct = 100*(r(N)/`rowdenom') 

.         file write tablecontent (r(N)) (" (") %3.1f (`pct') (")") _tab

. 
. /* Main Model */ 
. estimates use ./$tempdir/univar 

. lincom 1.exposure, eform

 ( 1)  1.exposure = 0

------------------------------------------------------------------------------
          _t |     exp(b)   Std. Err.      z    P>|z|     [95% Conf. Interval]
-------------+----------------------------------------------------------------
         (1) |   1.016352   .0879335     0.19   0.851     .8578261    1.204174
------------------------------------------------------------------------------

. file write tablecontent %4.2f (r(estimate)) _tab %4.2f (r(lb)) (" - ") %4.2f (r(ub)) _tab 

. 
. estimates use ./$tempdir/multivar1 

. lincom 1.exposure, eform

 ( 1)  1.exposure = 0

------------------------------------------------------------------------------
          _t |     exp(b)   Std. Err.      z    P>|z|     [95% Conf. Interval]
-------------+----------------------------------------------------------------
         (1) |   .7650721   .0662863    -3.09   0.002     .6455854    .9066737
------------------------------------------------------------------------------

. file write tablecontent %4.2f (r(estimate)) _tab %4.2f (r(lb)) (" - ") %4.2f (r(ub)) _tab 

. 
. estimates use ./$tempdir/multivar2 

. lincom 1.exposure, eform

 ( 1)  1.exposure = 0

------------------------------------------------------------------------------
          _t |     exp(b)   Std. Err.      z    P>|z|     [95% Conf. Interval]
-------------+----------------------------------------------------------------
         (1) |   .8467852   .0737964    -1.91   0.056     .7138254    1.004511
------------------------------------------------------------------------------

. file write tablecontent %4.2f (r(estimate)) _tab %4.2f (r(lb)) (" - ") %4.2f (r(ub)) _n 

. 
. * Third row, exposure = 2 (comparator)
. 
. file write tablecontent ("`lab2'") _tab  

. 
.         cou if exposure == 2
  101,010

.         local rowdenom = r(N)

.         cou if exposure == 2 & $outcome == 1
  192

.         local pct = 100*(r(N)/`rowdenom') 

.         file write tablecontent (r(N)) (" (") %3.1f (`pct') (")") _tab

. 
. /* Main Model */ 
. estimates use ./$tempdir/univar 

. lincom 2.exposure, eform

 ( 1)  2.exposure = 0

------------------------------------------------------------------------------
          _t |     exp(b)   Std. Err.      z    P>|z|     [95% Conf. Interval]
-------------+----------------------------------------------------------------
         (1) |   1.312732   .1412499     2.53   0.011     1.063131    1.620934
------------------------------------------------------------------------------

. file write tablecontent %4.2f (r(estimate)) _tab %4.2f (r(lb)) (" - ") %4.2f (r(ub)) _tab 

. 
. estimates use ./$tempdir/multivar1 

. lincom 2.exposure, eform

 ( 1)  2.exposure = 0

------------------------------------------------------------------------------
          _t |     exp(b)   Std. Err.      z    P>|z|     [95% Conf. Interval]
-------------+----------------------------------------------------------------
         (1) |   .9242521   .0995551    -0.73   0.465     .7483486    1.141503
------------------------------------------------------------------------------

. file write tablecontent %4.2f (r(estimate)) _tab %4.2f (r(lb)) (" - ") %4.2f (r(ub)) _tab 

. 
. estimates use ./$tempdir/multivar2 

. lincom 2.exposure, eform

 ( 1)  2.exposure = 0

------------------------------------------------------------------------------
          _t |     exp(b)   Std. Err.      z    P>|z|     [95% Conf. Interval]
-------------+----------------------------------------------------------------
         (1) |   .9264801   .1007636    -0.70   0.483     .7486171    1.146601
------------------------------------------------------------------------------

. file write tablecontent %4.2f (r(estimate)) _tab %4.2f (r(lb)) (" - ") %4.2f (r(ub)) _n 

. 
. file write tablecontent _n

. file close tablecontent

. 
. * Close log file 
. log close
      name:  <unnamed>
       log:  E:\analyses\opensafely-ics-research\analysis\asthma_log_sens2\06_an_models_asthma.log
  log type:  text
 closed on:   8 Jun 2020, 17:16:19
-----------------------------------------------------------------------------------------------------------------------------------------------------------------------------------------------------
