--------------------------------------------------------------------------------------------------------
      name:  <unnamed>
       log:  E:\analyses\opensafely-ics-research\analysis\copd_log\03_an_checks.log
  log type:  text
 opened on:  22 May 2020, 09:12:35

. 
. * Open Stata dataset
. use $tempdir\analysis_dataset, clear

. 
. *run ssc install if not already installed on your computer
. *ssc install datacheck 
. 
. *Duplicate patient check
. datacheck _n==1, by(patient_id) nol

. 
. /* EXPECTED VALUES============================================================*/ 
. 
. * Age
. datacheck age<., nol

. datacheck inlist(agegroup, 1, 2, 3, 4, 5, 6), nol

. datacheck inlist(age70, 0, 1), nol

. 
. * Sex
. datacheck inlist(male, 0, 1), nol

. 
. * BMI 
. datacheck inlist(obese4cat, 1, 2, 3, 4), nol

. datacheck inlist(bmicat, 1, 2, 3, 4, 5, 6, .u), nol

. 
. * IMD
. datacheck inlist(imd, 1, 2, 3, 4, 5), nol

. 
. * Ethnicity
. datacheck inlist(ethnicity, 1, 2, 3, 4, 5, .u), nol

. 
. * Smoking
. datacheck inlist(smoke, 1, 2, 3, .u), nol

. datacheck inlist(smoke_nomiss, 1, 2, 3), nol 

. 
. * Check date ranges for all treatment variables  
. foreach var of varlist  high_dose_ics           ///
>                                                 low_med_dose_ics        ///
>                                                 ics_single              ///
>                                                 saba_single             ///
>                                                 sama_single         ///
>                                                 laba_single             ///
>                                                 lama_single             ///
>                                                 laba_ics                        ///
>                                                 laba_lama                       ///
>                                                 laba_lama_ics           ///
>                                                 ltra_single      {
  2.                                                 
.         summ `var'_date, format
  3. 
. }

    Variable |        Obs        Mean    Std. Dev.       Min        Max
-------------+---------------------------------------------------------
high_dose_~e |     25,711   29jan2020    26.03165  15nov2019  15feb2020

    Variable |        Obs        Mean    Std. Dev.       Min        Max
-------------+---------------------------------------------------------
low_med_do~e |     87,256   31jan2020    23.67951  15nov2019  15feb2020

    Variable |        Obs        Mean    Std. Dev.       Min        Max
-------------+---------------------------------------------------------
ics_single~e |      7,309   17jan2020    31.20935  15nov2019  15feb2020

    Variable |        Obs        Mean    Std. Dev.       Min        Max
-------------+---------------------------------------------------------
saba_sing~te |    166,830   25jan2020     28.3926  15nov2019  15feb2020

    Variable |        Obs        Mean    Std. Dev.       Min        Max
-------------+---------------------------------------------------------
sama_sing~te |      3,321   23jan2020    29.44299  15nov2019  15feb2020

    Variable |        Obs        Mean    Std. Dev.       Min        Max
-------------+---------------------------------------------------------
laba_sing~te |      8,063   23jan2020    28.46303  15nov2019  15feb2020

    Variable |        Obs        Mean    Std. Dev.       Min        Max
-------------+---------------------------------------------------------
lama_sing~te |     87,673   29jan2020    25.90407  15nov2019  15feb2020

    Variable |        Obs        Mean    Std. Dev.       Min        Max
-------------+---------------------------------------------------------
laba_ics_d~e |     75,556   29jan2020    25.69482  15nov2019  15feb2020

    Variable |        Obs        Mean    Std. Dev.       Min        Max
-------------+---------------------------------------------------------
laba_~a_date |     46,159   31jan2020    24.36747  15nov2019  15feb2020

    Variable |        Obs        Mean    Std. Dev.       Min        Max
-------------+---------------------------------------------------------
~ma_ics_date |     33,042   04feb2020    21.07347  15nov2019  15feb2020

    Variable |        Obs        Mean    Std. Dev.       Min        Max
-------------+---------------------------------------------------------
ltra_sing~te |          0

. 
. * Check date ranges for all comorbidities 
. 
. foreach var of varlist  asthma_ever                                     ///
>                                                 ckd                                             ///   
>                   
>                                                 hypertension                            ///
>                                                 other_respiratory                       ///
>                                                 other_heart_disease             ///
>                                                 heart_failure                           ///
>                                                 copd                                            ///
>                                                 diabetes                                        ///
>                                                 cancer_ever                             ///
>                                                 insulin                                         ///
>                                                 oral_steroids                           ///     
>                                                 statin { 
  2.                                                 
.         summ `var'_date, format
  3. 
. }

    Variable |        Obs        Mean    Std. Dev.       Min        Max
-------------+---------------------------------------------------------
asthma_eve~e |     55,233   28jun1999    7759.597  15jan1850  15feb2020

    Variable |        Obs        Mean    Std. Dev.       Min        Max
-------------+---------------------------------------------------------
    ckd_date |     57,217   03jun2019    737.9986  15jan1900  15feb2020

    Variable |        Obs        Mean    Std. Dev.       Min        Max
-------------+---------------------------------------------------------
hypertensi~e |    144,936   14sep2003    7287.432  15jan1860  15feb2020

    Variable |        Obs        Mean    Std. Dev.       Min        Max
-------------+---------------------------------------------------------
other_resp~e |          0

    Variable |        Obs        Mean    Std. Dev.       Min        Max
-------------+---------------------------------------------------------
other_hea~te |     65,461   10apr2005    6800.621  15jan1860  15feb2020

    Variable |        Obs        Mean    Std. Dev.       Min        Max
-------------+---------------------------------------------------------
heart_fai~te |     24,573   30mar2013    4408.537  15dec1899  15feb2020

    Variable |        Obs        Mean    Std. Dev.       Min        Max
-------------+---------------------------------------------------------
   copd_date |    291,868   12apr2011    5491.143  15dec1899  15feb2020

    Variable |        Obs        Mean    Std. Dev.       Min        Max
-------------+---------------------------------------------------------
diabetes_d~e |     70,630   17jun2009    6032.755  15jan1860  15feb2020

    Variable |        Obs        Mean    Std. Dev.       Min        Max
-------------+---------------------------------------------------------
cancer_eve~e |     40,037   16jan2010    4667.502  15dec1899  15feb2020

    Variable |        Obs        Mean    Std. Dev.       Min        Max
-------------+---------------------------------------------------------
insulin_date |      8,725   30jan2020    23.96079  15nov2019  15feb2020

    Variable |        Obs        Mean    Std. Dev.       Min        Max
-------------+---------------------------------------------------------
oral_stero~e |     61,605   09jan2020    32.57128  15nov2019  15feb2020

    Variable |        Obs        Mean    Std. Dev.       Min        Max
-------------+---------------------------------------------------------
 statin_date |    141,420   03feb2020    20.81341  15nov2019  15feb2020

. 
. * Outcome dates
. 
. summ  stime_cpnsdeath stime_onscoviddeath,   format

    Variable |        Obs        Mean    Std. Dev.       Min        Max
-------------+---------------------------------------------------------
stime_cpns~h |    291,868   22apr2020    2.572584  01mar2020  23apr2020
stime_onsc~h |    291,868   22apr2020    2.571406  01mar2020  23apr2020

. summ  died_date_ons died_date_cpns died_date_onscovid, format

    Variable |        Obs        Mean    Std. Dev.       Min        Max
-------------+---------------------------------------------------------
died_date_~d |        654   11apr2020    9.898621  11mar2020  03may2020
died_date_~s |        427   08apr2020    8.632053  11mar2020  26apr2020
died_date_~d |        654   11apr2020    9.898621  11mar2020  03may2020

. 
. 
. /* LOGICAL RELATIONSHIPS======================================================*/ 
. 
. * BMI
. bysort bmicat: summ bmi

--------------------------------------------------------------------------------------------------------
-> bmicat = Underweight (<18.5)

    Variable |        Obs        Mean    Std. Dev.       Min        Max
-------------+---------------------------------------------------------
         bmi |     11,358    17.21164    .9069192         15       18.4

--------------------------------------------------------------------------------------------------------
-> bmicat = Normal (18.5-24.9)

    Variable |        Obs        Mean    Std. Dev.       Min        Max
-------------+---------------------------------------------------------
         bmi |     89,200     22.2635    1.775324       18.5       24.9

--------------------------------------------------------------------------------------------------------
-> bmicat = Overweight (25-29.9)

    Variable |        Obs        Mean    Std. Dev.       Min        Max
-------------+---------------------------------------------------------
         bmi |     95,475    27.33465    1.412303         25       29.9

--------------------------------------------------------------------------------------------------------
-> bmicat = Obese I (30-34.9)

    Variable |        Obs        Mean    Std. Dev.       Min        Max
-------------+---------------------------------------------------------
         bmi |     55,550    32.11817    1.420591         30       34.9

--------------------------------------------------------------------------------------------------------
-> bmicat = Obese II (35-39.9)

    Variable |        Obs        Mean    Std. Dev.       Min        Max
-------------+---------------------------------------------------------
         bmi |     22,066    37.04041    1.404199         35       39.9

--------------------------------------------------------------------------------------------------------
-> bmicat = Obese III (40+)

    Variable |        Obs        Mean    Std. Dev.       Min        Max
-------------+---------------------------------------------------------
         bmi |     10,011    43.25544    2.599537         40         50

--------------------------------------------------------------------------------------------------------
-> bmicat = Unknown (.u)

    Variable |        Obs        Mean    Std. Dev.       Min        Max
-------------+---------------------------------------------------------
         bmi |          0


. tab bmicat obese4cat, m

                     |     Evidence of obesity (4 categories)
         Grouped BMI | No record  Obese I (  Obese II   Obese III |     Total
---------------------+--------------------------------------------+----------
 Underweight (<18.5) |    11,358          0          0          0 |    11,358 
  Normal (18.5-24.9) |    89,200          0          0          0 |    89,200 
Overweight (25-29.9) |    95,475          0          0          0 |    95,475 
   Obese I (30-34.9) |         0     55,550          0          0 |    55,550 
  Obese II (35-39.9) |         0          0     22,066          0 |    22,066 
     Obese III (40+) |         0          0          0     10,011 |    10,011 
        Unknown (.u) |     8,208          0          0          0 |     8,208 
---------------------+--------------------------------------------+----------
               Total |   204,241     55,550     22,066     10,011 |   291,868 

. 
. * Age
. bysort agegroup: summ age

--------------------------------------------------------------------------------------------------------
-> agegroup = 18-<40

    Variable |        Obs        Mean    Std. Dev.       Min        Max
-------------+---------------------------------------------------------
         age |      1,232    37.33523    1.419532         35         39

--------------------------------------------------------------------------------------------------------
-> agegroup = 40-<50

    Variable |        Obs        Mean    Std. Dev.       Min        Max
-------------+---------------------------------------------------------
         age |     10,025    45.94484    2.644554         40         49

--------------------------------------------------------------------------------------------------------
-> agegroup = 50-<60

    Variable |        Obs        Mean    Std. Dev.       Min        Max
-------------+---------------------------------------------------------
         age |     40,910    55.32938    2.770847         50         59

--------------------------------------------------------------------------------------------------------
-> agegroup = 60-<70

    Variable |        Obs        Mean    Std. Dev.       Min        Max
-------------+---------------------------------------------------------
         age |     80,792    64.89815    2.838454         60         69

--------------------------------------------------------------------------------------------------------
-> agegroup = 70-<80

    Variable |        Obs        Mean    Std. Dev.       Min        Max
-------------+---------------------------------------------------------
         age |    104,351    74.19892    2.757746         70         79

--------------------------------------------------------------------------------------------------------
-> agegroup = 80+

    Variable |        Obs        Mean    Std. Dev.       Min        Max
-------------+---------------------------------------------------------
         age |     54,558    84.41935    3.826389         80        103


. tab agegroup age70, m

   Grouped |  70 years and older
       age |         0          1 |     Total
-----------+----------------------+----------
    18-<40 |     1,232          0 |     1,232 
    40-<50 |    10,025          0 |    10,025 
    50-<60 |    40,910          0 |    40,910 
    60-<70 |    80,792          0 |    80,792 
    70-<80 |         0    104,351 |   104,351 
       80+ |         0     54,558 |    54,558 
-----------+----------------------+----------
     Total |   132,959    158,909 |   291,868 

. 
. * Smoking
. tab smoke smoke_nomiss, m

             |    Smoking status
     Smoking | (missing set to non)
      status |    Former    Current |     Total
-------------+----------------------+----------
      Former |   184,444          0 |   184,444 
     Current |         0    107,424 |   107,424 
-------------+----------------------+----------
       Total |   184,444    107,424 |   291,868 

. 
. /* Treatment variables */ 
. 
. foreach var of varlist  high_dose_ics           ///
>                                                 low_med_dose_ics        ///
>                                                 ics_single              ///
>                                                 saba_single             ///
>                                                 sama_single         ///
>                                                 laba_single             ///
>                                                 lama_single             ///
>                                                 laba_ics                        ///
>                                                 laba_lama                       ///
>                                                 laba_lama_ics           ///
>                                                 ltra_single      {
  2.                                                 
.         tab exposure `var', row missing
  3. 
. }

+----------------+
| Key            |
|----------------|
|   frequency    |
| row percentage |
+----------------+

       COPD Treatment |     High Dose ICS
             Exposure |         0          1 |     Total
----------------------+----------------------+----------
LABA/LAMA Combination |    43,282          0 |    43,282 
                      |    100.00       0.00 |    100.00 
----------------------+----------------------+----------
      ICS Combination |    79,771     25,480 |   105,251 
                      |     75.79      24.21 |    100.00 
----------------------+----------------------+----------
                Other |   143,104        231 |   143,335 
                      |     99.84       0.16 |    100.00 
----------------------+----------------------+----------
                Total |   266,157     25,711 |   291,868 
                      |     91.19       8.81 |    100.00 

+----------------+
| Key            |
|----------------|
|   frequency    |
| row percentage |
+----------------+

       COPD Treatment |  Low/Medium Dose ICS
             Exposure |         0          1 |     Total
----------------------+----------------------+----------
LABA/LAMA Combination |    43,282          0 |    43,282 
                      |    100.00       0.00 |    100.00 
----------------------+----------------------+----------
      ICS Combination |    22,753     82,498 |   105,251 
                      |     21.62      78.38 |    100.00 
----------------------+----------------------+----------
                Other |   138,577      4,758 |   143,335 
                      |     96.68       3.32 |    100.00 
----------------------+----------------------+----------
                Total |   204,612     87,256 |   291,868 
                      |     70.10      29.90 |    100.00 

+----------------+
| Key            |
|----------------|
|   frequency    |
| row percentage |
+----------------+

       COPD Treatment |      Single ICS
             Exposure |         0          1 |     Total
----------------------+----------------------+----------
LABA/LAMA Combination |    43,282          0 |    43,282 
                      |    100.00       0.00 |    100.00 
----------------------+----------------------+----------
      ICS Combination |   102,926      2,325 |   105,251 
                      |     97.79       2.21 |    100.00 
----------------------+----------------------+----------
                Other |   138,351      4,984 |   143,335 
                      |     96.52       3.48 |    100.00 
----------------------+----------------------+----------
                Total |   284,559      7,309 |   291,868 
                      |     97.50       2.50 |    100.00 

+----------------+
| Key            |
|----------------|
|   frequency    |
| row percentage |
+----------------+

       COPD Treatment |      Single SABA
             Exposure |         0          1 |     Total
----------------------+----------------------+----------
LABA/LAMA Combination |    12,351     30,931 |    43,282 
                      |     28.54      71.46 |    100.00 
----------------------+----------------------+----------
      ICS Combination |    21,545     83,706 |   105,251 
                      |     20.47      79.53 |    100.00 
----------------------+----------------------+----------
                Other |    91,142     52,193 |   143,335 
                      |     63.59      36.41 |    100.00 
----------------------+----------------------+----------
                Total |   125,038    166,830 |   291,868 
                      |     42.84      57.16 |    100.00 

+----------------+
| Key            |
|----------------|
|   frequency    |
| row percentage |
+----------------+

       COPD Treatment |      Single SAMA
             Exposure |         0          1 |     Total
----------------------+----------------------+----------
LABA/LAMA Combination |    43,123        159 |    43,282 
                      |     99.63       0.37 |    100.00 
----------------------+----------------------+----------
      ICS Combination |   103,764      1,487 |   105,251 
                      |     98.59       1.41 |    100.00 
----------------------+----------------------+----------
                Other |   141,660      1,675 |   143,335 
                      |     98.83       1.17 |    100.00 
----------------------+----------------------+----------
                Total |   288,547      3,321 |   291,868 
                      |     98.86       1.14 |    100.00 

+----------------+
| Key            |
|----------------|
|   frequency    |
| row percentage |
+----------------+

       COPD Treatment |      Single LABA
             Exposure |         0          1 |     Total
----------------------+----------------------+----------
LABA/LAMA Combination |    40,852      2,430 |    43,282 
                      |     94.39       5.61 |    100.00 
----------------------+----------------------+----------
      ICS Combination |   104,397        854 |   105,251 
                      |     99.19       0.81 |    100.00 
----------------------+----------------------+----------
                Other |   138,556      4,779 |   143,335 
                      |     96.67       3.33 |    100.00 
----------------------+----------------------+----------
                Total |   283,805      8,063 |   291,868 
                      |     97.24       2.76 |    100.00 

+----------------+
| Key            |
|----------------|
|   frequency    |
| row percentage |
+----------------+

       COPD Treatment |      Single LAMA
             Exposure |         0          1 |     Total
----------------------+----------------------+----------
LABA/LAMA Combination |    38,692      4,590 |    43,282 
                      |     89.40      10.60 |    100.00 
----------------------+----------------------+----------
      ICS Combination |    59,758     45,493 |   105,251 
                      |     56.78      43.22 |    100.00 
----------------------+----------------------+----------
                Other |   105,745     37,590 |   143,335 
                      |     73.77      26.23 |    100.00 
----------------------+----------------------+----------
                Total |   204,195     87,673 |   291,868 
                      |     69.96      30.04 |    100.00 

+----------------+
| Key            |
|----------------|
|   frequency    |
| row percentage |
+----------------+

       COPD Treatment |       LABA ICS
             Exposure |         0          1 |     Total
----------------------+----------------------+----------
LABA/LAMA Combination |    43,282          0 |    43,282 
                      |    100.00       0.00 |    100.00 
----------------------+----------------------+----------
      ICS Combination |    29,695     75,556 |   105,251 
                      |     28.21      71.79 |    100.00 
----------------------+----------------------+----------
                Other |   143,335          0 |   143,335 
                      |    100.00       0.00 |    100.00 
----------------------+----------------------+----------
                Total |   216,312     75,556 |   291,868 
                      |     74.11      25.89 |    100.00 

+----------------+
| Key            |
|----------------|
|   frequency    |
| row percentage |
+----------------+

       COPD Treatment |       LABA LAMA
             Exposure |         0          1 |     Total
----------------------+----------------------+----------
LABA/LAMA Combination |     1,930     41,352 |    43,282 
                      |      4.46      95.54 |    100.00 
----------------------+----------------------+----------
      ICS Combination |   100,444      4,807 |   105,251 
                      |     95.43       4.57 |    100.00 
----------------------+----------------------+----------
                Other |   143,335          0 |   143,335 
                      |    100.00       0.00 |    100.00 
----------------------+----------------------+----------
                Total |   245,709     46,159 |   291,868 
                      |     84.18      15.82 |    100.00 

+----------------+
| Key            |
|----------------|
|   frequency    |
| row percentage |
+----------------+

       COPD Treatment |     LABA LAMA ICS
             Exposure |         0          1 |     Total
----------------------+----------------------+----------
LABA/LAMA Combination |    43,282          0 |    43,282 
                      |    100.00       0.00 |    100.00 
----------------------+----------------------+----------
      ICS Combination |    72,209     33,042 |   105,251 
                      |     68.61      31.39 |    100.00 
----------------------+----------------------+----------
                Other |   143,335          0 |   143,335 
                      |    100.00       0.00 |    100.00 
----------------------+----------------------+----------
                Total |   258,826     33,042 |   291,868 
                      |     88.68      11.32 |    100.00 

+----------------+
| Key            |
|----------------|
|   frequency    |
| row percentage |
+----------------+

                      |   Single
       COPD Treatment |    LTRA
             Exposure |         0 |     Total
----------------------+-----------+----------
LABA/LAMA Combination |    43,282 |    43,282 
                      |    100.00 |    100.00 
----------------------+-----------+----------
      ICS Combination |   105,251 |   105,251 
                      |    100.00 |    100.00 
----------------------+-----------+----------
                Other |   143,335 |   143,335 
                      |    100.00 |    100.00 
----------------------+-----------+----------
                Total |   291,868 |   291,868 
                      |    100.00 |    100.00 

. 
. tab high_dose_ics ics_single

 High Dose |      Single ICS
       ICS |         0          1 |     Total
-----------+----------------------+----------
         0 |   259,434      6,723 |   266,157 
         1 |    25,125        586 |    25,711 
-----------+----------------------+----------
     Total |   284,559      7,309 |   291,868 

. tab low_med_dose_ics ics_single

Low/Medium |      Single ICS
  Dose ICS |         0          1 |     Total
-----------+----------------------+----------
         0 |   204,200        412 |   204,612 
         1 |    80,359      6,897 |    87,256 
-----------+----------------------+----------
     Total |   284,559      7,309 |   291,868 

. 
. /* EXPECTED RELATIONSHIPS=====================================================*/ 
. 
. /*  Relationships between demographic/lifestyle variables  */
. 
. tab agegroup bmicat,    row 

+----------------+
| Key            |
|----------------|
|   frequency    |
| row percentage |
+----------------+

   Grouped |                            Grouped BMI
       age | Underweig  Normal (1  Overweigh  Obese I (  Obese II   Obese III |     Total
-----------+------------------------------------------------------------------+----------
    18-<40 |        79        431        311        162         80         47 |     1,110 
           |      7.12      38.83      28.02      14.59       7.21       4.23 |    100.00 
-----------+------------------------------------------------------------------+----------
    40-<50 |       519      3,298      2,750      1,574        776        461 |     9,378 
           |      5.53      35.17      29.32      16.78       8.27       4.92 |    100.00 
-----------+------------------------------------------------------------------+----------
    50-<60 |     1,777     12,805     12,033      7,486      3,262      1,899 |    39,262 
           |      4.53      32.61      30.65      19.07       8.31       4.84 |    100.00 
-----------+------------------------------------------------------------------+----------
    60-<70 |     3,170     23,790     25,247     15,822      6,887      3,529 |    78,445 
           |      4.04      30.33      32.18      20.17       8.78       4.50 |    100.00 
-----------+------------------------------------------------------------------+----------
    70-<80 |     3,596     29,901     35,918     21,211      8,286      3,284 |   102,196 
           |      3.52      29.26      35.15      20.76       8.11       3.21 |    100.00 
-----------+------------------------------------------------------------------+----------
       80+ |     2,217     18,975     19,216      9,295      2,775        791 |    53,269 
           |      4.16      35.62      36.07      17.45       5.21       1.48 |    100.00 
-----------+------------------------------------------------------------------+----------
     Total |    11,358     89,200     95,475     55,550     22,066     10,011 |   283,660 
           |      4.00      31.45      33.66      19.58       7.78       3.53 |    100.00 

. tab agegroup smoke,     row  

+----------------+
| Key            |
|----------------|
|   frequency    |
| row percentage |
+----------------+

   Grouped |    Smoking status
       age |    Former    Current |     Total
-----------+----------------------+----------
    18-<40 |       478        754 |     1,232 
           |     38.80      61.20 |    100.00 
-----------+----------------------+----------
    40-<50 |     3,523      6,502 |    10,025 
           |     35.14      64.86 |    100.00 
-----------+----------------------+----------
    50-<60 |    16,080     24,830 |    40,910 
           |     39.31      60.69 |    100.00 
-----------+----------------------+----------
    60-<70 |    44,419     36,373 |    80,792 
           |     54.98      45.02 |    100.00 
-----------+----------------------+----------
    70-<80 |    74,350     30,001 |   104,351 
           |     71.25      28.75 |    100.00 
-----------+----------------------+----------
       80+ |    45,594      8,964 |    54,558 
           |     83.57      16.43 |    100.00 
-----------+----------------------+----------
     Total |   184,444    107,424 |   291,868 
           |     63.19      36.81 |    100.00 

. tab agegroup ethnicity, row 

+----------------+
| Key            |
|----------------|
|   frequency    |
| row percentage |
+----------------+

   Grouped |                       Ethnicity
       age |     White      Mixed  Asian or       Black      Other |     Total
-----------+-------------------------------------------------------+----------
    18-<40 |       880         10         56          8         13 |       967 
           |     91.00       1.03       5.79       0.83       1.34 |    100.00 
-----------+-------------------------------------------------------+----------
    40-<50 |     7,501         61        379         96         87 |     8,124 
           |     92.33       0.75       4.67       1.18       1.07 |    100.00 
-----------+-------------------------------------------------------+----------
    50-<60 |    31,221        183        612        302        209 |    32,527 
           |     95.98       0.56       1.88       0.93       0.64 |    100.00 
-----------+-------------------------------------------------------+----------
    60-<70 |    61,416        208      1,067        335        320 |    63,346 
           |     96.95       0.33       1.68       0.53       0.51 |    100.00 
-----------+-------------------------------------------------------+----------
    70-<80 |    79,296        145        724        235        281 |    80,681 
           |     98.28       0.18       0.90       0.29       0.35 |    100.00 
-----------+-------------------------------------------------------+----------
       80+ |    38,454         67        525        233        151 |    39,430 
           |     97.52       0.17       1.33       0.59       0.38 |    100.00 
-----------+-------------------------------------------------------+----------
     Total |   218,768        674      3,363      1,209      1,061 |   225,075 
           |     97.20       0.30       1.49       0.54       0.47 |    100.00 

. tab agegroup imd,               row 

+----------------+
| Key            |
|----------------|
|   frequency    |
| row percentage |
+----------------+

   Grouped |          Index of Multiple Deprivation (IMD)
       age | 1 least d          2          3          4  5 most de |     Total
-----------+-------------------------------------------------------+----------
    18-<40 |       165        196        233        271        367 |     1,232 
           |     13.39      15.91      18.91      22.00      29.79 |    100.00 
-----------+-------------------------------------------------------+----------
    40-<50 |     1,178      1,453      1,976      2,406      3,012 |    10,025 
           |     11.75      14.49      19.71      24.00      30.04 |    100.00 
-----------+-------------------------------------------------------+----------
    50-<60 |     5,398      6,810      8,194      9,442     11,066 |    40,910 
           |     13.19      16.65      20.03      23.08      27.05 |    100.00 
-----------+-------------------------------------------------------+----------
    60-<70 |    13,872     15,207     16,239     17,232     18,242 |    80,792 
           |     17.17      18.82      20.10      21.33      22.58 |    100.00 
-----------+-------------------------------------------------------+----------
    70-<80 |    23,715     22,651     21,368     19,292     17,325 |   104,351 
           |     22.73      21.71      20.48      18.49      16.60 |    100.00 
-----------+-------------------------------------------------------+----------
       80+ |    14,639     12,474     11,160      8,994      7,291 |    54,558 
           |     26.83      22.86      20.46      16.49      13.36 |    100.00 
-----------+-------------------------------------------------------+----------
     Total |    58,967     58,791     59,170     57,637     57,303 |   291,868 
           |     20.20      20.14      20.27      19.75      19.63 |    100.00 

. 
. tab bmicat smoke,                row   

+----------------+
| Key            |
|----------------|
|   frequency    |
| row percentage |
+----------------+

                     |    Smoking status
         Grouped BMI |    Former    Current |     Total
---------------------+----------------------+----------
 Underweight (<18.5) |     4,347      7,011 |    11,358 
                     |     38.27      61.73 |    100.00 
---------------------+----------------------+----------
  Normal (18.5-24.9) |    48,068     41,132 |    89,200 
                     |     53.89      46.11 |    100.00 
---------------------+----------------------+----------
Overweight (25-29.9) |    64,296     31,179 |    95,475 
                     |     67.34      32.66 |    100.00 
---------------------+----------------------+----------
   Obese I (30-34.9) |    39,844     15,706 |    55,550 
                     |     71.73      28.27 |    100.00 
---------------------+----------------------+----------
  Obese II (35-39.9) |    16,096      5,970 |    22,066 
                     |     72.94      27.06 |    100.00 
---------------------+----------------------+----------
     Obese III (40+) |     7,253      2,758 |    10,011 
                     |     72.45      27.55 |    100.00 
---------------------+----------------------+----------
               Total |   179,904    103,756 |   283,660 
                     |     63.42      36.58 |    100.00 

. tab bmicat ethnicity,    row 

+----------------+
| Key            |
|----------------|
|   frequency    |
| row percentage |
+----------------+

                     |                       Ethnicity
         Grouped BMI |     White      Mixed  Asian or       Black      Other |     Total
---------------------+-------------------------------------------------------+----------
 Underweight (<18.5) |     8,412         30        114         37         46 |     8,639 
                     |     97.37       0.35       1.32       0.43       0.53 |    100.00 
---------------------+-------------------------------------------------------+----------
  Normal (18.5-24.9) |    66,904        236      1,256        418        356 |    69,170 
                     |     96.72       0.34       1.82       0.60       0.51 |    100.00 
---------------------+-------------------------------------------------------+----------
Overweight (25-29.9) |    71,977        205      1,228        404        357 |    74,171 
                     |     97.04       0.28       1.66       0.54       0.48 |    100.00 
---------------------+-------------------------------------------------------+----------
   Obese I (30-34.9) |    42,160        119        519        215        167 |    43,180 
                     |     97.64       0.28       1.20       0.50       0.39 |    100.00 
---------------------+-------------------------------------------------------+----------
  Obese II (35-39.9) |    16,740         44        128         74         70 |    17,056 
                     |     98.15       0.26       0.75       0.43       0.41 |    100.00 
---------------------+-------------------------------------------------------+----------
     Obese III (40+) |     7,645         20         52         36         31 |     7,784 
                     |     98.21       0.26       0.67       0.46       0.40 |    100.00 
---------------------+-------------------------------------------------------+----------
               Total |   213,838        654      3,297      1,184      1,027 |   220,000 
                     |     97.20       0.30       1.50       0.54       0.47 |    100.00 

. tab bmicat imd,                  row 

+----------------+
| Key            |
|----------------|
|   frequency    |
| row percentage |
+----------------+

                     |          Index of Multiple Deprivation (IMD)
         Grouped BMI | 1 least d          2          3          4  5 most de |     Total
---------------------+-------------------------------------------------------+----------
 Underweight (<18.5) |     1,963      2,036      2,274      2,370      2,715 |    11,358 
                     |     17.28      17.93      20.02      20.87      23.90 |    100.00 
---------------------+-------------------------------------------------------+----------
  Normal (18.5-24.9) |    18,230     17,924     17,954     17,469     17,623 |    89,200 
                     |     20.44      20.09      20.13      19.58      19.76 |    100.00 
---------------------+-------------------------------------------------------+----------
Overweight (25-29.9) |    20,678     19,871     19,291     18,310     17,325 |    95,475 
                     |     21.66      20.81      20.21      19.18      18.15 |    100.00 
---------------------+-------------------------------------------------------+----------
   Obese I (30-34.9) |    11,084     11,133     11,352     11,094     10,887 |    55,550 
                     |     19.95      20.04      20.44      19.97      19.60 |    100.00 
---------------------+-------------------------------------------------------+----------
  Obese II (35-39.9) |     3,903      4,247      4,618      4,583      4,715 |    22,066 
                     |     17.69      19.25      20.93      20.77      21.37 |    100.00 
---------------------+-------------------------------------------------------+----------
     Obese III (40+) |     1,498      1,855      1,997      2,203      2,458 |    10,011 
                     |     14.96      18.53      19.95      22.01      24.55 |    100.00 
---------------------+-------------------------------------------------------+----------
               Total |    57,356     57,066     57,486     56,029     55,723 |   283,660 
                     |     20.22      20.12      20.27      19.75      19.64 |    100.00 

. tab bmicat hypertension, row 

+----------------+
| Key            |
|----------------|
|   frequency    |
| row percentage |
+----------------+

                     |       Diagnosed
                     |     hypertension
         Grouped BMI |         0          1 |     Total
---------------------+----------------------+----------
 Underweight (<18.5) |     7,562      3,796 |    11,358 
                     |     66.58      33.42 |    100.00 
---------------------+----------------------+----------
  Normal (18.5-24.9) |    52,584     36,616 |    89,200 
                     |     58.95      41.05 |    100.00 
---------------------+----------------------+----------
Overweight (25-29.9) |    47,028     48,447 |    95,475 
                     |     49.26      50.74 |    100.00 
---------------------+----------------------+----------
   Obese I (30-34.9) |    23,007     32,543 |    55,550 
                     |     41.42      58.58 |    100.00 
---------------------+----------------------+----------
  Obese II (35-39.9) |     8,135     13,931 |    22,066 
                     |     36.87      63.13 |    100.00 
---------------------+----------------------+----------
     Obese III (40+) |     3,435      6,576 |    10,011 
                     |     34.31      65.69 |    100.00 
---------------------+----------------------+----------
               Total |   141,751    141,909 |   283,660 
                     |     49.97      50.03 |    100.00 

.                             
. tab smoke ethnicity,    row 

+----------------+
| Key            |
|----------------|
|   frequency    |
| row percentage |
+----------------+

     Smoking |                       Ethnicity
      status |     White      Mixed  Asian or       Black      Other |     Total
-------------+-------------------------------------------------------+----------
      Former |   137,599        335      1,904        658        579 |   141,075 
             |     97.54       0.24       1.35       0.47       0.41 |    100.00 
-------------+-------------------------------------------------------+----------
     Current |    81,169        339      1,459        551        482 |    84,000 
             |     96.63       0.40       1.74       0.66       0.57 |    100.00 
-------------+-------------------------------------------------------+----------
       Total |   218,768        674      3,363      1,209      1,061 |   225,075 
             |     97.20       0.30       1.49       0.54       0.47 |    100.00 

. tab smoke imd,                  row 

+----------------+
| Key            |
|----------------|
|   frequency    |
| row percentage |
+----------------+

     Smoking |          Index of Multiple Deprivation (IMD)
      status | 1 least d          2          3          4  5 most de |     Total
-------------+-------------------------------------------------------+----------
      Former |    43,520     40,333     37,824     33,390     29,377 |   184,444 
             |     23.60      21.87      20.51      18.10      15.93 |    100.00 
-------------+-------------------------------------------------------+----------
     Current |    15,447     18,458     21,346     24,247     27,926 |   107,424 
             |     14.38      17.18      19.87      22.57      26.00 |    100.00 
-------------+-------------------------------------------------------+----------
       Total |    58,967     58,791     59,170     57,637     57,303 |   291,868 
             |     20.20      20.14      20.27      19.75      19.63 |    100.00 

. tab smoke hypertension, row 

+----------------+
| Key            |
|----------------|
|   frequency    |
| row percentage |
+----------------+

             |       Diagnosed
     Smoking |     hypertension
      status |         0          1 |     Total
-------------+----------------------+----------
      Former |    82,567    101,877 |   184,444 
             |     44.77      55.23 |    100.00 
-------------+----------------------+----------
     Current |    64,365     43,059 |   107,424 
             |     59.92      40.08 |    100.00 
-------------+----------------------+----------
       Total |   146,932    144,936 |   291,868 
             |     50.34      49.66 |    100.00 

.                             
. tab ethnicity imd,              row 

+----------------+
| Key            |
|----------------|
|   frequency    |
| row percentage |
+----------------+

                      |          Index of Multiple Deprivation (IMD)
            Ethnicity | 1 least d          2          3          4  5 most de |     Total
----------------------+-------------------------------------------------------+----------
                White |    42,466     43,104     43,827     44,158     45,213 |   218,768 
                      |     19.41      19.70      20.03      20.18      20.67 |    100.00 
----------------------+-------------------------------------------------------+----------
                Mixed |        89         99        160        147        179 |       674 
                      |     13.20      14.69      23.74      21.81      26.56 |    100.00 
----------------------+-------------------------------------------------------+----------
Asian or Asian Britis |       314        430        717        826      1,076 |     3,363 
                      |      9.34      12.79      21.32      24.56      32.00 |    100.00 
----------------------+-------------------------------------------------------+----------
                Black |        69        124        289        345        382 |     1,209 
                      |      5.71      10.26      23.90      28.54      31.60 |    100.00 
----------------------+-------------------------------------------------------+----------
                Other |       168        190        219        235        249 |     1,061 
                      |     15.83      17.91      20.64      22.15      23.47 |    100.00 
----------------------+-------------------------------------------------------+----------
                Total |    43,106     43,947     45,212     45,711     47,099 |   225,075 
                      |     19.15      19.53      20.09      20.31      20.93 |    100.00 

. 
. 
. /*  Relationships with demographic/lifestyle variables  */ 
.                                                 *exacerbation                           ///
>                                                 *exacerbation_count                     ///
> 
. * Relationships with age
. foreach var of varlist  ckd                                             ///     
>                                                 asthma_ever                                     ///
>                                                 hypertension                            ///
>                                                 other_respiratory                       ///
>                                                 other_heart_disease             ///
>                                                 heart_failure                           ///
>                                                 copd                                            ///
>                                                 diabetes                                        ///
>                                                 cancer_ever                             ///
>                                                 statin                                          ///
>                                                 insulin                                         ///
>                                                 flu_vaccine                                     ///
>                                                 pneumococcal_vaccine            ///                   
>                                           
>                                                 insulin                                         ///
>                                                 statin                                          ///
>                                                 immunodef_any                           ///
>                                                 exacerbations                           ///
>                                                 gp_consult                                      {
  2. 
.                 
.         tab agegroup `var', row 
  3.  }

+----------------+
| Key            |
|----------------|
|   frequency    |
| row percentage |
+----------------+

           |    Chronic kidney
   Grouped |        disease
       age |    No CKD        CKD |     Total
-----------+----------------------+----------
REDACTED
-----------+----------------------+----------
     Total |     9,573     57,217 |    66,790 
           |     14.33      85.67 |    100.00 

+----------------+
| Key            |
|----------------|
|   frequency    |
| row percentage |
+----------------+

   Grouped |      Asthma ever
       age |         0          1 |     Total
-----------+----------------------+----------
    18-<40 |       901        331 |     1,232 
           |     73.13      26.87 |    100.00 
-----------+----------------------+----------
    40-<50 |     8,059      1,966 |    10,025 
           |     80.39      19.61 |    100.00 
-----------+----------------------+----------
    50-<60 |    33,609      7,301 |    40,910 
           |     82.15      17.85 |    100.00 
-----------+----------------------+----------
    60-<70 |    66,767     14,025 |    80,792 
           |     82.64      17.36 |    100.00 
-----------+----------------------+----------
    70-<80 |    84,763     19,588 |   104,351 
           |     81.23      18.77 |    100.00 
-----------+----------------------+----------
       80+ |    42,536     12,022 |    54,558 
           |     77.96      22.04 |    100.00 
-----------+----------------------+----------
     Total |   236,635     55,233 |   291,868 
           |     81.08      18.92 |    100.00 

+----------------+
| Key            |
|----------------|
|   frequency    |
| row percentage |
+----------------+

           |       Diagnosed
   Grouped |     hypertension
       age |         0          1 |     Total
-----------+----------------------+----------
    18-<40 |     1,165         67 |     1,232 
           |     94.56       5.44 |    100.00 
-----------+----------------------+----------
    40-<50 |     8,601      1,424 |    10,025 
           |     85.80      14.20 |    100.00 
-----------+----------------------+----------
    50-<60 |    30,052     10,858 |    40,910 
           |     73.46      26.54 |    100.00 
-----------+----------------------+----------
    60-<70 |    46,425     34,367 |    80,792 
           |     57.46      42.54 |    100.00 
-----------+----------------------+----------
    70-<80 |    43,878     60,473 |   104,351 
           |     42.05      57.95 |    100.00 
-----------+----------------------+----------
       80+ |    16,811     37,747 |    54,558 
           |     30.81      69.19 |    100.00 
-----------+----------------------+----------
     Total |   146,932    144,936 |   291,868 
           |     50.34      49.66 |    100.00 

+----------------+
| Key            |
|----------------|
|   frequency    |
| row percentage |
+----------------+

           |   Other
           | Respirator
   Grouped | y Diseases
       age |         0 |     Total
-----------+-----------+----------
    18-<40 |     1,232 |     1,232 
           |    100.00 |    100.00 
-----------+-----------+----------
    40-<50 |    10,025 |    10,025 
           |    100.00 |    100.00 
-----------+-----------+----------
    50-<60 |    40,910 |    40,910 
           |    100.00 |    100.00 
-----------+-----------+----------
    60-<70 |    80,792 |    80,792 
           |    100.00 |    100.00 
-----------+-----------+----------
    70-<80 |   104,351 |   104,351 
           |    100.00 |    100.00 
-----------+-----------+----------
       80+ |    54,558 |    54,558 
           |    100.00 |    100.00 
-----------+-----------+----------
     Total |   291,868 |   291,868 
           |    100.00 |    100.00 

+----------------+
| Key            |
|----------------|
|   frequency    |
| row percentage |
+----------------+

   Grouped | Other Heart Diseases
       age |         0          1 |     Total
-----------+----------------------+----------
    18-<40 |     1,204         28 |     1,232 
           |     97.73       2.27 |    100.00 
-----------+----------------------+----------
    40-<50 |     9,532        493 |    10,025 
           |     95.08       4.92 |    100.00 
-----------+----------------------+----------
    50-<60 |    36,284      4,626 |    40,910 
           |     88.69      11.31 |    100.00 
-----------+----------------------+----------
    60-<70 |    65,825     14,967 |    80,792 
           |     81.47      18.53 |    100.00 
-----------+----------------------+----------
    70-<80 |    77,576     26,775 |   104,351 
           |     74.34      25.66 |    100.00 
-----------+----------------------+----------
       80+ |    35,986     18,572 |    54,558 
           |     65.96      34.04 |    100.00 
-----------+----------------------+----------
     Total |   226,407     65,461 |   291,868 
           |     77.57      22.43 |    100.00 

+----------------+
| Key            |
|----------------|
|   frequency    |
| row percentage |
+----------------+

   Grouped |     Heart Failure
       age |         0          1 |     Total
-----------+----------------------+----------
    18-<40 |     1,225          7 |     1,232 
           |     99.43       0.57 |    100.00 
-----------+----------------------+----------
    40-<50 |     9,865        160 |    10,025 
           |     98.40       1.60 |    100.00 
-----------+----------------------+----------
    50-<60 |    39,744      1,166 |    40,910 
           |     97.15       2.85 |    100.00 
-----------+----------------------+----------
    60-<70 |    76,509      4,283 |    80,792 
           |     94.70       5.30 |    100.00 
-----------+----------------------+----------
    70-<80 |    94,484      9,867 |   104,351 
           |     90.54       9.46 |    100.00 
-----------+----------------------+----------
       80+ |    45,468      9,090 |    54,558 
           |     83.34      16.66 |    100.00 
-----------+----------------------+----------
     Total |   267,295     24,573 |   291,868 
           |     91.58       8.42 |    100.00 

+----------------+
| Key            |
|----------------|
|   frequency    |
| row percentage |
+----------------+

   Grouped |    COPD
       age |         1 |     Total
-----------+-----------+----------
    18-<40 |     1,232 |     1,232 
           |    100.00 |    100.00 
-----------+-----------+----------
    40-<50 |    10,025 |    10,025 
           |    100.00 |    100.00 
-----------+-----------+----------
    50-<60 |    40,910 |    40,910 
           |    100.00 |    100.00 
-----------+-----------+----------
    60-<70 |    80,792 |    80,792 
           |    100.00 |    100.00 
-----------+-----------+----------
    70-<80 |   104,351 |   104,351 
           |    100.00 |    100.00 
-----------+-----------+----------
       80+ |    54,558 |    54,558 
           |    100.00 |    100.00 
-----------+-----------+----------
     Total |   291,868 |   291,868 
           |    100.00 |    100.00 

+----------------+
| Key            |
|----------------|
|   frequency    |
| row percentage |
+----------------+

   Grouped |       Diabetes
       age |         0          1 |     Total
-----------+----------------------+----------
    18-<40 |     1,162         70 |     1,232 
           |     94.32       5.68 |    100.00 
-----------+----------------------+----------
    40-<50 |     9,006      1,019 |    10,025 
           |     89.84      10.16 |    100.00 
-----------+----------------------+----------
    50-<60 |    34,353      6,557 |    40,910 
           |     83.97      16.03 |    100.00 
-----------+----------------------+----------
    60-<70 |    62,805     17,987 |    80,792 
           |     77.74      22.26 |    100.00 
-----------+----------------------+----------
    70-<80 |    75,641     28,710 |   104,351 
           |     72.49      27.51 |    100.00 
-----------+----------------------+----------
       80+ |    38,271     16,287 |    54,558 
           |     70.15      29.85 |    100.00 
-----------+----------------------+----------
     Total |   221,238     70,630 |   291,868 
           |     75.80      24.20 |    100.00 

+----------------+
| Key            |
|----------------|
|   frequency    |
| row percentage |
+----------------+

   Grouped |        Cancer
       age |         0          1 |     Total
-----------+----------------------+----------
    18-<40 |     1,215         17 |     1,232 
           |     98.62       1.38 |    100.00 
-----------+----------------------+----------
    40-<50 |     9,758        267 |    10,025 
           |     97.34       2.66 |    100.00 
-----------+----------------------+----------
    50-<60 |    38,739      2,171 |    40,910 
           |     94.69       5.31 |    100.00 
-----------+----------------------+----------
    60-<70 |    72,463      8,329 |    80,792 
           |     89.69      10.31 |    100.00 
-----------+----------------------+----------
    70-<80 |    86,675     17,676 |   104,351 
           |     83.06      16.94 |    100.00 
-----------+----------------------+----------
       80+ |    42,981     11,577 |    54,558 
           |     78.78      21.22 |    100.00 
-----------+----------------------+----------
     Total |   251,831     40,037 |   291,868 
           |     86.28      13.72 |    100.00 

+----------------+
| Key            |
|----------------|
|   frequency    |
| row percentage |
+----------------+

   Grouped |     Recent Statin
       age |         0          1 |     Total
-----------+----------------------+----------
    18-<40 |     1,191         41 |     1,232 
           |     96.67       3.33 |    100.00 
-----------+----------------------+----------
    40-<50 |     8,903      1,122 |    10,025 
           |     88.81      11.19 |    100.00 
-----------+----------------------+----------
    50-<60 |    29,839     11,071 |    40,910 
           |     72.94      27.06 |    100.00 
-----------+----------------------+----------
    60-<70 |    43,131     37,661 |    80,792 
           |     53.39      46.61 |    100.00 
-----------+----------------------+----------
    70-<80 |    42,778     61,573 |   104,351 
           |     40.99      59.01 |    100.00 
-----------+----------------------+----------
       80+ |    24,606     29,952 |    54,558 
           |     45.10      54.90 |    100.00 
-----------+----------------------+----------
     Total |   150,448    141,420 |   291,868 
           |     51.55      48.45 |    100.00 

+----------------+
| Key            |
|----------------|
|   frequency    |
| row percentage |
+----------------+

   Grouped |    Recent Insulin
       age |         0          1 |     Total
-----------+----------------------+----------
    18-<40 |     1,213         19 |     1,232 
           |     98.46       1.54 |    100.00 
-----------+----------------------+----------
    40-<50 |     9,847        178 |    10,025 
           |     98.22       1.78 |    100.00 
-----------+----------------------+----------
    50-<60 |    39,949        961 |    40,910 
           |     97.65       2.35 |    100.00 
-----------+----------------------+----------
    60-<70 |    78,408      2,384 |    80,792 
           |     97.05       2.95 |    100.00 
-----------+----------------------+----------
    70-<80 |   100,829      3,522 |   104,351 
           |     96.62       3.38 |    100.00 
-----------+----------------------+----------
       80+ |    52,897      1,661 |    54,558 
           |     96.96       3.04 |    100.00 
-----------+----------------------+----------
     Total |   283,143      8,725 |   291,868 
           |     97.01       2.99 |    100.00 

+----------------+
| Key            |
|----------------|
|   frequency    |
| row percentage |
+----------------+

   Grouped |      Flu vaccine
       age |         0          1 |     Total
-----------+----------------------+----------
    18-<40 |       951        281 |     1,232 
           |     77.19      22.81 |    100.00 
-----------+----------------------+----------
    40-<50 |     6,272      3,753 |    10,025 
           |     62.56      37.44 |    100.00 
-----------+----------------------+----------
    50-<60 |    20,086     20,824 |    40,910 
           |     49.10      50.90 |    100.00 
-----------+----------------------+----------
    60-<70 |    27,059     53,733 |    80,792 
           |     33.49      66.51 |    100.00 
-----------+----------------------+----------
    70-<80 |    23,910     80,441 |   104,351 
           |     22.91      77.09 |    100.00 
-----------+----------------------+----------
       80+ |    10,498     44,060 |    54,558 
           |     19.24      80.76 |    100.00 
-----------+----------------------+----------
     Total |    88,776    203,092 |   291,868 
           |     30.42      69.58 |    100.00 

+----------------+
| Key            |
|----------------|
|   frequency    |
| row percentage |
+----------------+

   Grouped | Pneumococcal Vaccine
       age |         0          1 |     Total
-----------+----------------------+----------
    18-<40 |     1,046        186 |     1,232 
           |     84.90      15.10 |    100.00 
-----------+----------------------+----------
    40-<50 |     7,871      2,154 |    10,025 
           |     78.51      21.49 |    100.00 
-----------+----------------------+----------
    50-<60 |    29,779     11,131 |    40,910 
           |     72.79      27.21 |    100.00 
-----------+----------------------+----------
    60-<70 |    54,905     25,887 |    80,792 
           |     67.96      32.04 |    100.00 
-----------+----------------------+----------
    70-<80 |    87,731     16,620 |   104,351 
           |     84.07      15.93 |    100.00 
-----------+----------------------+----------
       80+ |    51,244      3,314 |    54,558 
           |     93.93       6.07 |    100.00 
-----------+----------------------+----------
     Total |   232,576     59,292 |   291,868 
           |     79.69      20.31 |    100.00 

+----------------+
| Key            |
|----------------|
|   frequency    |
| row percentage |
+----------------+

   Grouped |    Recent Insulin
       age |         0          1 |     Total
-----------+----------------------+----------
    18-<40 |     1,213         19 |     1,232 
           |     98.46       1.54 |    100.00 
-----------+----------------------+----------
    40-<50 |     9,847        178 |    10,025 
           |     98.22       1.78 |    100.00 
-----------+----------------------+----------
    50-<60 |    39,949        961 |    40,910 
           |     97.65       2.35 |    100.00 
-----------+----------------------+----------
    60-<70 |    78,408      2,384 |    80,792 
           |     97.05       2.95 |    100.00 
-----------+----------------------+----------
    70-<80 |   100,829      3,522 |   104,351 
           |     96.62       3.38 |    100.00 
-----------+----------------------+----------
       80+ |    52,897      1,661 |    54,558 
           |     96.96       3.04 |    100.00 
-----------+----------------------+----------
     Total |   283,143      8,725 |   291,868 
           |     97.01       2.99 |    100.00 

+----------------+
| Key            |
|----------------|
|   frequency    |
| row percentage |
+----------------+

   Grouped |     Recent Statin
       age |         0          1 |     Total
-----------+----------------------+----------
    18-<40 |     1,191         41 |     1,232 
           |     96.67       3.33 |    100.00 
-----------+----------------------+----------
    40-<50 |     8,903      1,122 |    10,025 
           |     88.81      11.19 |    100.00 
-----------+----------------------+----------
    50-<60 |    29,839     11,071 |    40,910 
           |     72.94      27.06 |    100.00 
-----------+----------------------+----------
    60-<70 |    43,131     37,661 |    80,792 
           |     53.39      46.61 |    100.00 
-----------+----------------------+----------
    70-<80 |    42,778     61,573 |   104,351 
           |     40.99      59.01 |    100.00 
-----------+----------------------+----------
       80+ |    24,606     29,952 |    54,558 
           |     45.10      54.90 |    100.00 
-----------+----------------------+----------
     Total |   150,448    141,420 |   291,868 
           |     51.55      48.45 |    100.00 

+----------------+
| Key            |
|----------------|
|   frequency    |
| row percentage |
+----------------+

           |   Immunosuppressed
           |     (combination
   Grouped |      algorithm)
       age |         0          1 |     Total
-----------+----------------------+----------
    18-<40 |     1,193         39 |     1,232 
           |     96.83       3.17 |    100.00 
-----------+----------------------+----------
    40-<50 |     9,792        233 |    10,025 
           |     97.68       2.32 |    100.00 
-----------+----------------------+----------
    50-<60 |    40,427        483 |    40,910 
           |     98.82       1.18 |    100.00 
-----------+----------------------+----------
    60-<70 |    80,314        478 |    80,792 
           |     99.41       0.59 |    100.00 
-----------+----------------------+----------
    70-<80 |   104,049        302 |   104,351 
           |     99.71       0.29 |    100.00 
-----------+----------------------+----------
       80+ |    54,446        112 |    54,558 
           |     99.79       0.21 |    100.00 
-----------+----------------------+----------
     Total |   290,221      1,647 |   291,868 
           |     99.44       0.56 |    100.00 

+----------------+
| Key            |
|----------------|
|   frequency    |
| row percentage |
+----------------+

           | Exacerbation in last
   Grouped |         year
       age |         0          1 |     Total
-----------+----------------------+----------
    18-<40 |     1,061        171 |     1,232 
           |     86.12      13.88 |    100.00 
-----------+----------------------+----------
    40-<50 |     8,408      1,617 |    10,025 
           |     83.87      16.13 |    100.00 
-----------+----------------------+----------
    50-<60 |    33,657      7,253 |    40,910 
           |     82.27      17.73 |    100.00 
-----------+----------------------+----------
    60-<70 |    65,727     15,065 |    80,792 
           |     81.35      18.65 |    100.00 
-----------+----------------------+----------
    70-<80 |    84,243     20,108 |   104,351 
           |     80.73      19.27 |    100.00 
-----------+----------------------+----------
       80+ |    43,071     11,487 |    54,558 
           |     78.95      21.05 |    100.00 
-----------+----------------------+----------
     Total |   236,167     55,701 |   291,868 
           |     80.92      19.08 |    100.00 

+----------------+
| Key            |
|----------------|
|   frequency    |
| row percentage |
+----------------+

           |  GP consultation in
   Grouped |       last year
       age |         0          1 |     Total
-----------+----------------------+----------
    18-<40 |       162      1,070 |     1,232 
           |     13.15      86.85 |    100.00 
-----------+----------------------+----------
    40-<50 |       794      9,231 |    10,025 
           |      7.92      92.08 |    100.00 
-----------+----------------------+----------
    50-<60 |     2,129     38,781 |    40,910 
           |      5.20      94.80 |    100.00 
-----------+----------------------+----------
    60-<70 |     2,444     78,348 |    80,792 
           |      3.03      96.97 |    100.00 
-----------+----------------------+----------
    70-<80 |     1,889    102,462 |   104,351 
           |      1.81      98.19 |    100.00 
-----------+----------------------+----------
       80+ |     1,059     53,499 |    54,558 
           |      1.94      98.06 |    100.00 
-----------+----------------------+----------
     Total |     8,477    283,391 |   291,868 
           |      2.90      97.10 |    100.00 

. 
. 
.  * Relationships with sex
. foreach var of varlist  ckd                                             ///     
>                                                 asthma_ever                                     ///
>                                                 hypertension                            ///
>                                                 other_respiratory                       ///
>                                                 other_heart_disease             ///
>                                                 heart_failure                           ///
>                                                 copd                                            ///
>                                                 diabetes                                        ///
>                                                 cancer_ever                             ///
>                                                 statin                                          ///
>                                                 insulin                                         ///
>                                                 flu_vaccine                                     ///
>                                                 pneumococcal_vaccine            ///                   
>                                           
>                                                 insulin                                         ///
>                                                 statin                                          ///
>                                                 immunodef_any                           ///
>                                                 exacerbations                           ///
>                                                 gp_consult                                      {
  2.                                                 
.         tab male `var', row 
  3. }

+----------------+
| Key            |
|----------------|
|   frequency    |
| row percentage |
+----------------+

           |    Chronic kidney
           |        disease
      Male |    No CKD        CKD |     Total
-----------+----------------------+----------
         0 |     3,927     26,702 |    30,629 
           |     12.82      87.18 |    100.00 
-----------+----------------------+----------
         1 |     5,646     30,515 |    36,161 
           |     15.61      84.39 |    100.00 
-----------+----------------------+----------
     Total |     9,573     57,217 |    66,790 
           |     14.33      85.67 |    100.00 

+----------------+
| Key            |
|----------------|
|   frequency    |
| row percentage |
+----------------+

           |      Asthma ever
      Male |         0          1 |     Total
-----------+----------------------+----------
         0 |   106,484     27,287 |   133,771 
           |     79.60      20.40 |    100.00 
-----------+----------------------+----------
         1 |   130,151     27,946 |   158,097 
           |     82.32      17.68 |    100.00 
-----------+----------------------+----------
     Total |   236,635     55,233 |   291,868 
           |     81.08      18.92 |    100.00 

+----------------+
| Key            |
|----------------|
|   frequency    |
| row percentage |
+----------------+

           |       Diagnosed
           |     hypertension
      Male |         0          1 |     Total
-----------+----------------------+----------
         0 |    69,687     64,084 |   133,771 
           |     52.09      47.91 |    100.00 
-----------+----------------------+----------
         1 |    77,245     80,852 |   158,097 
           |     48.86      51.14 |    100.00 
-----------+----------------------+----------
     Total |   146,932    144,936 |   291,868 
           |     50.34      49.66 |    100.00 

+----------------+
| Key            |
|----------------|
|   frequency    |
| row percentage |
+----------------+

           |   Other
           | Respirator
           | y Diseases
      Male |         0 |     Total
-----------+-----------+----------
         0 |   133,771 |   133,771 
           |    100.00 |    100.00 
-----------+-----------+----------
         1 |   158,097 |   158,097 
           |    100.00 |    100.00 
-----------+-----------+----------
     Total |   291,868 |   291,868 
           |    100.00 |    100.00 

+----------------+
| Key            |
|----------------|
|   frequency    |
| row percentage |
+----------------+

           | Other Heart Diseases
      Male |         0          1 |     Total
-----------+----------------------+----------
         0 |   111,221     22,550 |   133,771 
           |     83.14      16.86 |    100.00 
-----------+----------------------+----------
         1 |   115,186     42,911 |   158,097 
           |     72.86      27.14 |    100.00 
-----------+----------------------+----------
     Total |   226,407     65,461 |   291,868 
           |     77.57      22.43 |    100.00 

+----------------+
| Key            |
|----------------|
|   frequency    |
| row percentage |
+----------------+

           |     Heart Failure
      Male |         0          1 |     Total
-----------+----------------------+----------
         0 |   125,088      8,683 |   133,771 
           |     93.51       6.49 |    100.00 
-----------+----------------------+----------
         1 |   142,207     15,890 |   158,097 
           |     89.95      10.05 |    100.00 
-----------+----------------------+----------
     Total |   267,295     24,573 |   291,868 
           |     91.58       8.42 |    100.00 

+----------------+
| Key            |
|----------------|
|   frequency    |
| row percentage |
+----------------+

           |    COPD
      Male |         1 |     Total
-----------+-----------+----------
         0 |   133,771 |   133,771 
           |    100.00 |    100.00 
-----------+-----------+----------
         1 |   158,097 |   158,097 
           |    100.00 |    100.00 
-----------+-----------+----------
     Total |   291,868 |   291,868 
           |    100.00 |    100.00 

+----------------+
| Key            |
|----------------|
|   frequency    |
| row percentage |
+----------------+

           |       Diabetes
      Male |         0          1 |     Total
-----------+----------------------+----------
         0 |   105,997     27,774 |   133,771 
           |     79.24      20.76 |    100.00 
-----------+----------------------+----------
         1 |   115,241     42,856 |   158,097 
           |     72.89      27.11 |    100.00 
-----------+----------------------+----------
     Total |   221,238     70,630 |   291,868 
           |     75.80      24.20 |    100.00 

+----------------+
| Key            |
|----------------|
|   frequency    |
| row percentage |
+----------------+

           |        Cancer
      Male |         0          1 |     Total
-----------+----------------------+----------
         0 |   115,757     18,014 |   133,771 
           |     86.53      13.47 |    100.00 
-----------+----------------------+----------
         1 |   136,074     22,023 |   158,097 
           |     86.07      13.93 |    100.00 
-----------+----------------------+----------
     Total |   251,831     40,037 |   291,868 
           |     86.28      13.72 |    100.00 

+----------------+
| Key            |
|----------------|
|   frequency    |
| row percentage |
+----------------+

           |     Recent Statin
      Male |         0          1 |     Total
-----------+----------------------+----------
         0 |    76,775     56,996 |   133,771 
           |     57.39      42.61 |    100.00 
-----------+----------------------+----------
         1 |    73,673     84,424 |   158,097 
           |     46.60      53.40 |    100.00 
-----------+----------------------+----------
     Total |   150,448    141,420 |   291,868 
           |     51.55      48.45 |    100.00 

+----------------+
| Key            |
|----------------|
|   frequency    |
| row percentage |
+----------------+

           |    Recent Insulin
      Male |         0          1 |     Total
-----------+----------------------+----------
         0 |   130,661      3,110 |   133,771 
           |     97.68       2.32 |    100.00 
-----------+----------------------+----------
         1 |   152,482      5,615 |   158,097 
           |     96.45       3.55 |    100.00 
-----------+----------------------+----------
     Total |   283,143      8,725 |   291,868 
           |     97.01       2.99 |    100.00 

+----------------+
| Key            |
|----------------|
|   frequency    |
| row percentage |
+----------------+

           |      Flu vaccine
      Male |         0          1 |     Total
-----------+----------------------+----------
         0 |    42,235     91,536 |   133,771 
           |     31.57      68.43 |    100.00 
-----------+----------------------+----------
         1 |    46,541    111,556 |   158,097 
           |     29.44      70.56 |    100.00 
-----------+----------------------+----------
     Total |    88,776    203,092 |   291,868 
           |     30.42      69.58 |    100.00 

+----------------+
| Key            |
|----------------|
|   frequency    |
| row percentage |
+----------------+

           | Pneumococcal Vaccine
      Male |         0          1 |     Total
-----------+----------------------+----------
         0 |   106,507     27,264 |   133,771 
           |     79.62      20.38 |    100.00 
-----------+----------------------+----------
         1 |   126,069     32,028 |   158,097 
           |     79.74      20.26 |    100.00 
-----------+----------------------+----------
     Total |   232,576     59,292 |   291,868 
           |     79.69      20.31 |    100.00 

+----------------+
| Key            |
|----------------|
|   frequency    |
| row percentage |
+----------------+

           |    Recent Insulin
      Male |         0          1 |     Total
-----------+----------------------+----------
         0 |   130,661      3,110 |   133,771 
           |     97.68       2.32 |    100.00 
-----------+----------------------+----------
         1 |   152,482      5,615 |   158,097 
           |     96.45       3.55 |    100.00 
-----------+----------------------+----------
     Total |   283,143      8,725 |   291,868 
           |     97.01       2.99 |    100.00 

+----------------+
| Key            |
|----------------|
|   frequency    |
| row percentage |
+----------------+

           |     Recent Statin
      Male |         0          1 |     Total
-----------+----------------------+----------
         0 |    76,775     56,996 |   133,771 
           |     57.39      42.61 |    100.00 
-----------+----------------------+----------
         1 |    73,673     84,424 |   158,097 
           |     46.60      53.40 |    100.00 
-----------+----------------------+----------
     Total |   150,448    141,420 |   291,868 
           |     51.55      48.45 |    100.00 

+----------------+
| Key            |
|----------------|
|   frequency    |
| row percentage |
+----------------+

           |   Immunosuppressed
           |     (combination
           |      algorithm)
      Male |         0          1 |     Total
-----------+----------------------+----------
         0 |   133,162        609 |   133,771 
           |     99.54       0.46 |    100.00 
-----------+----------------------+----------
         1 |   157,059      1,038 |   158,097 
           |     99.34       0.66 |    100.00 
-----------+----------------------+----------
     Total |   290,221      1,647 |   291,868 
           |     99.44       0.56 |    100.00 

+----------------+
| Key            |
|----------------|
|   frequency    |
| row percentage |
+----------------+

           | Exacerbation in last
           |         year
      Male |         0          1 |     Total
-----------+----------------------+----------
         0 |   105,498     28,273 |   133,771 
           |     78.86      21.14 |    100.00 
-----------+----------------------+----------
         1 |   130,669     27,428 |   158,097 
           |     82.65      17.35 |    100.00 
-----------+----------------------+----------
     Total |   236,167     55,701 |   291,868 
           |     80.92      19.08 |    100.00 

+----------------+
| Key            |
|----------------|
|   frequency    |
| row percentage |
+----------------+

           |  GP consultation in
           |       last year
      Male |         0          1 |     Total
-----------+----------------------+----------
         0 |     3,248    130,523 |   133,771 
           |      2.43      97.57 |    100.00 
-----------+----------------------+----------
         1 |     5,229    152,868 |   158,097 
           |      3.31      96.69 |    100.00 
-----------+----------------------+----------
     Total |     8,477    283,391 |   291,868 
           |      2.90      97.10 |    100.00 

. 
.  * Relationships with smoking
. foreach var of varlist  ckd                                             ///     
>                                                 asthma_ever                                     ///
>                                                 hypertension                            ///
>                                                 other_respiratory                       ///
>                                                 other_heart_disease             ///
>                                                 heart_failure                           ///
>                                                 copd                                            ///
>                                                 diabetes                                        ///
>                                                 cancer_ever                             ///
>                                                 statin                                          ///
>                                                 insulin                                         ///
>                                                 flu_vaccine                                     ///
>                                                 pneumococcal_vaccine            ///                   
>                                           
>                                                 insulin                                         ///
>                                                 statin                                          ///
>                                                 immunodef_any                           ///
>                                                 exacerbations                           ///
>                                                 gp_consult                                      {
  2.         
.         tab smoke `var', row 
  3. }

+----------------+
| Key            |
|----------------|
|   frequency    |
| row percentage |
+----------------+

             |    Chronic kidney
     Smoking |        disease
      status |    No CKD        CKD |     Total
-------------+----------------------+----------
      Former |     4,974     45,694 |    50,668 
             |      9.82      90.18 |    100.00 
-------------+----------------------+----------
     Current |     4,599     11,523 |    16,122 
             |     28.53      71.47 |    100.00 
-------------+----------------------+----------
       Total |     9,573     57,217 |    66,790 
             |     14.33      85.67 |    100.00 

+----------------+
| Key            |
|----------------|
|   frequency    |
| row percentage |
+----------------+

     Smoking |      Asthma ever
      status |         0          1 |     Total
-------------+----------------------+----------
      Former |   146,592     37,852 |   184,444 
             |     79.48      20.52 |    100.00 
-------------+----------------------+----------
     Current |    90,043     17,381 |   107,424 
             |     83.82      16.18 |    100.00 
-------------+----------------------+----------
       Total |   236,635     55,233 |   291,868 
             |     81.08      18.92 |    100.00 

+----------------+
| Key            |
|----------------|
|   frequency    |
| row percentage |
+----------------+

             |       Diagnosed
     Smoking |     hypertension
      status |         0          1 |     Total
-------------+----------------------+----------
      Former |    82,567    101,877 |   184,444 
             |     44.77      55.23 |    100.00 
-------------+----------------------+----------
     Current |    64,365     43,059 |   107,424 
             |     59.92      40.08 |    100.00 
-------------+----------------------+----------
       Total |   146,932    144,936 |   291,868 
             |     50.34      49.66 |    100.00 

+----------------+
| Key            |
|----------------|
|   frequency    |
| row percentage |
+----------------+

             |   Other
             | Respirator
     Smoking | y Diseases
      status |         0 |     Total
-------------+-----------+----------
      Former |   184,444 |   184,444 
             |    100.00 |    100.00 
-------------+-----------+----------
     Current |   107,424 |   107,424 
             |    100.00 |    100.00 
-------------+-----------+----------
       Total |   291,868 |   291,868 
             |    100.00 |    100.00 

+----------------+
| Key            |
|----------------|
|   frequency    |
| row percentage |
+----------------+

     Smoking | Other Heart Diseases
      status |         0          1 |     Total
-------------+----------------------+----------
      Former |   138,342     46,102 |   184,444 
             |     75.00      25.00 |    100.00 
-------------+----------------------+----------
     Current |    88,065     19,359 |   107,424 
             |     81.98      18.02 |    100.00 
-------------+----------------------+----------
       Total |   226,407     65,461 |   291,868 
             |     77.57      22.43 |    100.00 

+----------------+
| Key            |
|----------------|
|   frequency    |
| row percentage |
+----------------+

     Smoking |     Heart Failure
      status |         0          1 |     Total
-------------+----------------------+----------
      Former |   165,522     18,922 |   184,444 
             |     89.74      10.26 |    100.00 
-------------+----------------------+----------
     Current |   101,773      5,651 |   107,424 
             |     94.74       5.26 |    100.00 
-------------+----------------------+----------
       Total |   267,295     24,573 |   291,868 
             |     91.58       8.42 |    100.00 

+----------------+
| Key            |
|----------------|
|   frequency    |
| row percentage |
+----------------+

     Smoking |    COPD
      status |         1 |     Total
-------------+-----------+----------
      Former |   184,444 |   184,444 
             |    100.00 |    100.00 
-------------+-----------+----------
     Current |   107,424 |   107,424 
             |    100.00 |    100.00 
-------------+-----------+----------
       Total |   291,868 |   291,868 
             |    100.00 |    100.00 

+----------------+
| Key            |
|----------------|
|   frequency    |
| row percentage |
+----------------+

     Smoking |       Diabetes
      status |         0          1 |     Total
-------------+----------------------+----------
      Former |   135,689     48,755 |   184,444 
             |     73.57      26.43 |    100.00 
-------------+----------------------+----------
     Current |    85,549     21,875 |   107,424 
             |     79.64      20.36 |    100.00 
-------------+----------------------+----------
       Total |   221,238     70,630 |   291,868 
             |     75.80      24.20 |    100.00 

+----------------+
| Key            |
|----------------|
|   frequency    |
| row percentage |
+----------------+

     Smoking |        Cancer
      status |         0          1 |     Total
-------------+----------------------+----------
      Former |   155,548     28,896 |   184,444 
             |     84.33      15.67 |    100.00 
-------------+----------------------+----------
     Current |    96,283     11,141 |   107,424 
             |     89.63      10.37 |    100.00 
-------------+----------------------+----------
       Total |   251,831     40,037 |   291,868 
             |     86.28      13.72 |    100.00 

+----------------+
| Key            |
|----------------|
|   frequency    |
| row percentage |
+----------------+

     Smoking |     Recent Statin
      status |         0          1 |     Total
-------------+----------------------+----------
      Former |    89,347     95,097 |   184,444 
             |     48.44      51.56 |    100.00 
-------------+----------------------+----------
     Current |    61,101     46,323 |   107,424 
             |     56.88      43.12 |    100.00 
-------------+----------------------+----------
       Total |   150,448    141,420 |   291,868 
             |     51.55      48.45 |    100.00 

+----------------+
| Key            |
|----------------|
|   frequency    |
| row percentage |
+----------------+

     Smoking |    Recent Insulin
      status |         0          1 |     Total
-------------+----------------------+----------
      Former |   178,189      6,255 |   184,444 
             |     96.61       3.39 |    100.00 
-------------+----------------------+----------
     Current |   104,954      2,470 |   107,424 
             |     97.70       2.30 |    100.00 
-------------+----------------------+----------
       Total |   283,143      8,725 |   291,868 
             |     97.01       2.99 |    100.00 

+----------------+
| Key            |
|----------------|
|   frequency    |
| row percentage |
+----------------+

     Smoking |      Flu vaccine
      status |         0          1 |     Total
-------------+----------------------+----------
      Former |    44,858    139,586 |   184,444 
             |     24.32      75.68 |    100.00 
-------------+----------------------+----------
     Current |    43,918     63,506 |   107,424 
             |     40.88      59.12 |    100.00 
-------------+----------------------+----------
       Total |    88,776    203,092 |   291,868 
             |     30.42      69.58 |    100.00 

+----------------+
| Key            |
|----------------|
|   frequency    |
| row percentage |
+----------------+

     Smoking | Pneumococcal Vaccine
      status |         0          1 |     Total
-------------+----------------------+----------
      Former |   150,143     34,301 |   184,444 
             |     81.40      18.60 |    100.00 
-------------+----------------------+----------
     Current |    82,433     24,991 |   107,424 
             |     76.74      23.26 |    100.00 
-------------+----------------------+----------
       Total |   232,576     59,292 |   291,868 
             |     79.69      20.31 |    100.00 

+----------------+
| Key            |
|----------------|
|   frequency    |
| row percentage |
+----------------+

     Smoking |    Recent Insulin
      status |         0          1 |     Total
-------------+----------------------+----------
      Former |   178,189      6,255 |   184,444 
             |     96.61       3.39 |    100.00 
-------------+----------------------+----------
     Current |   104,954      2,470 |   107,424 
             |     97.70       2.30 |    100.00 
-------------+----------------------+----------
       Total |   283,143      8,725 |   291,868 
             |     97.01       2.99 |    100.00 

+----------------+
| Key            |
|----------------|
|   frequency    |
| row percentage |
+----------------+

     Smoking |     Recent Statin
      status |         0          1 |     Total
-------------+----------------------+----------
      Former |    89,347     95,097 |   184,444 
             |     48.44      51.56 |    100.00 
-------------+----------------------+----------
     Current |    61,101     46,323 |   107,424 
             |     56.88      43.12 |    100.00 
-------------+----------------------+----------
       Total |   150,448    141,420 |   291,868 
             |     51.55      48.45 |    100.00 

+----------------+
| Key            |
|----------------|
|   frequency    |
| row percentage |
+----------------+

             |   Immunosuppressed
             |     (combination
     Smoking |      algorithm)
      status |         0          1 |     Total
-------------+----------------------+----------
      Former |   183,608        836 |   184,444 
             |     99.55       0.45 |    100.00 
-------------+----------------------+----------
     Current |   106,613        811 |   107,424 
             |     99.25       0.75 |    100.00 
-------------+----------------------+----------
       Total |   290,221      1,647 |   291,868 
             |     99.44       0.56 |    100.00 

+----------------+
| Key            |
|----------------|
|   frequency    |
| row percentage |
+----------------+

             | Exacerbation in last
     Smoking |         year
      status |         0          1 |     Total
-------------+----------------------+----------
      Former |   150,327     34,117 |   184,444 
             |     81.50      18.50 |    100.00 
-------------+----------------------+----------
     Current |    85,840     21,584 |   107,424 
             |     79.91      20.09 |    100.00 
-------------+----------------------+----------
       Total |   236,167     55,701 |   291,868 
             |     80.92      19.08 |    100.00 

+----------------+
| Key            |
|----------------|
|   frequency    |
| row percentage |
+----------------+

             |  GP consultation in
     Smoking |       last year
      status |         0          1 |     Total
-------------+----------------------+----------
      Former |     4,000    180,444 |   184,444 
             |      2.17      97.83 |    100.00 
-------------+----------------------+----------
     Current |     4,477    102,947 |   107,424 
             |      4.17      95.83 |    100.00 
-------------+----------------------+----------
       Total |     8,477    283,391 |   291,868 
             |      2.90      97.10 |    100.00 

. 
. 
. /* SENSE CHECK OUTCOMES=======================================================*/
. 
. tab onscoviddeath cpnsdeath, row col

+-------------------+
| Key               |
|-------------------|
|     frequency     |
|  row percentage   |
| column percentage |
+-------------------+

Failure/ce |
   nsoring |
 indicator |   Failure/censoring
       for |     indicator for
  outcome: |  outcome: CPNS covid
 ONS covid |         death
     death |         0          1 |     Total
-----------+----------------------+----------
         0 |   291,290         12 |   291,302 
           |    100.00       0.00 |    100.00 
           |     99.94       2.92 |     99.81 
-----------+----------------------+----------
         1 |       167        399 |       566 
           |     29.51      70.49 |    100.00 
           |      0.06      97.08 |      0.19 
-----------+----------------------+----------
     Total |   291,457        411 |   291,868 
           |     99.86       0.14 |    100.00 
           |    100.00     100.00 |    100.00 

. 
. 
. * Close log file 
. log close
      name:  <unnamed>
       log:  E:\analyses\opensafely-ics-research\analysis\copd_log\03_an_checks.log
  log type:  text
 closed on:  22 May 2020, 09:12:43
--------------------------------------------------------------------------------------------------------
