----------------------------------------------------------------------------------------------------------------------------------------------------------------------------
      name:  <unnamed>
       log:  E:\analyses\opensafely-ics-research\analysis\copd_log\04_an_descriptive_table_copd.log
  log type:  text
 opened on:  27 Jul 2020, 13:40:35

. 
. * Open Stata dataset
. use $tempdir\analysis_dataset, clear

. 
. /* PROGRAMS TO AUTOMATE TABULATIONS===========================================*/ 
. 
. ********************************************************************************
. * All below code from K Baskharan 
. * Generic code to output one row of table
. 
. cap prog drop generaterow

. program define generaterow
  1. syntax, variable(varname) condition(string) 
  2.         
.         cou
  3.         local overalldenom=r(N)
  4.         
.         qui sum `variable' if `variable' `condition'
  5.         file write tablecontent (r(max)) _tab
  6.         
.         cou if `variable' `condition'
  7.         local rowdenom = r(N)
  8.         local colpct = 100*(r(N)/`overalldenom')
  9.         file write tablecontent %9.0gc (`rowdenom')  (" (") %3.1f (`colpct') (")") _tab
 10. 
.         cou if exposure == 0 
 11.         local rowdenom = r(N)
 12.         cou if exposure == 0 & `variable' `condition'
 13.         local pct = 100*(r(N)/`rowdenom') 
 14.         file write tablecontent %9.0gc (r(N)) (" (") %3.1f (`pct') (")") _tab
 15. 
.         cou if exposure == 1 
 16.         local rowdenom = r(N)
 17.         cou if exposure == 1 & `variable' `condition'
 18.         local pct = 100*(r(N)/`rowdenom')
 19.         file write tablecontent %9.0gc (r(N)) (" (") %3.1f  (`pct') (")") _tab
 20. 
.         cou if exposure >= .
 21.         local rowdenom = r(N)
 22.         cou if exposure >= . & `variable' `condition'
 23.         local pct = 100*(r(N)/`rowdenom')
 24.         file write tablecontent %9.0gc (r(N)) (" (") %3.1f (`pct') (")") _n
 25.         
. end

. 
. /* Explanatory Notes 
> 
> defines a program (SAS macro/R function equivalent), generate row
> the syntax row specifies two inputs for the program: 
> 
>         a VARNAME which is your variable 
>         a CONDITION which is a string of some condition you impose 
>         
> the program counts if variable and condition and returns the counts
> column percentages are then automatically generated
> this is then written to the text file 'tablecontent' 
> the number followed by space, brackets, formatted pct, end bracket and then tab
> 
> the format %3.1f specifies length of 3, followed by 1 dp. 
> 
> */ 
. 
. ********************************************************************************
. * Generic code to output one section (varible) within table (calls above)
. 
. cap prog drop tabulatevariable

. prog define tabulatevariable
  1. syntax, variable(varname) min(real) max(real) [missing]
  2. 
.         local lab: variable label `variable'
  3.         file write tablecontent ("`lab'") _n 
  4. 
.         forvalues varlevel = `min'/`max'{ 
  5.                 generaterow, variable(`variable') condition("==`varlevel'")
  6.         }
  7.         
.         if "`missing'"!="" generaterow, variable(`variable') condition(">=.")
  8. 
. end

. 
. ********************************************************************************
. 
. /* Explanatory Notes 
> 
> defines program tabulate variable 
> syntax is : 
> 
>         - a VARNAME which you stick in variable 
>         - a numeric minimum 
>         - a numeric maximum 
>         - optional missing option, default value is . 
> 
> forvalues lowest to highest of the variable, manually set for each var
> run the generate row program for the level of the variable 
> if there is a missing specified, then run the generate row for missing vals
> 
> */ 
. 
. ********************************************************************************
. * Generic code to summarize a continous variable 
. 
. cap prog drop summarizevariable 

. prog define summarizevariable
  1. syntax, variable(varname) 
  2. 
.         local lab: variable label `variable'
  3.         file write tablecontent ("`lab'") _n 
  4.         
.         qui summarize `variable', d
  5.         file write tablecontent ("Median (IQR)") _tab 
  6.         file write tablecontent (round(r(p50)),0.01) (" (") (round(r(p25)),0.01) ("-") (round(r(p75)),0.01) (")") _tab
  7.                                                         
.         qui summarize `variable' if exposure == 0, d
  8.         file write tablecontent (round(r(p50)),0.01) (" (") (round(r(p25)),0.01) ("-") (round(r(p75)),0.01) (")") _tab
  9. 
.         qui summarize `variable' if exposure == 1, d
 10.         file write tablecontent (round(r(p50)),0.01) (" (") (round(r(p25)),0.01) ("-") (round(r(p75)),0.01) (")") _tab
 11. 
.         qui summarize `variable' if exposure >= ., d
 12.         file write tablecontent (round(r(p50)),0.01) (" (") (round(r(p25)),0.01) ("-") (round(r(p75)),0.01) (")") _n
 13.         
.         qui summarize `variable', d
 14.         file write tablecontent ("Mean (SD)") _tab 
 15.         file write tablecontent (round(r(mean)),0.01) (" (") (round(r(sd)),0.01) (")") _tab
 16.                                                         
.         qui summarize `variable' if exposure == 0, d
 17.         file write tablecontent (round(r(mean)),0.01) (" (") (round(r(sd)),0.01) (")") _tab
 18. 
.         qui summarize `variable' if exposure == 1, d
 19.         file write tablecontent (round(r(mean)),0.01) (" (") (round(r(sd)),0.01) (")") _tab
 20. 
.         qui summarize `variable' if exposure >= ., d
 21.         file write tablecontent (round(r(mean)),0.01) (" (") (round(r(sd)),0.01) (")") _n
 22.         
.         qui summarize `variable', d
 23.         file write tablecontent ("Min, Max") _tab 
 24.         file write tablecontent (round(r(min)),0.01) (", ") (round(r(max)),0.01) ("") _tab
 25.                                                         
.         qui summarize `variable' if exposure == 0, d
 26.         file write tablecontent (round(r(min)),0.01) (", ") (round(r(max)),0.01) ("") _tab
 27. 
.         qui summarize `variable' if exposure == 1, d
 28.         file write tablecontent (round(r(min)),0.01) (", ") (round(r(max)),0.01) ("") _tab
 29. 
.         qui summarize `variable' if exposure >= ., d
 30.         file write tablecontent (round(r(min)),0.01) (", ") (round(r(max)),0.01) ("") _n
 31.         
. end 

. 
. /* INVOKE PROGRAMS FOR TABLE 1================================================*/ 
. 
. *Set up output file
. cap file close tablecontent

. file open tablecontent using ./$outdir/table1.txt, write text replace

. 
. file write tablecontent ("Table 1: Demographic and Clinical Characteristics - $population") _n

. 
. * Exposure labelled columns
. 
. local lab0: label exposure 0

. local lab1: label exposure 1

. local labu: label exposure .u

. 
. file write tablecontent _tab ("Total")                                                    _tab ///
>                                                          ("`lab0'")                                                   _tab ///
>                                                          ("`lab1'")                                               _tab ///
>                                                          ("`labu'")                                                       _n 

. 
. * DEMOGRAPHICS (more than one level, potentially missing) 
. 
. gen byte cons=1

. tabulatevariable, variable(cons) min(1) max(1) 
  292,097
  292,097
  43,308
  43,308
  105,249
  105,249
  143,540
  143,540

. file write tablecontent _n 

. 
. tabulatevariable, variable(agegroup) min(1) max(6) 
  292,097
  1,235
  43,308
  85
  105,249
  184
  143,540
  966
  292,097
  10,046
  43,308
  1,060
  105,249
  2,291
  143,540
  6,695
  292,097
  40,956
  43,308
  5,749
  105,249
  12,245
  143,540
  22,962
  292,097
  80,874
  43,308
  12,607
  105,249
  29,530
  143,540
  38,737
  292,097
  104,405
  43,308
  16,106
  105,249
  40,380
  143,540
  47,919
  292,097
  54,581
  43,308
  7,701
  105,249
  20,619
  143,540
  26,261

. file write tablecontent _n 

. 
. tabulatevariable, variable(male) min(0) max(1) 
  292,097
  133,885
  43,308
  19,717
  105,249
  48,731
  143,540
  65,437
  292,097
  158,212
  43,308
  23,591
  105,249
  56,518
  143,540
  78,103

. file write tablecontent _n 

. 
. tabulatevariable, variable(bmicat) min(1) max(6) missing
  292,097
  11,366
  43,308
  1,683
  105,249
  4,740
  143,540
  4,943
  292,097
  89,275
  43,308
  12,949
  105,249
  31,865
  143,540
  44,461
  292,097
  95,543
  43,308
  14,019
  105,249
  33,514
  143,540
  48,010
  292,097
  55,582
  43,308
  8,593
  105,249
  20,281
  143,540
  26,708
  292,097
  22,082
  43,308
  3,572
  105,249
  8,386
  143,540
  10,124
  292,097
  10,018
  43,308
  1,581
  105,249
  3,948
  143,540
  4,489
  292,097
  8,231
  43,308
  911
  105,249
  2,515
  143,540
  4,805

. file write tablecontent _n 

. 
. tabulatevariable, variable(smoke) min(1) max(3) missing 
  292,097
  0
  43,308
  0
  105,249
  0
  143,540
  0
  292,097
  184,571
  43,308
  26,040
  105,249
  69,740
  143,540
  88,791
  292,097
  107,526
  43,308
  17,268
  105,249
  35,509
  143,540
  54,749
  292,097
  0
  43,308
  0
  105,249
  0
  143,540
  0

. file write tablecontent _n 

. 
. tabulatevariable, variable(ethnicity) min(1) max(5) missing 
  292,097
  219,008
  43,308
  32,498
  105,249
  79,735
  143,540
  106,775
  292,097
  676
  43,308
  92
  105,249
  182
  143,540
  402
  292,097
  3,369
  43,308
  260
  105,249
  836
  143,540
  2,273
  292,097
  1,210
  43,308
  103
  105,249
  301
  143,540
  806
  292,097
  1,061
  43,308
  112
  105,249
  289
  143,540
  660
  292,097
  66,773
  43,308
  10,243
  105,249
  23,906
  143,540
  32,624

. file write tablecontent _n 

. 
. tabulatevariable, variable(imd) min(1) max(5) missing
  292,097
  58,944
  43,308
  8,066
  105,249
  19,896
  143,540
  30,982
  292,097
  58,848
  43,308
  8,426
  105,249
  20,629
  143,540
  29,793
  292,097
  59,247
  43,308
  8,757
  105,249
  21,244
  143,540
  29,246
  292,097
  57,682
  43,308
  8,425
  105,249
  21,641
  143,540
  27,616
  292,097
  57,376
  43,308
  9,634
  105,249
  21,839
  143,540
  25,903
  292,097
  0
  43,308
  0
  105,249
  0
  143,540
  0

. file write tablecontent _n 

. 
. tabulatevariable, variable(diabcat) min(1) max(4) missing
  292,097
  221,389
  43,308
  32,913
  105,249
  79,549
  143,540
  108,927
  292,097
  51,349
  43,308
  7,586
  105,249
  19,030
  143,540
  24,733
  292,097
  18,577
  43,308
  2,712
  105,249
  6,366
  143,540
  9,499
  292,097
  782
  43,308
  97
  105,249
  304
  143,540
  381
  292,097
  0
  43,308
  0
  105,249
  0
  143,540
  0

. file write tablecontent _n 

. 
. file write tablecontent _n _n

. 
. ** COPD TREATMENT VARIABLES (binary)
. foreach treat of varlist        saba_single             ///
>                                                         high_dose_ics           ///
>                                                         low_med_dose_ics        ///
>                                                         ics_single              ///
>                                                         sama_single             ///
>                                                         laba_single                     ///
>                                                         lama_single                     ///
>                                                         laba_ics                        ///
>                                                         laba_lama                       ///
>                                                         laba_lama_ics           ///
>                             ltra_single                 ///     
>                                                 {               
  2. 
. local lab: variable label `treat'
  3. file write tablecontent ("`lab'") _n 
  4.         
. generaterow, variable(`treat') condition("==0")
  5. generaterow, variable(`treat') condition("==1")
  6. 
. file write tablecontent _n
  7. 
. }
  292,097
  125,214
  43,308
  12,363
  105,249
  21,566
  143,540
  91,285
  292,097
  166,883
  43,308
  30,945
  105,249
  83,683
  143,540
  52,255
  292,097
  266,397
  43,308
  43,308
  105,249
  79,782
  143,540
  143,307
  292,097
  25,700
  43,308
  0
  105,249
  25,467
  143,540
  233
  292,097
  204,825
  43,308
  43,308
  105,249
  22,743
  143,540
  138,774
  292,097
  87,272
  43,308
  0
  105,249
  82,506
  143,540
  4,766
  292,097
  284,779
  43,308
  43,308
  105,249
  102,924
  143,540
  138,547
  292,097
  7,318
  43,308
  0
  105,249
  2,325
  143,540
  4,993
  292,097
  288,777
  43,308
  43,151
  105,249
  103,761
  143,540
  141,865
  292,097
  3,320
  43,308
  157
  105,249
  1,488
  143,540
  1,675
  292,097
  284,018
  43,308
  40,875
  105,249
  104,394
  143,540
  138,749
  292,097
  8,079
  43,308
  2,433
  105,249
  855
  143,540
  4,791
  292,097
  204,395
  43,308
  38,718
  105,249
  59,766
  143,540
  105,911
  292,097
  87,702
  43,308
  4,590
  105,249
  45,483
  143,540
  37,629
  292,097
  216,545
  43,308
  43,308
  105,249
  29,697
  143,540
  143,540
  292,097
  75,552
  43,308
  0
  105,249
  75,552
  143,540
  0
  292,097
  245,913
  43,308
  1,931
  105,249
  100,442
  143,540
  143,540
  292,097
  46,184
  43,308
  41,377
  105,249
  4,807
  143,540
  0
  292,097
  259,057
  43,308
  43,308
  105,249
  72,209
  143,540
  143,540
  292,097
  33,040
  43,308
  0
  105,249
  33,040
  143,540
  0
  292,097
  292,097
  43,308
  43,308
  105,249
  105,249
  143,540
  143,540
  292,097
  0
  43,308
  0
  105,249
  0
  143,540
  0

. 
. ** COMORBIDITIES (categorical and continous)
. 
. ** COMORBIDITIES (binary)
. foreach comorb in $varlist {
  2. 
.     local comorb: subinstr local comorb "i." ""
  3.     levelsof `comorb'
  4.     if r(r) == 2 {           
  5. 
.        local lab: variable label `comorb'
  6.        file write tablecontent ("`lab'") _n
  7.        generaterow, variable(`comorb') condition("==0")
  8.        generaterow, variable(`comorb') condition("==1")
  9.        file write tablecontent _n
 10.            
.         }
 11.                                 
. }
1 2 3 4
2 3
  292,097
  0
  43,308
  0
  105,249
  0
  143,540
  0
  292,097
  0
  43,308
  0
  105,249
  0
  143,540
  0
1 2 3 4 5
0 1
  292,097
  242,158
  43,308
  35,570
  105,249
  86,886
  143,540
  119,702
  292,097
  49,939
  43,308
  7,738
  105,249
  18,363
  143,540
  23,838
0 1
  292,097
  147,010
  43,308
  21,607
  105,249
  50,954
  143,540
  74,449
  292,097
  145,087
  43,308
  21,701
  105,249
  54,295
  143,540
  69,091
0 1
  292,097
  267,454
  43,308
  39,445
  105,249
  95,283
  143,540
  132,726
  292,097
  24,643
  43,308
  3,863
  105,249
  9,966
  143,540
  10,814
0 1
  292,097
  226,533
  43,308
  33,253
  105,249
  81,128
  143,540
  112,152
  292,097
  65,564
  43,308
  10,055
  105,249
  24,121
  143,540
  31,388
1 2 3 4
0 1
  292,097
  252,004
  43,308
  37,073
  105,249
  90,171
  143,540
  124,760
  292,097
  40,093
  43,308
  6,235
  105,249
  15,078
  143,540
  18,780
0 1
  292,097
  150,591
  43,308
  20,531
  105,249
  50,912
  143,540
  79,148
  292,097
  141,506
  43,308
  22,777
  105,249
  54,337
  143,540
  64,392
0 1
  292,097
  73,937
  43,308
  8,689
  105,249
  19,917
  143,540
  45,331
  292,097
  218,160
  43,308
  34,619
  105,249
  85,332
  143,540
  98,209
0 1
  292,097
  231,561
  43,308
  32,285
  105,249
  83,943
  143,540
  115,333
  292,097
  60,536
  43,308
  11,023
  105,249
  21,306
  143,540
  28,207
0 1
  292,097
  236,381
  43,308
  34,774
  105,249
  77,897
  143,540
  123,710
  292,097
  55,716
  43,308
  8,534
  105,249
  27,352
  143,540
  19,830
0 1
  292,097
  236,837
  43,308
  37,731
  105,249
  76,063
  143,540
  123,043
  292,097
  55,260
  43,308
  5,577
  105,249
  29,186
  143,540
  20,497
0 1
  292,097
  291,348
  43,308
  43,211
  105,249
  105,013
  143,540
  143,124
  292,097
  749
  43,308
  97
  105,249
  236
  143,540
  416

. 
. * COMORBIDITIES (continous)
. 
. summarizevariable, variable(gp_consult_count)

. summarizevariable, variable(exacerbation_count)

. summarizevariable, variable(age)

. 
. file close tablecontent

. 
. * Close log file 
. log close
      name:  <unnamed>
       log:  E:\analyses\opensafely-ics-research\analysis\copd_log\04_an_descriptive_table_copd.log
  log type:  text
 closed on:  27 Jul 2020, 13:40:47
----------------------------------------------------------------------------------------------------------------------------------------------------------------------------
