-------------------------------------------------------------------------------
      name:  <unnamed>
       log:  E:\analyses\opensafely-ics-research\analysis\asthma_log_psm\06b_an
> _ps_models_asthma.log
  log type:  text
 opened on:  19 Aug 2020, 18:05:46

. 
. * Open Stata dataset
. use $tempdir\analysis_dataset_STSET_IPW_$outcome, clear

. 
. /* Sense check outcomes======================================================
> =*/ 
. 
. tab exposure $outcome, missing row

+----------------+
| Key            |
|----------------|
|   frequency    |
| row percentage |
+----------------+

                      |   Failure/censoring
                      |     indicator for
                      |  outcome: ONS covid
     Asthma Treatment |         death
             Exposure |         0          1 |     Total
----------------------+----------------------+----------
            SABA only |   108,392         49 |   108,441 
                      |     99.95       0.05 |    100.00 
----------------------+----------------------+----------
ICS (Low/Medium Dose) |   608,597        375 |   608,972 
                      |     99.94       0.06 |    100.00 
----------------------+----------------------+----------
      ICS (High Dose) |   100,972        105 |   101,077 
                      |     99.90       0.10 |    100.00 
----------------------+----------------------+----------
                Other |   467,215        150 |   467,365 
                      |     99.97       0.03 |    100.00 
----------------------+----------------------+----------
                Total | 1,285,176        679 | 1,285,855 
                      |     99.95       0.05 |    100.00 

. 
. /* Main Model================================================================
> =*/
. 
. *Post to a stata dataset for appending with other results later
. capture postfile temp str30 outcome str30 population str30 level str30 title 
> estimate min95 max95 using "$tempdir/temp_asthma.dta",replace

. 
. /* Univariable model */ 
. 
. stcox i.exposure, vce(robust)

         failure _d:  onscoviddeath
   analysis time _t:  (stime_onscoviddeath-origin)
             origin:  time enter_date
  enter on or after:  time enter_date
                 id:  patient_id
             weight:  [pweight=ipw]

(sum of wgt is 2,454,529.2335883)
Iteration 0:   log pseudolikelihood = -24491.015
Iteration 1:   log pseudolikelihood = -24462.588
Iteration 2:   log pseudolikelihood = -24462.496
Iteration 3:   log pseudolikelihood = -24462.496
Refining estimates:
Iteration 0:   log pseudolikelihood = -24462.496

Cox regression -- Breslow method for ties

No. of subjects      =    2,454,529             Number of obs    =     818,490
No. of failures      =        1,665
Time at risk         =  161816240.9
                                                Wald chi2(2)     =        8.90
Log pseudolikelihood =   -24462.496             Prob > chi2      =      0.0117

                       (Std. Err. adjusted for 818,490 clusters in patient_id)
------------------------------------------------------------------------------
             |               Robust
          _t | Haz. Ratio   Std. Err.      z    P>|z|     [95% Conf. Interval]
-------------+----------------------------------------------------------------
    exposure |
ICS (Low..)  |   1.096231   .1796161     0.56   0.575     .7951219    1.511369
ICS (Hig..)  |   1.521938    .284764     2.24   0.025     1.054707     2.19615
------------------------------------------------------------------------------

. estimates save ./$tempdir/univar, replace 
file ./asthma_tempdata_psm/univar.ster saved

. 
. /* Print table===============================================================
> =*/ 
. *  Print the results for the main model 
. 
. cap file close tablecontent

. file open tablecontent using ./$outdir/table2.txt, write text replace

. 
. * Column headings 
. file write tablecontent ("Table 2 - PS: Association between current ICS use a
> nd $tableoutcome - $population Population") _n

. file write tablecontent _tab ("HR") _tab ("95% CI") _n                       
>    

. 
. * Row headings 
. local lab0: label exposure 0

. local lab1: label exposure 1

. local lab2: label exposure 2

.         
.         file write tablecontent ("`lab0'") _tab

.         file write tablecontent ("1.00 (ref)") _tab _n

.         file write tablecontent ("`lab1'") _tab  

. 
. /* Main Model */ 
. estimates use ./$tempdir/univar 

. lincom 1.exposure, eform

 ( 1)  1.exposure = 0

------------------------------------------------------------------------------
          _t |     exp(b)   Std. Err.      z    P>|z|     [95% Conf. Interval]
-------------+----------------------------------------------------------------
         (1) |   1.096231   .1796161     0.56   0.575     .7951219    1.511369
------------------------------------------------------------------------------

. file write tablecontent %4.2f (r(estimate)) _tab %4.2f (r(lb)) (" - ") %4.2f 
> (r(ub)) _n 

. post temp ("$tableoutcome") ("$population") ("PS - IPW") ("`lab1'") (round(r(
> estimate)),0.01) (round(r(lb)),0.01) (round(r(ub)),0.01)

. lincom 2.exposure, eform

 ( 1)  2.exposure = 0

------------------------------------------------------------------------------
          _t |     exp(b)   Std. Err.      z    P>|z|     [95% Conf. Interval]
-------------+----------------------------------------------------------------
         (1) |   1.521938    .284764     2.24   0.025     1.054707     2.19615
------------------------------------------------------------------------------

. post temp ("$tableoutcome") ("$population") ("PS - IPW") ("`lab2'") (round(r(
> estimate)),0.01) (round(r(lb)),0.01) (round(r(ub)),0.01)  

. 
. file write tablecontent ("`lab2'") _tab  

. estimates use ./$tempdir/univar 

. lincom 2.exposure, eform

 ( 1)  2.exposure = 0

------------------------------------------------------------------------------
          _t |     exp(b)   Std. Err.      z    P>|z|     [95% Conf. Interval]
-------------+----------------------------------------------------------------
         (1) |   1.521938    .284764     2.24   0.025     1.054707     2.19615
------------------------------------------------------------------------------

. file write tablecontent %4.2f (r(estimate)) _tab %4.2f (r(lb)) (" - ") %4.2f 
> (r(ub)) _tab           

. 
. file write tablecontent _n

. file close tablecontent

. postclose temp  

. 
. * Close log file 
. log close
      name:  <unnamed>
       log:  E:\analyses\opensafely-ics-research\analysis\asthma_log_psm\06b_an
> _ps_models_asthma.log
  log type:  text
 closed on:  19 Aug 2020, 18:06:31
-------------------------------------------------------------------------------
