---------------------------------------------------
      name:  <unnamed>
       log:  E:\analyses\opensafely-ics-research\an
> alysis\copd_log\05_an_descriptive_plots_copd.log
  log type:  text
 opened on:  19 Aug 2020, 08:41:53

. 
. * Open Stata dataset
. use $tempdir\analysis_dataset_STSET_$outcome, cle
> ar

. 
. /* Sense check outcomes==========================
> =============================*/ 
. tab exposure $outcome

                      | Failure/ce
                      |  nsoring
                      | indicator
                      |    for
                      |  outcome:
                      | ONS covid
       COPD Treatment |   death
             Exposure |         0 |     Total
----------------------+-----------+----------
LABA/LAMA Combination |    43,217 |    43,308 
      ICS Combination |   104,911 |   105,249 
----------------------+-----------+----------
                Total |   148,128 |   148,557 


                      | Failure/ce
                      |  nsoring
                      | indicator
                      |    for
                      |  outcome:
                      | ONS covid
       COPD Treatment |   death
             Exposure |         1 |     Total
----------------------+-----------+----------
LABA/LAMA Combination |        91 |    43,308 
      ICS Combination |       338 |   105,249 
----------------------+-----------+----------
                Total |       429 |   148,557 

. 
. /* Generate KM PLOT==============================
> =============================*/ 
. 
. count if exposure != .u
  148,557

. noi display "RUNNING THE KM PLOT FOR `r(N)' PEOPL
> E WITH NON-MISSING EXPOSURE"
RUNNING THE KM PLOT FOR 148557 PEOPLE WITH NON-MISS
> ING EXPOSURE

. 
. sts graph, by(exposure) failure                  
>                                                  
>               ///     
>                    title("Time to $tableoutcome, 
> $population population", justification(left) size
> (medsmall) )             ///
>                    xtitle("Days since 1 Mar 2020"
> , size(small))                                   
>       ///
>                    yscale(range(0, $ymax))       
>                                                  
>                               ///
>                    ylabel(0 0.001 "0.1" 0.002 "0.
> 2" 0.003 "0.3" 0.004 "0.4" 0.005 "0.5", angle(0) 
> labsize(small))       ///
>                    ytitle("Cumulative mortality (
> %)", size(small)) ///
>                    xscale(range(30, 84))         
>                                                  
>                               ///
>                    xlabel(0 (20) 100, labsize(sma
> ll))                                             
>               ///                             
>                    legend(size(vsmall) label(1 "L
> ABA/LAMA Combination") label (2 "ICS Combination"
> ) region(lwidth(none)) position(12))  ///
>                    graphregion(fcolor(white)) ///
>        
>                    risktable(,size(vsmall) order 
> (1 "LABA/LAMA Combination" 2 "ICS Combination") t
> itle(,size(vsmall))) ///
>                    saving(kmplot1, replace) 

         failure _d:  onscoviddeath
   analysis time _t:  (stime_onscoviddeath-origin)
             origin:  time enter_date
  enter on or after:  time enter_date
                 id:  patient_id
(file kmplot1.gph saved)
(file kmplot1.gph saved)

. 
. graph export "$outdir/kmplot1.svg", as(svg) repla
> ce
(file copd_output/kmplot1.svg written in SVG format
> )

. 
. * Close window 
. graph close

. 
. * Delete unneeded graphs
. erase kmplot1.gph

. 
. * Close log file 
. log close
      name:  <unnamed>
       log:  E:\analyses\opensafely-ics-research\an
> alysis\copd_log\05_an_descriptive_plots_copd.log
  log type:  text
 closed on:  19 Aug 2020, 08:41:59
---------------------------------------------------
