-----------------------------------------------------------------------------------------------------------------------------------------------------------------------------------------------------
      name:  <unnamed>
       log:  E:\analyses\opensafely-ics-research\analysis\copd_log_sens2\02_cr_create_copd_exposure.log
  log type:  text
 opened on:   9 Jun 2020, 11:40:58

. 
. /* TREATMENT EXPOSURE=========================================================*/        
. 
. /* LABA LAMA */ 
. 
. * At least one prescription in LABA-LAMA combination list 
. gen exptemp1 = 1 if laba_lama == 1 
(245,652 missing values generated)

. * OR at least one prescription of LABA AND at least one prescription of LAMA
. gen exptemp2 = 1 if laba_single == 1 & lama_single == 1 
(289,381 missing values generated)

. 
. gen exposure = 0 if             exptemp1 == 1 | ///
>                                                 exptemp2 == 1
(243,405 missing values generated)

.                                                 
. * AND no prescription for an ICS 
. recode exposure(0 = .u) if ics_single == 1 
(exposure: 1491 changes made)

. recode exposure(0 = .u) if laba_ics == 1 
(exposure: 1902 changes made)

. recode exposure(0 = .u) if laba_lama_ics == 1 
(exposure: 1729 changes made)

. 
. /* ICS */
.                                 
. * Any prescription for a LABA LAMA ICS combination 
. gen exptemp3 = 1 if laba_lama_ics == 1
(258,774 missing values generated)

. * OR Any prescription for a LABA ICS combination product 
. gen exptemp4 = 1 if laba_ics == 1 
(216,279 missing values generated)

. * OR Any prescription for single ICS + Single LABA
. gen exptemp5 = 1 if ics_single == 1 & laba_single == 1 
(291,352 missing values generated)

. * OR Any prescription for single ICS + LABA/LAMA
. gen exptemp6 = 1 if ics_single == 1 & laba_lama == 1
(290,474 missing values generated)

.                                         
. replace exposure = 1 if exptemp3 == 1 | /// 
>                                                 exptemp4 == 1 | /// 
>                                                 exptemp5 == 1 | ///
>                                                 exptemp6 == 1 
(105,210 real changes made)

.                                                 
. 
. replace exposure = .u if exposure >= .
(143,317 real changes made, 143,317 to missing)

.                                                 
. label define exposure 0 "LABA/LAMA Combination" 1 "ICS Combination" .u "Other"

. label values exposure exposure 

. 
. label var exposure "COPD Treatment Exposure"

. 
. * Drop temporary variables 
. drop exptemp*

. 
. /* SAVE DATA==================================================================*/        
. 
. sort patient_id

. save $tempdir\analysis_dataset, replace
file copd_tempdata_sens2\analysis_dataset.dta saved

. 
. * Save a version set on CPNS survival outcome
. stset stime_$outcome, fail($outcome) id(patient_id) enter(enter_date) origin(enter_date)        

                id:  patient_id
     failure event:  onsnoncoviddeath != 0 & onsnoncoviddeath < .
obs. time interval:  (stime_onsnoncoviddeath[_n-1], stime_onsnoncoviddeath]
 enter on or after:  time enter_date
 exit on or before:  failure
    t for analysis:  (time-origin)
            origin:  time enter_date

------------------------------------------------------------------------------
    291,805  total observations
          0  exclusions
------------------------------------------------------------------------------
    291,805  observations remaining, representing
    291,805  subjects
      2,286  failures in single-failure-per-subject data
   19166755  total analysis time at risk and under observation
                                                at risk from t =         0
                                     earliest observed entry t =         0
                                          last observed exit t =        66

. save $tempdir\analysis_dataset_STSET_$outcome, replace
file copd_tempdata_sens2\analysis_dataset_STSET_onsnoncoviddeath.dta saved

. 
end of do-file

. 
. /*  Checks  */
. 
. do "03_an_checks.do"

. /*==============================================================================
> DO FILE NAME:                   03_an_checks
> PROJECT:                                ICS in COVID-19 
> AUTHOR:                                 A Wong, A Schultze, C Rentsch
>                                                 Adapted from K Baskharan, E Williamson
> DATE:                                   10th of May 2020 
> DESCRIPTION OF FILE:    Run sanity checks on all variables
>                                                         - Check variables take expected ranges 
>                                                         - Cross-check logical relationships 
>                                                         - Explore expected relationships 
>                                                         - Check stsettings 
> DATASETS USED:                  $tempdir\analysis_dataset.dta
> DATASETS CREATED:               None
> OTHER OUTPUT:                   Log file: $logdir\03_an_checks
>                                                         
> ==============================================================================*/
. 
. * Open a log file
. 
. capture log close
