-----------------------------------------------------------------------------------------------------------------------------------------------------------------------------------------------------
      name:  <unnamed>
       log:  E:\analyses\opensafely-ics-research\analysis\copd_log_sens2\06_an_models_copd.log
  log type:  text
 opened on:   8 Jun 2020, 17:06:13

. 
. * Open Stata dataset
. use $tempdir\analysis_dataset_STSET_$outcome, clear

. 
. /* Sense check outcomes=======================================================*/ 
. 
. tab exposure $outcome, missing row

+----------------+
| Key            |
|----------------|
|   frequency    |
| row percentage |
+----------------+

                      |   Failure/censoring
                      |     indicator for
                      |     outcome: ONS
       COPD Treatment |    non-covid death
             Exposure |         0          1 |     Total
----------------------+----------------------+----------
LABA/LAMA Combination |    42,974        304 |    43,278 
                      |     99.30       0.70 |    100.00 
----------------------+----------------------+----------
      ICS Combination |   104,237        973 |   105,210 
                      |     99.08       0.92 |    100.00 
----------------------+----------------------+----------
                Other |   142,308      1,009 |   143,317 
                      |     99.30       0.70 |    100.00 
----------------------+----------------------+----------
                Total |   289,519      2,286 |   291,805 
                      |     99.22       0.78 |    100.00 

. 
. /* Main Model=================================================================*/
. 
. /* Univariable model */ 
. 
. stcox i.exposure 

         failure _d:  onsnoncoviddeath
   analysis time _t:  (stime_onsnoncoviddeath-origin)
             origin:  time enter_date
  enter on or after:  time enter_date
                 id:  patient_id

Iteration 0:   log likelihood = -15200.189
Iteration 1:   log likelihood = -15190.938
Iteration 2:   log likelihood = -15190.906
Iteration 3:   log likelihood = -15190.906
Refining estimates:
Iteration 0:   log likelihood = -15190.906

Cox regression -- Breslow method for ties

No. of subjects =      148,488                  Number of obs    =     148,488
No. of failures =        1,277
Time at risk    =      9747598
                                                LR chi2(1)       =       18.57
Log likelihood  =   -15190.906                  Prob > chi2      =      0.0000

----------------------------------------------------------------------------------
              _t | Haz. Ratio   Std. Err.      z    P>|z|     [95% Conf. Interval]
-----------------+----------------------------------------------------------------
        exposure |
ICS Combination  |    1.31868   .0866446     4.21   0.000      1.15934     1.49992
----------------------------------------------------------------------------------

. estimates save ./$tempdir/univar, replace 
file ./copd_tempdata_sens2/univar.ster saved

. 
. /* Multivariable models */ 
. 
. * Age and Gender 
. * Age fit as spline in first instance, categorical below 
. 
. stcox i.exposure i.male age1 age2 age3 

         failure _d:  onsnoncoviddeath
   analysis time _t:  (stime_onsnoncoviddeath-origin)
             origin:  time enter_date
  enter on or after:  time enter_date
                 id:  patient_id

Iteration 0:   log likelihood = -15200.189
Iteration 1:   log likelihood = -15049.903
Iteration 2:   log likelihood = -14858.724
Iteration 3:   log likelihood = -14852.103
Iteration 4:   log likelihood = -14852.079
Iteration 5:   log likelihood = -14852.079
Refining estimates:
Iteration 0:   log likelihood = -14852.079

Cox regression -- Breslow method for ties

No. of subjects =      148,488                  Number of obs    =     148,488
No. of failures =        1,277
Time at risk    =      9747598
                                                LR chi2(5)       =      696.22
Log likelihood  =   -14852.079                  Prob > chi2      =      0.0000

----------------------------------------------------------------------------------
              _t | Haz. Ratio   Std. Err.      z    P>|z|     [95% Conf. Interval]
-----------------+----------------------------------------------------------------
        exposure |
ICS Combination  |   1.253457   .0824045     3.44   0.001      1.10192    1.425834
          1.male |   1.338467   .0770722     5.06   0.000      1.19562     1.49838
            age1 |   1.055339   .0203552     2.79   0.005     1.016188    1.095998
            age2 |   1.004156    .036515     0.11   0.909     .9350785    1.078336
            age3 |   1.083655   .1605377     0.54   0.588     .8105695    1.448745
----------------------------------------------------------------------------------

. estimates save ./$tempdir/multivar1, replace 
file ./copd_tempdata_sens2/multivar1.ster saved

. 
. * Age, Gender and Comorbidities 
. stcox i.exposure i.male age1 age2 age3 $varlist, strata(stp)                            

         failure _d:  onsnoncoviddeath
   analysis time _t:  (stime_onsnoncoviddeath-origin)
             origin:  time enter_date
  enter on or after:  time enter_date
                 id:  patient_id

Iteration 0:   log likelihood = -11166.155
Iteration 1:   log likelihood = -10821.321
Iteration 2:   log likelihood = -10572.627
Iteration 3:   log likelihood = -10565.762
Iteration 4:   log likelihood = -10565.735
Iteration 5:   log likelihood = -10565.735
Refining estimates:
Iteration 0:   log likelihood = -10565.735

Stratified Cox regr. -- Breslow method for ties

No. of subjects =      148,488                  Number of obs    =     148,488
No. of failures =        1,277
Time at risk    =      9747598
                                                LR chi2(28)      =     1200.84
Log likelihood  =   -10565.735                  Prob > chi2      =      0.0000

---------------------------------------------------------------------------------------------
                         _t | Haz. Ratio   Std. Err.      z    P>|z|     [95% Conf. Interval]
----------------------------+----------------------------------------------------------------
                   exposure |
           ICS Combination  |   1.222349   .0827395     2.97   0.003     1.070479    1.395764
                     1.male |   1.332866   .0784835     4.88   0.000     1.187585    1.495918
                       age1 |   1.065964   .0208462     3.27   0.001      1.02588    1.107615
                       age2 |   .9813084   .0361328    -0.51   0.608     .9129844    1.054745
                       age3 |   1.141102   .1711358     0.88   0.379     .8504839    1.531026
                            |
                  obese4cat |
         Obese I (30-34.9)  |   .6046058   .0516449    -5.89   0.000     .5114031    .7147946
        Obese II (35-39.9)  |   .6211827   .0810926    -3.65   0.000     .4809487    .8023058
           Obese III (40+)  |   .7353561   .1366246    -1.65   0.098     .5109163     1.05839
                            |
               smoke_nomiss |
                   Current  |    1.31581   .0872944     4.14   0.000     1.155373    1.498525
                            |
                        imd |
                         2  |   1.094414   .0985355     1.00   0.316     .9173681    1.305628
                         3  |   1.092348   .1002336     0.96   0.336      .912546    1.307576
                         4  |    1.37202   .1248756     3.48   0.001     1.147856     1.63996
           5 most deprived  |   1.329631   .1278036     2.96   0.003     1.101321    1.605271
                            |
                        ckd |
                       CKD  |   1.161186   .0783051     2.22   0.027     1.017421    1.325266
             1.hypertension |   1.105262   .0682633     1.62   0.105     .9792495    1.247491
            1.heart_failure |   1.751375   .1295937     7.57   0.000     1.514936    2.024717
      1.other_heart_disease |   1.175983   .0773934     2.46   0.014      1.03367    1.337889
                            |
                    diabcat |
       Controlled diabetes  |   1.256587   .0886725     3.24   0.001     1.094275    1.442974
     Uncontrolled diabetes  |    1.32249   .1503728     2.46   0.014     1.058296    1.652638
Diabetes, no hba1c measure  |   2.392245   .8542332     2.44   0.015     1.188105    4.816775
                            |
              1.cancer_ever |   2.422782   .1457099    14.71   0.000     2.153385    2.725881
                   1.statin |   .8095672   .0502092    -3.41   0.001     .7169048    .9142064
              1.flu_vaccine |   .6540859   .0462455    -6.00   0.000     .5694461     .751306
     1.pneumococcal_vaccine |   .9159666   .0791429    -1.02   0.310     .7732727    1.084992
            1.exacerbations |   1.583436   .0939495     7.75   0.000     1.409601    1.778707
               1.gp_consult |   .6836185   .1372765    -1.89   0.058     .4611956     1.01331
              1.asthma_ever |   .9315894    .062101    -1.06   0.288     .8174897    1.061614
            1.immunodef_any |   1.583676   .6022758     1.21   0.227     .7515407    3.337186
---------------------------------------------------------------------------------------------
                                                             Stratified by stp

.                                                                                 
. estimates save ./$tempdir/multivar2, replace 
file ./copd_tempdata_sens2/multivar2.ster saved

. 
. /* MODEL CHANGES TO DO: 
> - Diabetes as severity, remove insulin 
> */ 
. 
. /* Print table================================================================*/ 
. *  Print the results for the main model 
. 
. cap file close tablecontent

. file open tablecontent using ./$outdir/table2.txt, write text replace

. 
. * Column headings 
. file write tablecontent ("Table 2: Association between current ICS use and $tableoutcome - $population Population") _n

. file write tablecontent _tab ("N") _tab ("Univariable") _tab _tab ("Age/Sex Adjusted") _tab _tab ///
>                                                 ("Age/Sex and Comorbidity Adjusted") _tab _tab _n

. file write tablecontent _tab _tab ("HR") _tab ("95% CI") _tab ("HR") _tab ///
>                                                 ("95% CI") _tab ("HR") _tab ("95% CI") _n

. file write tablecontent ("Main Analysis") _n                                    

. 
. * Row headings 
. local lab0: label exposure 0

. local lab1: label exposure 1

.  
. /* Counts */
.  
. * First row, exposure = 0 (reference)
. 
.         cou if exposure == 0 
  43,278

.         local rowdenom = r(N)

.         cou if exposure == 0 & $outcome == 1
  304

.         local pct = 100*(r(N)/`rowdenom') 

.         
.         file write tablecontent ("`lab0'") _tab

.         file write tablecontent (r(N)) (" (") %3.1f (`pct') (")") _tab

.         file write tablecontent ("1.00 (ref)") _tab _tab ("1.00 (ref)") _tab _tab ("1.00 (ref)") _n

.         
. * Second row, exposure = 1 (comparator)
. 
. file write tablecontent ("`lab1'") _tab  

. 
.         cou if exposure == 1 
  105,210

.         local rowdenom = r(N)

.         cou if exposure == 1 & $outcome == 1
  973

.         local pct = 100*(r(N)/`rowdenom') 

.         file write tablecontent (r(N)) (" (") %3.1f (`pct') (")") _tab

. 
. /* Main Model */ 
. estimates use ./$tempdir/univar 

. lincom 1.exposure, eform

 ( 1)  1.exposure = 0

------------------------------------------------------------------------------
          _t |     exp(b)   Std. Err.      z    P>|z|     [95% Conf. Interval]
-------------+----------------------------------------------------------------
         (1) |    1.31868   .0866446     4.21   0.000      1.15934     1.49992
------------------------------------------------------------------------------

. file write tablecontent %4.2f (r(estimate)) _tab %4.2f (r(lb)) (" - ") %4.2f (r(ub)) _tab 

. 
. estimates use ./$tempdir/multivar1 

. lincom 1.exposure, eform

 ( 1)  1.exposure = 0

------------------------------------------------------------------------------
          _t |     exp(b)   Std. Err.      z    P>|z|     [95% Conf. Interval]
-------------+----------------------------------------------------------------
         (1) |   1.253457   .0824045     3.44   0.001      1.10192    1.425834
------------------------------------------------------------------------------

. file write tablecontent %4.2f (r(estimate)) _tab %4.2f (r(lb)) (" - ") %4.2f (r(ub)) _tab 

. 
. estimates use ./$tempdir/multivar2 

. lincom 1.exposure, eform

 ( 1)  1.exposure = 0

------------------------------------------------------------------------------
          _t |     exp(b)   Std. Err.      z    P>|z|     [95% Conf. Interval]
-------------+----------------------------------------------------------------
         (1) |   1.222349   .0827395     2.97   0.003     1.070479    1.395764
------------------------------------------------------------------------------

. file write tablecontent %4.2f (r(estimate)) _tab %4.2f (r(lb)) (" - ") %4.2f (r(ub)) _n 

. 
. 
. file write tablecontent _n

. file close tablecontent

. 
. * Close log file 
. log close
      name:  <unnamed>
       log:  E:\analyses\opensafely-ics-research\analysis\copd_log_sens2\06_an_models_copd.log
  log type:  text
 closed on:   8 Jun 2020, 17:06:34
-----------------------------------------------------------------------------------------------------------------------------------------------------------------------------------------------------
