----------------------------------------------------------------------------------------------------------------------------------------------------------------------------
      name:  <unnamed>
       log:  E:\analyses\opensafely-ics-research\analysis\copd_log_sens2\08_an_model_checks_copd.log
  log type:  text
 opened on:  27 Jul 2020, 14:24:25

. 
. * Open Stata dataset
. use $tempdir\analysis_dataset_STSET_$outcome, clear

. 
. /* Quietly run models, perform test and store results in local macro==========*/
. 
. qui stcox i.exposure 

. estat phtest, detail

      Test of proportional-hazards assumption

      Time:  Time
      ----------------------------------------------------------------
                  |       rho            chi2       df       Prob>chi2
      ------------+---------------------------------------------------
      0b.exposure |            .            .        1             .
      1.exposure  |      0.00351         0.02        1         0.8977
      ------------+---------------------------------------------------
      global test |                      0.02        1         0.8977
      ----------------------------------------------------------------

. local univar_p = round(r(p),0.001)

. di `univar_p'
.898

.  
. estat phtest, plot(1.exposure) ///
>                           graphregion(fcolor(white)) ///
>                           ylabel(, nogrid labsize(small)) ///
>                           xlabel(, labsize(small)) ///
>                           xtitle("Time", size(small)) ///
>                           ytitle("Scaled Shoenfeld Residuals", size(small)) ///
>                           msize(small) ///
>                           mcolor(gs6) ///
>                           msymbol(circle_hollow) ///
>                           scheme(s1mono) ///
>                           title ("Schoenfeld residuals against time, univariable", position(11) size(medsmall)) 

. 
. graph export "$outdir/schoenplot1.svg", as(svg) replace
(file copd_output_sens2/schoenplot1.svg written in SVG format)

. 
. * Close window 
. graph close  

.                           
. stcox i.exposure i.male age1 age2 age3 

         failure _d:  onsnoncoviddeath
   analysis time _t:  (stime_onsnoncoviddeath-origin)
             origin:  time enter_date
  enter on or after:  time enter_date
                 id:  patient_id

Iteration 0:   log likelihood = -15938.443
Iteration 1:   log likelihood = -15778.677
Iteration 2:   log likelihood = -15588.934
Iteration 3:   log likelihood = -15582.348
Iteration 4:   log likelihood = -15582.324
Iteration 5:   log likelihood = -15582.324
Refining estimates:
Iteration 0:   log likelihood = -15582.324

Cox regression -- Breslow method for ties

No. of subjects =      148,557                  Number of obs    =     148,557
No. of failures =        1,339
Time at risk    =      9751453
                                                LR chi2(5)       =      712.24
Log likelihood  =   -15582.324                  Prob > chi2      =      0.0000

----------------------------------------------------------------------------------
              _t | Haz. Ratio   Std. Err.      z    P>|z|     [95% Conf. Interval]
-----------------+----------------------------------------------------------------
        exposure |
ICS Combination  |    1.25906   .0809005     3.59   0.000     1.110076     1.42804
          1.male |   1.360065   .0766183     5.46   0.000     1.217889    1.518838
            age1 |   1.055543   .0196622     2.90   0.004     1.017701    1.094792
            age2 |   1.000346   .0352208     0.01   0.992     .9336426    1.071815
            age3 |   1.102821   .1584842     0.68   0.496     .8321093    1.461603
----------------------------------------------------------------------------------

. estat phtest, detail

      Test of proportional-hazards assumption

      Time:  Time
      ----------------------------------------------------------------
                  |       rho            chi2       df       Prob>chi2
      ------------+---------------------------------------------------
      0b.exposure |            .            .        1             .
      1.exposure  |      0.00443         0.03        1         0.8710
      0b.male     |            .            .        1             .
      1.male      |      0.05039         3.41        1         0.0649
      age1        |     -0.02382         0.88        1         0.3486
      age2        |      0.04292         2.80        1         0.0943
      age3        |     -0.05372         4.34        1         0.0373
      ------------+---------------------------------------------------
      global test |                     11.67        5         0.0396
      ----------------------------------------------------------------

. local multivar1_p = round(r(phtest)[2,4],0.001)

.  
. estat phtest, plot(1.exposure) ///
>                           graphregion(fcolor(white)) ///
>                           ylabel(, nogrid labsize(small)) ///
>                           xlabel(, labsize(small)) ///
>                           xtitle("Time", size(small)) ///
>                           ytitle("Scaled Shoenfeld Residuals", size(small)) ///
>                           msize(small) ///
>                           mcolor(gs6) ///
>                           msymbol(circle_hollow) ///
>                           scheme(s1mono) ///
>                           title ("Schoenfeld residuals against time, age and sex adjusted", position(11) size(medsmall))                          

. 
. graph export "$outdir/schoenplot2.svg", as(svg) replace
(file copd_output_sens2/schoenplot2.svg written in SVG format)

. 
. * Close window 
. graph close

.                   
. stcox i.exposure i.male age1 age2 age3 $varlist, strata(stp)    

         failure _d:  onsnoncoviddeath
   analysis time _t:  (stime_onsnoncoviddeath-origin)
             origin:  time enter_date
  enter on or after:  time enter_date
                 id:  patient_id

Iteration 0:   log likelihood = -11703.009
Iteration 1:   log likelihood =  -11339.78
Iteration 2:   log likelihood = -11088.982
Iteration 3:   log likelihood = -11082.321
Iteration 4:   log likelihood = -11082.298
Iteration 5:   log likelihood = -11082.298
Refining estimates:
Iteration 0:   log likelihood = -11082.298

Stratified Cox regr. -- Breslow method for ties

No. of subjects =      148,557                  Number of obs    =     148,557
No. of failures =        1,339
Time at risk    =      9751453
                                                LR chi2(27)      =     1241.42
Log likelihood  =   -11082.298                  Prob > chi2      =      0.0000

---------------------------------------------------------------------------------------------
                         _t | Haz. Ratio   Std. Err.      z    P>|z|     [95% Conf. Interval]
----------------------------+----------------------------------------------------------------
                   exposure |
           ICS Combination  |   1.226147   .0811104     3.08   0.002     1.077048    1.395886
                     1.male |    1.35518   .0780548     5.28   0.000     1.210515    1.517134
                       age1 |   1.066248   .0201559     3.39   0.001     1.027466    1.106493
                       age2 |   .9773562   .0348788    -0.64   0.521     .9113309    1.048165
                       age3 |   1.162404   .1692601     1.03   0.301     .8737993     1.54633
                            |
                  obese4cat |
         Obese I (30-34.9)  |    .606409   .0504763    -6.01   0.000     .5151258     .713868
        Obese II (35-39.9)  |   .6089726   .0782403    -3.86   0.000     .4734085    .7833564
           Obese III (40+)  |   .7190192    .131428    -1.80   0.071     .5025176    1.028797
                            |
               smoke_nomiss |
                   Current  |   1.325816   .0857747     4.36   0.000     1.167923    1.505056
                            |
                        imd |
                         2  |   1.134181   .0997905     1.43   0.152     .9545301    1.347643
                         3  |   1.124518   .1009536     1.31   0.191     .9430828    1.340859
                         4  |   1.385405   .1238726     3.65   0.000     1.162703    1.650764
           5 most deprived  |   1.350236   .1274034     3.18   0.001     1.122259    1.624523
                            |
                        ckd |
                       CKD  |    1.15966   .0764814     2.25   0.025     1.019043     1.31968
             1.hypertension |   1.114808   .0672479     1.80   0.072     .9904979    1.254719
            1.heart_failure |   1.790139   .1291139     8.07   0.000     1.554153    2.061958
      1.other_heart_disease |   1.164673   .0750372     2.37   0.018      1.02651    1.321433
                            |
                    diabcat |
       Controlled diabetes  |   1.252942   .0864591     3.27   0.001     1.094445    1.434393
     Uncontrolled diabetes  |   1.315619   .1463959     2.47   0.014     1.057822    1.636243
Diabetes, no hba1c measure  |   2.307806   .8237464     2.34   0.019     1.146495    4.645436
                            |
              1.cancer_ever |   2.415554   .1419606    15.01   0.000     2.152743     2.71045
                   1.statin |   .7947061   .0480982    -3.80   0.000     .7058121    .8947959
              1.flu_vaccine |   .6538872   .0449436    -6.18   0.000      .571475     .748184
     1.pneumococcal_vaccine |   .9143339   .0768334    -1.07   0.287     .7754905    1.078036
            1.exacerbations |   1.558246   .0903271     7.65   0.000     1.390895    1.745733
              1.asthma_ever |   .9437006   .0613126    -0.89   0.372     .8308666    1.071858
            1.immunodef_any |   2.680036   1.018173     2.59   0.009       1.2728    5.643141
---------------------------------------------------------------------------------------------
                                                             Stratified by stp

. estat phtest, detail

      Test of proportional-hazards assumption

      Time:  Time
      ----------------------------------------------------------------
                  |       rho            chi2       df       Prob>chi2
      ------------+---------------------------------------------------
      0b.exposure |            .            .        1             .
      1.exposure  |      0.00787         0.08        1         0.7740
      0b.male     |            .            .        1             .
      1.male      |      0.05171         3.64        1         0.0565
      age1        |     -0.02322         0.86        1         0.3550
      age2        |      0.04491         3.14        1         0.0766
      age3        |     -0.05546         4.71        1         0.0299
      1b.obese4cat|            .            .        1             .
      2.obese4cat |      0.04286         2.46        1         0.1167
      3.obese4cat |     -0.02727         1.01        1         0.3160
      4.obese4cat |      0.04741         3.01        1         0.0826
      2b.smoke_n~s|            .            .        1             .
      3.smoke_no~s|      0.02189         0.67        1         0.4119
      1b.imd      |            .            .        1             .
      2.imd       |      0.01703         0.39        1         0.5331
      3.imd       |      0.00905         0.11        1         0.7399
      4.imd       |     -0.01077         0.16        1         0.6931
      5.imd       |     -0.00767         0.08        1         0.7793
      0b.ckd      |            .            .        1             .
      1.ckd       |      0.03057         1.28        1         0.2580
      0b.hyperte~n|            .            .        1             .
      1.hyperten~n|     -0.06059         5.05        1         0.0246
      0b.heart_~re|            .            .        1             .
      1.heart_f~re|      0.00775         0.08        1         0.7755
      0b.other_~se|            .            .        1             .
      1.other_h~se|     -0.02199         0.66        1         0.4180
      1b.diabcat  |            .            .        1             .
      2.diabcat   |      0.03174         1.33        1         0.2487
      3.diabcat   |     -0.00820         0.09        1         0.7625
      4.diabcat   |      0.00115         0.00        1         0.9666
      0b.cancer_~r|            .            .        1             .
      1.cancer_e~r|     -0.02182         0.67        1         0.4140
      0b.statin   |            .            .        1             .
      1.statin    |      0.04270         2.46        1         0.1168
      0b.flu_vac~e|            .            .        1             .
      1.flu_vacc~e|      0.00054         0.00        1         0.9841
      0b.pneumoc~e|            .            .        1             .
      1.pneumoco~e|      0.03067         1.28        1         0.2571
      0b.exacerb~s|            .            .        1             .
      1.exacerba~s|     -0.04191         2.36        1         0.1241
      0b.asthma_~r|            .            .        1             .
      1.asthma_e~r|      0.04289         2.47        1         0.1164
      0b.immunod~y|            .            .        1             .
      1.immunode~y|      0.00214         0.01        1         0.9375
      ------------+---------------------------------------------------
      global test |                     37.52       27         0.0857
      ----------------------------------------------------------------

. local multivar2_p = round(r(phtest)[2,4],0.001)

.  
. estat phtest, plot(1.exposure) ///
>                           graphregion(fcolor(white)) ///
>                           ylabel(, nogrid labsize(small)) ///
>                           xlabel(, labsize(small)) ///
>                           xtitle("Time", size(small)) ///
>                           ytitle("Scaled Shoenfeld Residuals", size(small)) ///
>                           msize(small) ///
>                           mcolor(gs6) ///
>                           msymbol(circle_hollow) ///
>                           scheme(s1mono) ///
>                           title ("Schoenfeld residuals against time, fully adjusted", position(11) size(medsmall))                

.                           
. graph export "$outdir/schoenplot3.svg", as(svg) replace
(file copd_output_sens2/schoenplot3.svg written in SVG format)

. 
. * Close window 
. graph close

. 
. * Print table of results======================================================*/        
. 
. 
. cap file close tablecontent

. file open tablecontent using ./$outdir/table4.txt, write text replace

. 
. * Column headings 
. file write tablecontent ("Table 4: Testing the PH assumption for $tableoutcome- $population Population") _n

. file write tablecontent _tab ("Univariable") _tab ("Age/Sex Adjusted") _tab ///
>                                                 ("Age/Sex and Comorbidity Adjusted") _tab _n

.                                                 
. file write tablecontent _tab ("p-value") _tab ("p-value") _tab ("p-value") _tab _n

. 
. * Row heading and content  
. file write tablecontent ("Treatment Exposure") _tab

. file write tablecontent ("`univar_p'") _tab ("`multivar1_p'") _tab ("`multivar2_p'")

. 
. file write tablecontent _n

. file close tablecontent

. 
. * Close log file 
. log close
      name:  <unnamed>
       log:  E:\analyses\opensafely-ics-research\analysis\copd_log_sens2\08_an_model_checks_copd.log
  log type:  text
 closed on:  27 Jul 2020, 14:25:51
----------------------------------------------------------------------------------------------------------------------------------------------------------------------------
