--------------------------------------------------------------------------------------------------------
      name:  <unnamed>
       log:  E:\analyses\opensafely-ics-research\analysis\asthma_log\01_cr_create_asthma_population.log
  log type:  text
 opened on:  20 May 2020, 11:22:23

. 
. /* APPLY INCLUSION/EXCLUIONS==================================================*/ 
. 
. noi di "DROP MISSING GENDER:"
DROP MISSING GENDER:

. drop if inlist(sex,"I", "U")
(32 observations deleted)

. 
. noi di "DROP AGE <35:"
DROP AGE <35:

. drop if age < 18 
(0 observations deleted)

. 
. noi di "DROP AGE >110:"
DROP AGE >110:

. drop if age > 110 & age != .
(0 observations deleted)

. 
. noi di "DROP AGE MISSING:"
DROP AGE MISSING:

. drop if age == . 
(0 observations deleted)

. 
. noi di "DROP IMD MISSING"
DROP IMD MISSING

. drop if imd == .u
(12,604 observations deleted)

. 
. noi di "DROP IF DEAD BEFORE INDEX"
DROP IF DEAD BEFORE INDEX

. drop if stime_cpnsdeath < d("$indexdate")
(0 observations deleted)

. 
. /* CHECK INCLUSION AND EXCLUSION CRITERIA=====================================*/ 
. 
. * DATA STRUCTURE: Confirm one row per patient 
. duplicates tag patient_id, generate(dup_check)

Duplicates in terms of patient_id

. assert dup_check == 0 

. drop dup_check

. 
. * INCLUSION 1: Asthma in 3 years before 1 March 2020 
. * [PLACEHOLDER - Asthma variable]
. 
. * INCLUSION 2: >=18 and <=110 at 1 March 2020 
. assert age < .

. assert age >= 18 

. assert age <= 110

.  
. * INCLUSION 3: M or F gender at 1 March 2020 
. assert inlist(sex, "M", "F")

. 
. * EXCLUSION 1: 12 months or baseline time 
. * [PLACEHOLDER - CANNOT QUANTIFY BASELINE TIME WITH CURRENT DEFINITIONS]
. 
. * EXCLUSION 2: No diagnosis of conflicting respiratory conditions 
. * [PACEHOLDER - COPD in 3 years]
. * [PLACEHOLDER - OTHER RESPIRATORY in 3 years]
. 
. * EXCLUSION 4: Nebulising treament 
. * [PLACEHOLDER - NEBULES]
. 
. * EXCLUDE 5:  MISSING IMD
. assert inlist(imd, 1, 2, 3, 4, 5)

. 
. * Close log file 
. log close
      name:  <unnamed>
       log:  E:\analyses\opensafely-ics-research\analysis\asthma_log\01_cr_create_asthma_population.log
  log type:  text
 closed on:  20 May 2020, 11:22:32
--------------------------------------------------------------------------------------------------------
