-----------------------------------------------------------------------------------------------------------------------------------------------------------------------------------------------------
      name:  <unnamed>
       log:  E:\analyses\opensafely-ics-research\analysis\asthma_log\06_an_models_asthma.log
  log type:  text
 opened on:   8 Jun 2020, 16:29:56

. 
. * Open Stata dataset
. use $tempdir\analysis_dataset_STSET_$outcome, clear

. 
. /* Sense check outcomes=======================================================*/ 
. 
. tab exposure $outcome, missing row

+----------------+
| Key            |
|----------------|
|   frequency    |
| row percentage |
+----------------+

                      |   Failure/censoring
                      |     indicator for
                      |  outcome: ONS covid
     Asthma Treatment |         death
             Exposure |         0          1 |     Total
----------------------+----------------------+----------
            SABA only |   108,331         49 |   108,380 
                      |     99.95       0.05 |    100.00 
----------------------+----------------------+----------
ICS (Low/Medium Dose) |   608,221        362 |   608,583 
                      |     99.94       0.06 |    100.00 
----------------------+----------------------+----------
      ICS (High Dose) |   100,906        104 |   101,010 
                      |     99.90       0.10 |    100.00 
----------------------+----------------------+----------
                Other |   466,914        148 |   467,062 
                      |     99.97       0.03 |    100.00 
----------------------+----------------------+----------
                Total | 1,284,372        663 | 1,285,035 
                      |     99.95       0.05 |    100.00 

. 
. /* Main Model=================================================================*/
. 
. /* Univariable model */ 
. 
. stcox i.exposure 

         failure _d:  onscoviddeath
   analysis time _t:  (stime_onscoviddeath-origin)
             origin:  time enter_date
  enter on or after:  time enter_date
                 id:  patient_id

Iteration 0:   log likelihood = -7010.8318
Iteration 1:   log likelihood = -6997.2975
Iteration 2:   log likelihood = -6996.4557
Iteration 3:   log likelihood = -6996.4546
Refining estimates:
Iteration 0:   log likelihood = -6996.4546

Cox regression -- Breslow method for ties

No. of subjects =      817,973                  Number of obs    =     817,973
No. of failures =          515
Time at risk    =     53932182
                                                LR chi2(2)       =       28.75
Log likelihood  =   -6996.4546                  Prob > chi2      =      0.0000

----------------------------------------------------------------------------------------
                    _t | Haz. Ratio   Std. Err.      z    P>|z|     [95% Conf. Interval]
-----------------------+----------------------------------------------------------------
              exposure |
ICS (Low/Medium Dose)  |   1.315723   .2002779     1.80   0.071     .9763275    1.773101
      ICS (High Dose)  |   2.278758   .3948474     4.75   0.000     1.622587    3.200284
----------------------------------------------------------------------------------------

. estimates save ./$tempdir/univar, replace 
file ./asthma_tempdata/univar.ster saved

. 
. /* Multivariable models */ 
. 
. * Age and Gender 
. * Age fit as spline in first instance, categorical below 
. 
. stcox i.exposure i.male age1 age2 age3 

         failure _d:  onscoviddeath
   analysis time _t:  (stime_onscoviddeath-origin)
             origin:  time enter_date
  enter on or after:  time enter_date
                 id:  patient_id

Iteration 0:   log likelihood = -7010.8318
Iteration 1:   log likelihood = -6539.3729
Iteration 2:   log likelihood =  -6473.739
Iteration 3:   log likelihood = -6469.5292
Iteration 4:   log likelihood = -6468.4983
Iteration 5:   log likelihood = -6468.3571
Iteration 6:   log likelihood = -6468.3533
Iteration 7:   log likelihood = -6468.3533
Refining estimates:
Iteration 0:   log likelihood = -6468.3533

Cox regression -- Breslow method for ties

No. of subjects =      817,973                  Number of obs    =     817,973
No. of failures =          515
Time at risk    =     53932182
                                                LR chi2(6)       =     1084.96
Log likelihood  =   -6468.3533                  Prob > chi2      =      0.0000

----------------------------------------------------------------------------------------
                    _t | Haz. Ratio   Std. Err.      z    P>|z|     [95% Conf. Interval]
-----------------------+----------------------------------------------------------------
              exposure |
ICS (Low/Medium Dose)  |   .9829626   .1497904    -0.11   0.910      .729164      1.3251
      ICS (High Dose)  |    1.59459   .2765625     2.69   0.007     1.135059    2.240164
                       |
                1.male |   1.524406   .1360007     4.73   0.000     1.279853    1.815687
                  age1 |   1.207842   .0992493     2.30   0.022     1.028173    1.418907
                  age2 |   .7916128   .1285694    -1.44   0.150     .5757916    1.088329
                  age3 |   1.947381   .8154454     1.59   0.111     .8570758    4.424688
----------------------------------------------------------------------------------------

. estimates save ./$tempdir/multivar1, replace 
file ./asthma_tempdata/multivar1.ster saved

. 
. * Age, Gender and Comorbidities 
. stcox i.exposure i.male age1 age2 age3 $varlist, strata(stp)                            

         failure _d:  onscoviddeath
   analysis time _t:  (stime_onscoviddeath-origin)
             origin:  time enter_date
  enter on or after:  time enter_date
                 id:  patient_id

Iteration 0:   log likelihood = -5339.7846
Iteration 1:   log likelihood = -4862.4601
Iteration 2:   log likelihood = -4695.1862
Iteration 3:   log likelihood = -4690.5334
Iteration 4:   log likelihood = -4690.2373
Iteration 5:   log likelihood =  -4690.223
Iteration 6:   log likelihood = -4690.2229
Refining estimates:
Iteration 0:   log likelihood = -4690.2229

Stratified Cox regr. -- Breslow method for ties

No. of subjects =      817,973                  Number of obs    =     817,973
No. of failures =          515
Time at risk    =     53932182
                                                LR chi2(29)      =     1299.12
Log likelihood  =   -4690.2229                  Prob > chi2      =      0.0000

---------------------------------------------------------------------------------------------
                         _t | Haz. Ratio   Std. Err.      z    P>|z|     [95% Conf. Interval]
----------------------------+----------------------------------------------------------------
                   exposure |
     ICS (Low/Medium Dose)  |   1.100582   .1684218     0.63   0.531     .8153864    1.485531
           ICS (High Dose)  |    1.51739   .2657121     2.38   0.017     1.076569    2.138711
                            |
                     1.male |   1.558709   .1445834     4.79   0.000     1.299597    1.869481
                       age1 |   1.199544   .0987117     2.21   0.027     1.020868    1.409491
                       age2 |    .787773   .1290601    -1.46   0.145     .5714123    1.086057
                       age3 |   1.957105   .8302377     1.58   0.113      .852157    4.494781
                            |
                  obese4cat |
         Obese I (30-34.9)  |   1.133986   .1258935     1.13   0.257     .9122385    1.409636
        Obese II (35-39.9)  |   1.106511   .1776267     0.63   0.528     .8078176    1.515646
           Obese III (40+)  |    1.78065   .3197273     3.21   0.001     1.252391     2.53173
                            |
               smoke_nomiss |
                    Former  |   1.110708   .1033408     1.13   0.259     .9255581    1.332895
                   Current  |    .627876   .1627825    -1.80   0.073     .3777393    1.043651
                            |
                        imd |
                         2  |   1.151139     .17766     0.91   0.362     .8506642    1.557748
                         3  |   1.355234   .2029106     2.03   0.042     1.010576    1.817436
                         4  |   1.611525   .2401073     3.20   0.001     1.203409    2.158047
           5 most deprived  |   1.812045   .2803599     3.84   0.000     1.338046    2.453958
                            |
                        ckd |
                       CKD  |   1.463516   .1558347     3.58   0.000     1.187851    1.803155
             1.hypertension |    1.37047   .1495581     2.89   0.004     1.106569    1.697307
            1.heart_failure |   1.457303   .1975378     2.78   0.005     1.117299    1.900774
      1.other_heart_disease |   1.170231   .1282675     1.43   0.152     .9440014    1.450677
                            |
                    diabcat |
       Controlled diabetes  |   1.706934   .1873417     4.87   0.000     1.376558    2.116601
     Uncontrolled diabetes  |   2.604465   .3575393     6.97   0.000      1.99006     3.40856
Diabetes, no hba1c measure  |   2.126839   1.241202     1.29   0.196     .6776131    6.675554
                            |
              1.cancer_ever |   1.428621    .161979     3.15   0.002     1.143949    1.784134
                   1.statin |   .8458982   .0843447    -1.68   0.093     .6957362     1.02847
              1.flu_vaccine |   .8212519   .0925079    -1.75   0.080     .6585592    1.024137
     1.pneumococcal_vaccine |   .8215452   .1356971    -1.19   0.234     .5943413    1.135604
            1.exacerbations |   1.302234   .1282205     2.68   0.007     1.073688    1.579429
               1.gp_consult |   1.011326   .3434827     0.03   0.974     .5197473     1.96784
            1.immunodef_any |   1.172288   .6821463     0.27   0.785     .3747366    3.667267
---------------------------------------------------------------------------------------------
                                                             Stratified by stp

.                                                                                 
. estimates save ./$tempdir/multivar2, replace 
file ./asthma_tempdata/multivar2.ster saved

. 
. /* MODEL CHANGES TO DO: 
> - Diabetes as severity, remove insulin 
> */ 
. 
. /* Print table================================================================*/ 
. *  Print the results for the main model 
. 
. cap file close tablecontent

. file open tablecontent using ./$outdir/table2.txt, write text replace

. 
. * Column headings 
. file write tablecontent ("Table 2: Association between current ICS use and $tableoutcome - $population Population") _n

. file write tablecontent _tab ("N") _tab ("Univariable") _tab _tab ("Age/Sex Adjusted") _tab _tab ///
>                                                 ("Age/Sex and Comorbidity Adjusted") _tab _tab _n

. file write tablecontent _tab _tab ("HR") _tab ("95% CI") _tab ("HR") _tab ///
>                                                 ("95% CI") _tab ("HR") _tab ("95% CI") _n

. file write tablecontent ("Main Analysis") _n                                    

. 
. * Row headings 
. local lab0: label exposure 0

. local lab1: label exposure 1

. local lab2: label exposure 2

.  
. /* Counts */
.  
. * First row, exposure = 0 (reference)
. 
.         cou if exposure == 0 
  108,380

.         local rowdenom = r(N)

.         cou if exposure == 0 & $outcome == 1
  49

.         local pct = 100*(r(N)/`rowdenom') 

.         
.         file write tablecontent ("`lab0'") _tab

.         file write tablecontent (r(N)) (" (") %3.1f (`pct') (")") _tab

.         file write tablecontent ("1.00 (ref)") _tab _tab ("1.00 (ref)") _tab _tab ("1.00 (ref)") _n

.         
. * Second row, exposure = 1 (comparator)
. 
. file write tablecontent ("`lab1'") _tab  

. 
.         cou if exposure == 1 
  608,583

.         local rowdenom = r(N)

.         cou if exposure == 1 & $outcome == 1
  362

.         local pct = 100*(r(N)/`rowdenom') 

.         file write tablecontent (r(N)) (" (") %3.1f (`pct') (")") _tab

. 
. /* Main Model */ 
. estimates use ./$tempdir/univar 

. lincom 1.exposure, eform

 ( 1)  1.exposure = 0

------------------------------------------------------------------------------
          _t |     exp(b)   Std. Err.      z    P>|z|     [95% Conf. Interval]
-------------+----------------------------------------------------------------
         (1) |   1.315723   .2002779     1.80   0.071     .9763275    1.773101
------------------------------------------------------------------------------

. file write tablecontent %4.2f (r(estimate)) _tab %4.2f (r(lb)) (" - ") %4.2f (r(ub)) _tab 

. 
. estimates use ./$tempdir/multivar1 

. lincom 1.exposure, eform

 ( 1)  1.exposure = 0

------------------------------------------------------------------------------
          _t |     exp(b)   Std. Err.      z    P>|z|     [95% Conf. Interval]
-------------+----------------------------------------------------------------
         (1) |   .9829626   .1497904    -0.11   0.910      .729164      1.3251
------------------------------------------------------------------------------

. file write tablecontent %4.2f (r(estimate)) _tab %4.2f (r(lb)) (" - ") %4.2f (r(ub)) _tab 

. 
. estimates use ./$tempdir/multivar2 

. lincom 1.exposure, eform

 ( 1)  1.exposure = 0

------------------------------------------------------------------------------
          _t |     exp(b)   Std. Err.      z    P>|z|     [95% Conf. Interval]
-------------+----------------------------------------------------------------
         (1) |   1.100582   .1684218     0.63   0.531     .8153864    1.485531
------------------------------------------------------------------------------

. file write tablecontent %4.2f (r(estimate)) _tab %4.2f (r(lb)) (" - ") %4.2f (r(ub)) _n 

. 
. * Third row, exposure = 2 (comparator)
. 
. file write tablecontent ("`lab2'") _tab  

. 
.         cou if exposure == 2
  101,010

.         local rowdenom = r(N)

.         cou if exposure == 2 & $outcome == 1
  104

.         local pct = 100*(r(N)/`rowdenom') 

.         file write tablecontent (r(N)) (" (") %3.1f (`pct') (")") _tab

. 
. /* Main Model */ 
. estimates use ./$tempdir/univar 

. lincom 2.exposure, eform

 ( 1)  2.exposure = 0

------------------------------------------------------------------------------
          _t |     exp(b)   Std. Err.      z    P>|z|     [95% Conf. Interval]
-------------+----------------------------------------------------------------
         (1) |   2.278758   .3948474     4.75   0.000     1.622587    3.200284
------------------------------------------------------------------------------

. file write tablecontent %4.2f (r(estimate)) _tab %4.2f (r(lb)) (" - ") %4.2f (r(ub)) _tab 

. 
. estimates use ./$tempdir/multivar1 

. lincom 2.exposure, eform

 ( 1)  2.exposure = 0

------------------------------------------------------------------------------
          _t |     exp(b)   Std. Err.      z    P>|z|     [95% Conf. Interval]
-------------+----------------------------------------------------------------
         (1) |    1.59459   .2765625     2.69   0.007     1.135059    2.240164
------------------------------------------------------------------------------

. file write tablecontent %4.2f (r(estimate)) _tab %4.2f (r(lb)) (" - ") %4.2f (r(ub)) _tab 

. 
. estimates use ./$tempdir/multivar2 

. lincom 2.exposure, eform

 ( 1)  2.exposure = 0

------------------------------------------------------------------------------
          _t |     exp(b)   Std. Err.      z    P>|z|     [95% Conf. Interval]
-------------+----------------------------------------------------------------
         (1) |    1.51739   .2657121     2.38   0.017     1.076569    2.138711
------------------------------------------------------------------------------

. file write tablecontent %4.2f (r(estimate)) _tab %4.2f (r(lb)) (" - ") %4.2f (r(ub)) _n 

. 
. file write tablecontent _n

. file close tablecontent

. 
. * Close log file 
. log close
      name:  <unnamed>
       log:  E:\analyses\opensafely-ics-research\analysis\asthma_log\06_an_models_asthma.log
  log type:  text
 closed on:   8 Jun 2020, 16:32:16
-----------------------------------------------------------------------------------------------------------------------------------------------------------------------------------------------------
