-----------------------------------------------------------------------------------------------------------------------------------------------------------------------------------------------------
      name:  <unnamed>
       log:  E:\analyses\opensafely-ics-research\analysis\asthma_log\08_an_model_checks_asthma.log
  log type:  text
 opened on:   9 Jun 2020, 11:14:09

. 
. * Open Stata dataset
. use $tempdir\analysis_dataset_STSET_$outcome, clear

. 
. * Exposure labels 
. local lab1: label exposure 1

. local lab2: label exposure 2

. 
. /* Quietly run models, perform test and store results in local macro==========*/
. 
. qui stcox i.exposure 

. estat phtest, detail

      Test of proportional-hazards assumption

      Time:  Time
      ----------------------------------------------------------------
                  |       rho            chi2       df       Prob>chi2
      ------------+---------------------------------------------------
      0b.exposure |            .            .        1             .
      1.exposure  |      0.01464         0.11        1         0.7398
      2.exposure  |      0.00324         0.01        1         0.9414
      ------------+---------------------------------------------------
      global test |                      0.19        2         0.9075
      ----------------------------------------------------------------

. local univar_p1 = round(r(phtest)[2,4],0.001)

. local univar_p2 = round(r(phtest)[3,4],0.001)

. 
. di `univar_p1'
.74

. di `univar_p2'
.941

.  
. estat phtest, plot(1.exposure) ///
>                           graphregion(fcolor(white)) ///
>                           ylabel(, nogrid labsize(small)) ///
>                           xlabel(, labsize(small)) ///
>                           xtitle("Time", size(small)) ///
>                           ytitle("Scaled Shoenfeld Residuals", size(small)) ///
>                           msize(small) ///
>                           mcolor(gs6) ///
>                           msymbol(circle_hollow) ///
>                           scheme(s1mono) ///
>                           title ("Schoenfeld residuals against time, univariable `lab1'", position(11) size(medsmall)) 

. 
. graph export "$outdir/schoenplot1a.svg", as(svg) replace
(file asthma_output/schoenplot1a.svg written in SVG format)

. 
. estat phtest, plot(2.exposure) ///
>                           graphregion(fcolor(white)) ///
>                           ylabel(, nogrid labsize(small)) ///
>                           xlabel(, labsize(small)) ///
>                           xtitle("Time", size(small)) ///
>                           ytitle("Scaled Shoenfeld Residuals", size(small)) ///
>                           msize(small) ///
>                           mcolor(gs6) ///
>                           msymbol(circle_hollow) ///
>                           scheme(s1mono) ///
>                           title ("Schoenfeld residuals against time, univariable `lab2'", position(11) size(medsmall)) 

. 
. graph export "$outdir/schoenplot1b.svg", as(svg) replace
(file asthma_output/schoenplot1b.svg written in SVG format)

. 
. * Close window 
. graph close  

.                           
. stcox i.exposure i.male age1 age2 age3 

         failure _d:  onscoviddeath
   analysis time _t:  (stime_onscoviddeath-origin)
             origin:  time enter_date
  enter on or after:  time enter_date
                 id:  patient_id

Iteration 0:   log likelihood = -7010.8318
Iteration 1:   log likelihood = -6539.3729
Iteration 2:   log likelihood =  -6473.739
Iteration 3:   log likelihood = -6469.5292
Iteration 4:   log likelihood = -6468.4983
Iteration 5:   log likelihood = -6468.3571
Iteration 6:   log likelihood = -6468.3533
Iteration 7:   log likelihood = -6468.3533
Refining estimates:
Iteration 0:   log likelihood = -6468.3533

Cox regression -- Breslow method for ties

No. of subjects =      817,973                  Number of obs    =     817,973
No. of failures =          515
Time at risk    =     53932182
                                                LR chi2(6)       =     1084.96
Log likelihood  =   -6468.3533                  Prob > chi2      =      0.0000

----------------------------------------------------------------------------------------
                    _t | Haz. Ratio   Std. Err.      z    P>|z|     [95% Conf. Interval]
-----------------------+----------------------------------------------------------------
              exposure |
ICS (Low/Medium Dose)  |   .9829626   .1497904    -0.11   0.910      .729164      1.3251
      ICS (High Dose)  |    1.59459   .2765625     2.69   0.007     1.135059    2.240164
                       |
                1.male |   1.524406   .1360007     4.73   0.000     1.279853    1.815687
                  age1 |   1.207842   .0992493     2.30   0.022     1.028173    1.418907
                  age2 |   .7916128   .1285694    -1.44   0.150     .5757916    1.088329
                  age3 |   1.947381   .8154454     1.59   0.111     .8570758    4.424688
----------------------------------------------------------------------------------------

. estat phtest, detail

      Test of proportional-hazards assumption

      Time:  Time
      ----------------------------------------------------------------
                  |       rho            chi2       df       Prob>chi2
      ------------+---------------------------------------------------
      0b.exposure |            .            .        1             .
      1.exposure  |      0.01775         0.16        1         0.6861
      2.exposure  |      0.00556         0.02        1         0.8994
      0b.male     |            .            .        1             .
      1.male      |     -0.10157         5.40        1         0.0201
      age1        |      0.05771         1.26        1         0.2621
      age2        |     -0.07708         2.24        1         0.1346
      age3        |      0.08764         2.91        1         0.0881
      ------------+---------------------------------------------------
      global test |                     19.86        6         0.0029
      ----------------------------------------------------------------

. local multivar1_p1 = round(r(phtest)[2,4],0.001)

. local multivar1_p2 = round(r(phtest)[3,4],0.001)

.  
. estat phtest, plot(1.exposure) ///
>                           graphregion(fcolor(white)) ///
>                           ylabel(, nogrid labsize(small)) ///
>                           xlabel(, labsize(small)) ///
>                           xtitle("Time", size(small)) ///
>                           ytitle("Scaled Shoenfeld Residuals", size(small)) ///
>                           msize(small) ///
>                           mcolor(gs6) ///
>                           msymbol(circle_hollow) ///
>                           scheme(s1mono) ///
>                           title ("Schoenfeld residuals against time, age and sex adjusted `lab1'", position(11) size(medsmall))                           

. 
. graph export "$outdir/schoenplot2a.svg", as(svg) replace
(file asthma_output/schoenplot2a.svg written in SVG format)

. 
. estat phtest, plot(2.exposure) ///
>                           graphregion(fcolor(white)) ///
>                           ylabel(, nogrid labsize(small)) ///
>                           xlabel(, labsize(small)) ///
>                           xtitle("Time", size(small)) ///
>                           ytitle("Scaled Shoenfeld Residuals", size(small)) ///
>                           msize(small) ///
>                           mcolor(gs6) ///
>                           msymbol(circle_hollow) ///
>                           scheme(s1mono) ///
>                           title ("Schoenfeld residuals against time, age and sex adjusted `lab2'", position(11) size(medsmall))                           

. 
. graph export "$outdir/schoenplot2b.svg", as(svg) replace
(file asthma_output/schoenplot2b.svg written in SVG format)

. 
. * Close window 
. graph close

.                   
. stcox i.exposure i.male age1 age2 age3 $varlist, strata(stp)    

         failure _d:  onscoviddeath
   analysis time _t:  (stime_onscoviddeath-origin)
             origin:  time enter_date
  enter on or after:  time enter_date
                 id:  patient_id

Iteration 0:   log likelihood = -5339.7846
Iteration 1:   log likelihood = -4862.4184
Iteration 2:   log likelihood = -4695.1844
Iteration 3:   log likelihood = -4690.5341
Iteration 4:   log likelihood = -4690.2378
Iteration 5:   log likelihood = -4690.2235
Iteration 6:   log likelihood = -4690.2235
Refining estimates:
Iteration 0:   log likelihood = -4690.2235

Stratified Cox regr. -- Breslow method for ties

No. of subjects =      817,973                  Number of obs    =     817,973
No. of failures =          515
Time at risk    =     53932182
                                                LR chi2(28)      =     1299.12
Log likelihood  =   -4690.2235                  Prob > chi2      =      0.0000

---------------------------------------------------------------------------------------------
                         _t | Haz. Ratio   Std. Err.      z    P>|z|     [95% Conf. Interval]
----------------------------+----------------------------------------------------------------
                   exposure |
     ICS (Low/Medium Dose)  |   1.100623   .1684236     0.63   0.531     .8154233    1.485574
           ICS (High Dose)  |   1.517433   .2657166     2.38   0.017     1.076605    2.138764
                            |
                     1.male |   1.558672   .1445763     4.78   0.000     1.299573    1.869428
                       age1 |   1.199511   .0986985     2.21   0.027     1.020859    1.409429
                       age2 |   .7878472   .1290464    -1.46   0.145     .5715029    1.086089
                       age3 |   1.956505   .8297493     1.58   0.114      .852096     4.49235
                            |
                  obese4cat |
         Obese I (30-34.9)  |    1.13399    .125894     1.13   0.257     .9122417    1.409641
        Obese II (35-39.9)  |   1.106505   .1776254     0.63   0.528     .8078138    1.515637
           Obese III (40+)  |   1.780603   .3197152     3.21   0.001     1.252363    2.531653
                            |
               smoke_nomiss |
                    Former  |   1.110741   .1033388     1.13   0.259     .9255945    1.332924
                   Current  |   .6278646   .1627788    -1.80   0.073     .3777333     1.04363
                            |
                        imd |
                         2  |   1.151113   .1776543     0.91   0.362     .8506478    1.557708
                         3  |   1.355177   .2028951     2.03   0.042     1.010545    1.817342
                         4  |   1.611453   .2400858     3.20   0.001     1.203371    2.157922
           5 most deprived  |   1.811925   .2803171     3.84   0.000     1.337993    2.453731
                            |
                        ckd |
                       CKD  |    1.46368   .1557749     3.58   0.000     1.188106     1.80317
             1.hypertension |    1.37051   .1495602     2.89   0.004     1.106606    1.697351
            1.heart_failure |    1.45729   .1975361     2.78   0.005     1.117288    1.900757
      1.other_heart_disease |   1.170242   .1282687     1.43   0.151     .9440099     1.45069
                            |
                    diabcat |
       Controlled diabetes  |   1.707026    .187333     4.87   0.000     1.376662    2.116669
     Uncontrolled diabetes  |   2.604663   .3575205     6.97   0.000      1.99028    3.408701
Diabetes, no hba1c measure  |    2.12694   1.241255     1.29   0.196     .6776486    6.675838
                            |
              1.cancer_ever |   1.428716   .1619646     3.15   0.002     1.144065    1.784191
                   1.statin |   .8459586   .0843321    -1.68   0.093      .695816    1.028499
              1.flu_vaccine |   .8215095    .092215    -1.75   0.080      .659272    1.023671
     1.pneumococcal_vaccine |   .8215477   .1356975    -1.19   0.234     .5943431    1.135608
            1.exacerbations |   1.302411   .1281279     2.69   0.007     1.074012    1.579382
            1.immunodef_any |    1.17243   .6822148     0.27   0.785     .3747911    3.667625
---------------------------------------------------------------------------------------------
                                                             Stratified by stp

. estat phtest, detail

      Test of proportional-hazards assumption

      Time:  Time
      ----------------------------------------------------------------
                  |       rho            chi2       df       Prob>chi2
      ------------+---------------------------------------------------
      0b.exposure |            .            .        1             .
      1.exposure  |      0.00944         0.05        1         0.8302
      2.exposure  |      0.00644         0.02        1         0.8839
      0b.male     |            .            .        1             .
      1.male      |     -0.09554         4.94        1         0.0263
      age1        |      0.05822         1.29        1         0.2565
      age2        |     -0.07307         2.08        1         0.1495
      age3        |      0.08159         2.64        1         0.1044
      1b.obese4cat|            .            .        1             .
      2.obese4cat |     -0.09892         5.05        1         0.0247
      3.obese4cat |     -0.01765         0.16        1         0.6883
      4.obese4cat |     -0.03889         0.78        1         0.3779
      1b.smoke_n~s|            .            .        1             .
      2.smoke_no~s|     -0.06249         1.98        1         0.1596
      3.smoke_no~s|      0.00724         0.03        1         0.8664
      1b.imd      |            .            .        1             .
      2.imd       |      0.05461         1.52        1         0.2174
      3.imd       |      0.02150         0.23        1         0.6280
      4.imd       |      0.03866         0.76        1         0.3834
      5.imd       |      0.02871         0.42        1         0.5178
      0b.ckd      |            .            .        1             .
      1.ckd       |     -0.05752         1.87        1         0.1719
      0b.hyperte~n|            .            .        1             .
      1.hyperten~n|     -0.00039         0.00        1         0.9923
      0b.heart_~re|            .            .        1             .
      1.heart_f~re|      0.03735         0.77        1         0.3790
      0b.other_~se|            .            .        1             .
      1.other_h~se|     -0.02235         0.28        1         0.5986
      1b.diabcat  |            .            .        1             .
      2.diabcat   |     -0.04604         1.06        1         0.3029
      3.diabcat   |     -0.01977         0.21        1         0.6444
      4.diabcat   |      0.02351         0.28        1         0.5935
      0b.cancer_~r|            .            .        1             .
      1.cancer_e~r|      0.05466         1.61        1         0.2043
      0b.statin   |            .            .        1             .
      1.statin    |     -0.01993         0.22        1         0.6425
      0b.flu_vac~e|            .            .        1             .
      1.flu_vacc~e|      0.01771         0.17        1         0.6759
      0b.pneumoc~e|            .            .        1             .
      1.pneumoco~e|     -0.00475         0.01        1         0.9144
      0b.exacerb~s|            .            .        1             .
      1.exacerba~s|     -0.03681         0.70        1         0.4030
      0b.immunod~y|            .            .        1             .
      1.immunode~y|      0.00884         0.04        1         0.8406
      ------------+---------------------------------------------------
      global test |                     39.11       28         0.0792
      ----------------------------------------------------------------

. local multivar2_p1 = round(r(phtest)[2,4],0.001)

. local multivar2_p2 = round(r(phtest)[3,4],0.001)

.  
. estat phtest, plot(1.exposure) ///
>                           graphregion(fcolor(white)) ///
>                           ylabel(, nogrid labsize(small)) ///
>                           xlabel(, labsize(small)) ///
>                           xtitle("Time", size(small)) ///
>                           ytitle("Scaled Shoenfeld Residuals", size(small)) ///
>                           msize(small) ///
>                           mcolor(gs6) ///
>                           msymbol(circle_hollow) ///
>                           scheme(s1mono) /// 
>                           title ("Schoenfeld residuals against time, fully adjusted `lab1'", position(11) size(medsmall))                 

.                           
. graph export "$outdir/schoenplot3a.svg", as(svg) replace
(file asthma_output/schoenplot3a.svg written in SVG format)

. 
. estat phtest, plot(2.exposure) ///
>                           graphregion(fcolor(white)) ///
>                           ylabel(, nogrid labsize(small)) ///
>                           xlabel(, labsize(small)) ///
>                           xtitle("Time", size(small)) ///
>                           ytitle("Scaled Shoenfeld Residuals", size(small)) ///
>                           msize(small) ///
>                           mcolor(gs6) ///
>                           msymbol(circle_hollow) ///
>                           scheme(s1mono) ///
>                           title ("Schoenfeld residuals against time, fully adjusted `lab2'", position(11) size(medsmall))                 

.                           
. graph export "$outdir/schoenplot3b.svg", as(svg) replace
(file asthma_output/schoenplot3b.svg written in SVG format)

. 
. * Close window 
. graph close

. 
. * Print table of results======================================================*/        
. 
. 
. cap file close tablecontent

. file open tablecontent using ./$outdir/table4.txt, write text replace

. 
. * Column headings 
. file write tablecontent ("Table 4: Testing the PH assumption for $tableoutcome - $population Population") _n

. file write tablecontent _tab ("Univariable") _tab ("Age/Sex Adjusted") _tab ///
>                                                 ("Age/Sex and Comorbidity Adjusted") _tab _n

.                                                 
. file write tablecontent _tab ("p-value") _tab ("p-value") _tab ("p-value") _tab _n

. 
. * Row heading and content  
. file write tablecontent ("`lab1'") _tab

. file write tablecontent ("`univar_p1'") _tab ("`multivar1_p1'") _tab ("`multivar2_p1'") _n

. 
. file write tablecontent ("`lab2'") _tab

. file write tablecontent ("`univar_p2'") _tab ("`multivar1_p2'") _tab ("`multivar2_p2'") _n

. 
. file write tablecontent _n

. file close tablecontent

. 
. 
. * Close log file 
. log close
      name:  <unnamed>
       log:  E:\analyses\opensafely-ics-research\analysis\asthma_log\08_an_model_checks_asthma.log
  log type:  text
 closed on:   9 Jun 2020, 11:25:04
-----------------------------------------------------------------------------------------------------------------------------------------------------------------------------------------------------
