--------------------------------------------------------------------------------------------------------
      name:  <unnamed>
       log:  E:\analyses\opensafely-ics-research\analysis\asthma_log\09_an_model_explore_copd.log
  log type:  text
 opened on:  22 May 2020, 11:28:29

. 
. * Open Stata dataset
. use $tempdir\analysis_dataset_STSET_cpnsdeath, clear

. 
. /* Print table================================================================*/ 
. *  Print the results for the main model 
. 
. cap file close tablecontent

. file open tablecontent using ./$outdir/table5.txt, write text replace

. 
. * Column headings 
. file write tablecontent ("Table 5: 1 by 1 comorbidity adjustments (after age/sex and strata adjustment
> s) - $population population") _n

. file write tablecontent _tab ("HR") _tab ("95% CI") _n

. 
. /* Adjust one covariate at a time=============================================*/
. 
. foreach var of varlist  obese4cat                               ///
>                                                 smoke_nomiss                    ///
>                                                 imd                                     ///
>                                                 ckd                                             ///   
>           
>                                                 hypertension                    ///             
>                                                 heart_failure                   ///             
>                                                 other_heart_disease             ///             
>                                                 diabetes                                ///           
>   
>                                                 cancer_ever                     ///                   
>                                   
>                                                 statin                                  ///           
>   
>                                                 insulin                                 ///           
>   
>                                                 oral_steroids                   ///             
>                                                 flu_vaccine                     ///     
>                                                 pneumococcal_vaccine    ///     
>                                                 exacerbations                   ///
>                                                 gp_consult { 
  2.         
.         local lab: variable label `var'
  3.         file write tablecontent ("`lab'") _n 
  4.         
.         qui stcox i.exposure i.male age1 age2 age3 i.`var', strata(stp) 
  5.                 
.                 local lab0: label exposure 0
  6.                 local lab1: label exposure 1
  7.                 local lab2: label exposure 2
  8. 
.                 file write tablecontent ("`lab0'") _tab
  9.                 file write tablecontent ("1.00 (ref)") _tab _n
 10.                 file write tablecontent ("`lab1'") _tab  
 11.                 
.                 qui lincom 1.exposure, eform
 12.                 file write tablecontent %4.2f (r(estimate)) _tab %4.2f (r(lb)) (" - ") %4.2f (r(ub)
> ) _n
 13.                 
.                 file write tablecontent ("`lab2'") _tab  
 14.                 
.                 qui lincom 2.exposure, eform
 15.                 file write tablecontent %4.2f (r(estimate)) _tab %4.2f (r(lb)) (" - ") %4.2f (r(ub)
> ) _tab _n _n                                                 
 16.                                                                         
. }       
flat region resulting in a missing likelihood
r(430);

end of do-file
r(430);

end of do-file

r(430);

. do "C:\Users\ALEXWA~1\AppData\Local\Temp\6\STD7728_000000.tmp"

. /*==============================================================================
> DO FILE NAME:                   09_model_exploration_asthma
> PROJECT:                                ICS in COVID-19 
> DATE:                                   18th of May 2020  
> AUTHOR:                                 A Schultze                                                    
>                   
> DESCRIPTION OF FILE:    program 09 
>                                                 explore different models 
> DATASETS USED:                  data in memory ($tempdir/analysis_dataset_STSET_outcome)
> 
> DATASETS CREATED:               none
> OTHER OUTPUT:                   logfiles, printed to folder analysis/$logdir
>                                                 table5, printed to analysis/$outdir
>                                                         
> ==============================================================================*/
. 
. * Open a log file
. 
. cap log close
