----------------------------------------------------------------------------------------------------------------------------------------------------------------------------
      name:  <unnamed>
       log:  E:\analyses\opensafely-ics-research\analysis\asthma_log\Extra_06_an_models_asthma.log
  log type:  text
 opened on:  24 Jul 2020, 10:20:52

. 
. * Open Stata dataset
. use $tempdir\analysis_dataset_STSET_$outcome, clear

. 
. /* Sense check outcomes=======================================================*/ 
. 
. tab exposure $outcome, missing row

+----------------+
| Key            |
|----------------|
|   frequency    |
| row percentage |
+----------------+

                      |   Failure/censoring
                      |     indicator for
                      |  outcome: ONS covid
     Asthma Treatment |         death
             Exposure |         0          1 |     Total
----------------------+----------------------+----------
            SABA only |   108,392         49 |   108,441 
                      |     99.95       0.05 |    100.00 
----------------------+----------------------+----------
ICS (Low/Medium Dose) |   608,597        375 |   608,972 
                      |     99.94       0.06 |    100.00 
----------------------+----------------------+----------
      ICS (High Dose) |   100,972        105 |   101,077 
                      |     99.90       0.10 |    100.00 
----------------------+----------------------+----------
                Other |   467,215        150 |   467,365 
                      |     99.97       0.03 |    100.00 
----------------------+----------------------+----------
                Total | 1,285,176        679 | 1,285,855 
                      |     99.95       0.05 |    100.00 

. 
. * Original model
. stcox i.exposure i.male age1 age2 age3  i.obese4cat                                     ///
>                                                                                 i.smoke_nomiss                          ///
>                                                                                 i.imd                                           ///
>                                                                                 i.ckd                                           ///
>                                                                                 i.hypertension                          ///
>                                                                                 i.heart_failure                         ///
>                                                                                 i.other_heart_disease           ///
>                                                                                 i.diabcat                                       ///
>                                                                                 i.cancer_ever                           ///
>                                                                                 i.statin                                        ///
>                                                                                 i.flu_vaccine                           ///
>                                                                                 i.pneumococcal_vaccine          ///
>                                                                                 i.exacerbations                         ///
>                                                                                 i.immunodef_any, strata(stp)

         failure _d:  onscoviddeath
   analysis time _t:  (stime_onscoviddeath-origin)
             origin:  time enter_date
  enter on or after:  time enter_date
                 id:  patient_id

Iteration 0:   log likelihood = -5482.5839
Iteration 1:   log likelihood = -4997.5432
Iteration 2:   log likelihood = -4829.9297
Iteration 3:   log likelihood = -4825.2612
Iteration 4:   log likelihood = -4824.9596
Iteration 5:   log likelihood =  -4824.946
Iteration 6:   log likelihood =  -4824.946
Refining estimates:
Iteration 0:   log likelihood =  -4824.946

Stratified Cox regr. -- Breslow method for ties

No. of subjects =      818,490                  Number of obs    =     818,490
No. of failures =          529
Time at risk    =     53964849
                                                LR chi2(28)      =     1315.28
Log likelihood  =    -4824.946                  Prob > chi2      =      0.0000

---------------------------------------------------------------------------------------------
                         _t | Haz. Ratio   Std. Err.      z    P>|z|     [95% Conf. Interval]
----------------------------+----------------------------------------------------------------
                   exposure |
     ICS (Low/Medium Dose)  |   1.144791   .1748102     0.89   0.376     .8486866    1.544206
           ICS (High Dose)  |   1.547167    .270485     2.50   0.013      1.09831    2.179462
                            |
                     1.male |   1.535925   .1405994     4.69   0.000     1.283661    1.837762
                       age1 |   1.201588    .094378     2.34   0.019     1.030145    1.401563
                       age2 |   .7790454   .1222021    -1.59   0.111     .5728517    1.059457
                       age3 |   2.027303   .8248598     1.74   0.082     .9132416    4.500406
                            |
                  obese4cat |
         Obese I (30-34.9)  |    1.14361   .1250702     1.23   0.220     .9229682    1.416997
        Obese II (35-39.9)  |   1.118823   .1762495     0.71   0.476     .8216195    1.523534
           Obese III (40+)  |   1.765617   .3130296     3.21   0.001     1.247341    2.499238
                            |
               smoke_nomiss |
                    Former  |   1.105273   .1014431     1.09   0.275     .9233057    1.323103
                   Current  |    .629419   .1588651    -1.83   0.067     .3837928    1.032245
                            |
                        imd |
                         2  |   1.191277    .181378     1.15   0.250       .88392    1.605508
                         3  |   1.370203    .203583     2.12   0.034     1.024034    1.833392
                         4  |   1.612842   .2388067     3.23   0.001     1.206585    2.155885
           5 most deprived  |   1.890839    .288363     4.18   0.000     1.402303    2.549573
                            |
                        ckd |
                       CKD  |   1.452152    .152974     3.54   0.000     1.181256    1.785172
             1.hypertension |   1.358296   .1460935     2.85   0.004     1.100126    1.677053
            1.heart_failure |    1.47402   .1972703     2.90   0.004     1.133929    1.916112
      1.other_heart_disease |   1.170935   .1268764     1.46   0.145     .9468933    1.447986
                            |
                    diabcat |
       Controlled diabetes  |   1.673222   .1821346     4.73   0.000     1.351755    2.071138
     Uncontrolled diabetes  |   2.662427    .357741     7.29   0.000     2.045995     3.46458
Diabetes, no hba1c measure  |   2.049076   1.195459     1.23   0.219     .6530637    6.429256
                            |
              1.cancer_ever |   1.480409   .1643678     3.53   0.000     1.190896    1.840303
                   1.statin |   .8565244   .0843728    -1.57   0.116     .7061408    1.038935
              1.flu_vaccine |    .815003   .0898607    -1.86   0.064     .6566098    1.011605
     1.pneumococcal_vaccine |   .7952829   .1311861    -1.39   0.165     .5755876    1.098833
            1.exacerbations |   1.279446   .1246753     2.53   0.011     1.057004    1.548699
            1.immunodef_any |   2.365231   1.372398     1.48   0.138     .7585314    7.375194
---------------------------------------------------------------------------------------------
                                                             Stratified by stp

.                                                                                 
. estimates save ./$tempdir/multivar2, replace 
file ./asthma_tempdata/multivar2.ster saved

. 
. * Without exacerbations                                                                         
. stcox i.exposure i.male age1 age2 age3  i.obese4cat                                     ///
>                                                                                 i.smoke_nomiss                          ///
>                                                                                 i.imd                                           ///
>                                                                                 i.ckd                                           ///
>                                                                                 i.hypertension                          ///
>                                                                                 i.heart_failure                         ///
>                                                                                 i.other_heart_disease           ///
>                                                                                 i.diabcat                                       ///
>                                                                                 i.cancer_ever                           ///
>                                                                                 i.statin                                        ///
>                                                                                 i.flu_vaccine                           ///
>                                                                                 i.pneumococcal_vaccine          ///
>                                                                                 i.immunodef_any , strata(stp)           

         failure _d:  onscoviddeath
   analysis time _t:  (stime_onscoviddeath-origin)
             origin:  time enter_date
  enter on or after:  time enter_date
                 id:  patient_id

Iteration 0:   log likelihood = -5482.5839
Iteration 1:   log likelihood = -5000.3147
Iteration 2:   log likelihood = -4833.0157
Iteration 3:   log likelihood = -4828.3477
Iteration 4:   log likelihood = -4828.0493
Iteration 5:   log likelihood =  -4828.036
Iteration 6:   log likelihood =  -4828.036
Refining estimates:
Iteration 0:   log likelihood =  -4828.036

Stratified Cox regr. -- Breslow method for ties

No. of subjects =      818,490                  Number of obs    =     818,490
No. of failures =          529
Time at risk    =     53964849
                                                LR chi2(27)      =     1309.10
Log likelihood  =    -4828.036                  Prob > chi2      =      0.0000

---------------------------------------------------------------------------------------------
                         _t | Haz. Ratio   Std. Err.      z    P>|z|     [95% Conf. Interval]
----------------------------+----------------------------------------------------------------
                   exposure |
     ICS (Low/Medium Dose)  |    1.16032   .1770602     0.97   0.330      .860375    1.564832
           ICS (High Dose)  |    1.62186   .2817503     2.78   0.005     1.153831    2.279735
                            |
                     1.male |   1.517116   .1386683     4.56   0.000     1.268285    1.814767
                       age1 |   1.200975   .0941471     2.34   0.019     1.029927    1.400431
                       age2 |   .7802083   .1221752    -1.58   0.113     .5740085    1.060481
                       age3 |   2.018692   .8200792     1.73   0.084     .9104909    4.475738
                            |
                  obese4cat |
         Obese I (30-34.9)  |   1.151969   .1259456     1.29   0.196     .9297762    1.427261
        Obese II (35-39.9)  |   1.128943   .1778032     0.77   0.441     .8291097    1.537207
           Obese III (40+)  |   1.786933   .3166245     3.28   0.001     1.262656      2.5289
                            |
               smoke_nomiss |
                    Former  |   1.105211   .1014581     1.09   0.276     .9232199    1.323078
                   Current  |   .6311975   .1592594    -1.82   0.068     .3849426    1.034986
                            |
                        imd |
                         2  |   1.189267   .1810638     1.14   0.255     .8824408    1.602778
                         3  |   1.369258   .2034067     2.12   0.034     1.023381    1.832034
                         4  |   1.611939   .2386587     3.22   0.001     1.205931    2.154641
           5 most deprived  |   1.891008   .2883493     4.18   0.000     1.402486    2.549696
                            |
                        ckd |
                       CKD  |    1.45771   .1535953     3.58   0.000      1.18572    1.792091
             1.hypertension |   1.358483   .1461278     2.85   0.004     1.100255    1.677318
            1.heart_failure |   1.485927   .1988209     2.96   0.003     1.143154    1.931481
      1.other_heart_disease |   1.176046   .1274096     1.50   0.134     .9510587    1.454257
                            |
                    diabcat |
       Controlled diabetes  |   1.677833   .1826755     4.75   0.000     1.355419    2.076941
     Uncontrolled diabetes  |   2.681307   .3602651     7.34   0.000     2.060524    3.489117
Diabetes, no hba1c measure  |   2.042111   1.191321     1.22   0.221     .6508905    6.406941
                            |
              1.cancer_ever |   1.480665   .1644057     3.53   0.000     1.191088    1.840645
                   1.statin |   .8532805   .0840651    -1.61   0.107     .7034473    1.035028
              1.flu_vaccine |   .8170669   .0901026    -1.83   0.067     .6582498    1.014202
     1.pneumococcal_vaccine |   .7971903   .1315022    -1.37   0.169      .576966    1.101473
            1.immunodef_any |   2.381051    1.38168     1.50   0.135     .7635408     7.42515
---------------------------------------------------------------------------------------------
                                                             Stratified by stp

. 
. estimates save ./$tempdir/multivar3, replace 
(note: file ./asthma_tempdata/multivar3.ster not found)
file ./asthma_tempdata/multivar3.ster saved

. 
. * Add oral steroids instead of exacerbations
. stcox i.exposure i.male age1 age2 age3  i.obese4cat                                     ///
>                                                                                 i.smoke_nomiss                          ///
>                                                                                 i.imd                                           ///
>                                                                                 i.ckd                                           ///
>                                                                                 i.hypertension                          ///
>                                                                                 i.heart_failure                         ///
>                                                                                 i.other_heart_disease           ///
>                                                                                 i.diabcat                                       ///
>                                                                                 i.cancer_ever                           ///
>                                                                                 i.statin                                        ///
>                                                                                 i.flu_vaccine                           ///
>                                                                                 i.pneumococcal_vaccine          ///
>                                                                                 i.immunodef_any                         ///
>                                                                                 i.oral_steroids, strata(stp)

         failure _d:  onscoviddeath
   analysis time _t:  (stime_onscoviddeath-origin)
             origin:  time enter_date
  enter on or after:  time enter_date
                 id:  patient_id

Iteration 0:   log likelihood = -5482.5839
Iteration 1:   log likelihood = -4999.7338
Iteration 2:   log likelihood = -4832.3389
Iteration 3:   log likelihood = -4827.6712
Iteration 4:   log likelihood = -4827.3719
Iteration 5:   log likelihood = -4827.3586
Iteration 6:   log likelihood = -4827.3585
Refining estimates:
Iteration 0:   log likelihood = -4827.3585

Stratified Cox regr. -- Breslow method for ties

No. of subjects =      818,490                  Number of obs    =     818,490
No. of failures =          529
Time at risk    =     53964849
                                                LR chi2(28)      =     1310.45
Log likelihood  =   -4827.3585                  Prob > chi2      =      0.0000

---------------------------------------------------------------------------------------------
                         _t | Haz. Ratio   Std. Err.      z    P>|z|     [95% Conf. Interval]
----------------------------+----------------------------------------------------------------
                   exposure |
     ICS (Low/Medium Dose)  |   1.155973   .1764366     0.95   0.342     .8570944    1.559075
           ICS (High Dose)  |    1.59554   .2781387     2.68   0.007     1.133767    2.245388
                            |
                     1.male |    1.52389   .1394139     4.60   0.000      1.27374    1.823166
                       age1 |   1.201156    .094226     2.34   0.019     1.029973    1.400789
                       age2 |   .7798788   .1221996    -1.59   0.113     .5736564    1.060236
                       age3 |   2.020876   .8214389     1.73   0.083     .9110586    4.482633
                            |
                  obese4cat |
         Obese I (30-34.9)  |   1.149421   .1256812     1.27   0.203     .9276974    1.424138
        Obese II (35-39.9)  |   1.125799   .1773346     0.75   0.452      .826762    1.532997
           Obese III (40+)  |   1.777527   .3150744     3.25   0.001     1.255848    2.515911
                            |
               smoke_nomiss |
                    Former  |   1.104795   .1014071     1.09   0.278     .9228928    1.322549
                   Current  |   .6304488   .1590895    -1.83   0.068     .3844632     1.03382
                            |
                        imd |
                         2  |   1.190064   .1811868     1.14   0.253     .8830296    1.603856
                         3  |   1.369544   .2034619     2.12   0.034     1.023576     1.83245
                         4  |   1.613336   .2388729     3.23   0.001     1.206965    2.156528
           5 most deprived  |   1.892791   .2886414     4.18   0.000     1.403778    2.552153
                            |
                        ckd |
                       CKD  |   1.455714   .1533683     3.56   0.000     1.184123    1.789597
             1.hypertension |   1.358796   .1461501     2.85   0.004     1.100526    1.677677
            1.heart_failure |   1.480222   .1981333     2.93   0.003      1.13865    1.924258
      1.other_heart_disease |   1.174186   .1272158     1.48   0.138     .9495429    1.451976
                            |
                    diabcat |
       Controlled diabetes  |   1.676287   .1824894     4.75   0.000     1.354198    2.074984
     Uncontrolled diabetes  |   2.670535   .3589048     7.31   0.000     2.052115    3.475321
Diabetes, no hba1c measure  |    2.04464   1.192816     1.23   0.220     .6516842    6.414999
                            |
              1.cancer_ever |   1.480643   .1643983     3.53   0.000     1.191077    1.840605
                   1.statin |    .854488    .084183    -1.60   0.110     .7044444     1.03649
              1.flu_vaccine |   .8171059   .0900993    -1.83   0.067     .6582933    1.014232
     1.pneumococcal_vaccine |   .7965819    .131402    -1.38   0.168     .5765255    1.100633
            1.immunodef_any |   2.375729   1.378545     1.49   0.136     .7618632    7.408269
            1.oral_steroids |   1.149566   .1356019     1.18   0.237     .9122768    1.448575
---------------------------------------------------------------------------------------------
                                                             Stratified by stp

.                                                                                 
. estimates save ./$tempdir/multivar4, replace 
(note: file ./asthma_tempdata/multivar4.ster not found)
file ./asthma_tempdata/multivar4.ster saved

.         
. /* Print table================================================================*/ 
. *  Print the results for the main model 
. 
. cap file close tablecontent

. file open tablecontent using ./$outdir/Extratable2.txt, write text replace
(note: file ./asthma_output/Extratable2.txt not found)

. 
. * Column headings 
. file write tablecontent ("Extra Table 2: Different Adjustment Sets") _n

. file write tablecontent ("Adjustment Set") _tab _tab ("HR") _tab ("95% CI") _n                  

. 
. * Row headings 
. local lab0: label exposure 0

. local lab1: label exposure 1

. 
. /* Main Model */ 
. 
. file write tablecontent ("Main Model") _tab

. 
. file write tablecontent ("`lab0'") _tab

. file write tablecontent ("1.00 (ref)") _tab _tab  _n

. file write tablecontent _tab ("`lab1'") _tab  

. 
. estimates use ./$tempdir/multivar2 

. lincom 1.exposure, eform

 ( 1)  1.exposure = 0

------------------------------------------------------------------------------
          _t |     exp(b)   Std. Err.      z    P>|z|     [95% Conf. Interval]
-------------+----------------------------------------------------------------
         (1) |   1.144791   .1748102     0.89   0.376     .8486866    1.544206
------------------------------------------------------------------------------

. file write tablecontent %4.2f (r(estimate)) _tab %4.2f (r(lb)) (" - ") %4.2f (r(ub)) _n 

. 
. /* No exacerbation history */ 
. 
. file write tablecontent ("Wo. Exposure History") _tab

. 
. file write tablecontent ("`lab0'") _tab

. file write tablecontent ("1.00 (ref)") _tab _tab  _n

. file write tablecontent _tab ("`lab1'") _tab  

. 
. estimates use ./$tempdir/multivar3 

. lincom 1.exposure, eform

 ( 1)  1.exposure = 0

------------------------------------------------------------------------------
          _t |     exp(b)   Std. Err.      z    P>|z|     [95% Conf. Interval]
-------------+----------------------------------------------------------------
         (1) |    1.16032   .1770602     0.97   0.330      .860375    1.564832
------------------------------------------------------------------------------

. file write tablecontent %4.2f (r(estimate)) _tab %4.2f (r(lb)) (" - ") %4.2f (r(ub)) _n 

. 
. /* Oral Steroids */ 
. 
. file write tablecontent ("W oral steroids") _tab

. 
. file write tablecontent ("`lab0'") _tab

. file write tablecontent ("1.00 (ref)") _tab _tab  _n

. file write tablecontent _tab ("`lab1'") _tab  

. 
. estimates use ./$tempdir/multivar4 

. lincom 1.exposure, eform

 ( 1)  1.exposure = 0

------------------------------------------------------------------------------
          _t |     exp(b)   Std. Err.      z    P>|z|     [95% Conf. Interval]
-------------+----------------------------------------------------------------
         (1) |   1.155973   .1764366     0.95   0.342     .8570944    1.559075
------------------------------------------------------------------------------

. file write tablecontent %4.2f (r(estimate)) _tab %4.2f (r(lb)) (" - ") %4.2f (r(ub)) _n 

. 
. 
. file write tablecontent _n

. file close tablecontent

. 
. * Close log file 
. log close
      name:  <unnamed>
       log:  E:\analyses\opensafely-ics-research\analysis\asthma_log\Extra_06_an_models_asthma.log
  log type:  text
 closed on:  24 Jul 2020, 10:25:00
----------------------------------------------------------------------------------------------------------------------------------------------------------------------------
