----------------------------------------------------------------------------------------------------------------------------------------------------------------------------
      name:  <unnamed>
       log:  E:\analyses\opensafely-ics-research\analysis\copd_log_sens1\S1-08_an_model_checks_copd.log
  log type:  text
 opened on:  24 Jul 2020, 10:26:37

. 
. * Open Stata dataset
. use $tempdir\analysis_dataset_STSET_$outcome, clear

. 
. * Exposure labels 
. local lab1: label exposure 1

. local lab2: label exposure 2

. 
. /* Quietly run models, perform test and store results in local macro==========*/
. 
. qui stcox i.exposure 

. estat phtest, detail

      Test of proportional-hazards assumption

      Time:  Time
      ----------------------------------------------------------------
                  |       rho            chi2       df       Prob>chi2
      ------------+---------------------------------------------------
      0b.exposure |            .            .        1             .
      1.exposure  |     -0.02298         0.23        1         0.6342
      2.exposure  |     -0.09941         4.24        1         0.0395
      ------------+---------------------------------------------------
      global test |                      5.15        2         0.0761
      ----------------------------------------------------------------

. local univar_p1 = round(r(phtest)[2,4],0.001)

. local univar_p2 = round(r(phtest)[3,4],0.001)

. 
. di `univar_p1'
.634

. di `univar_p2'
.039

.  
. estat phtest, plot(1.exposure) ///
>                           graphregion(fcolor(white)) ///
>                           ylabel(, nogrid labsize(small)) ///
>                           xlabel(, labsize(small)) ///
>                           xtitle("Time", size(small)) ///
>                           ytitle("Scaled Shoenfeld Residuals", size(small)) ///
>                           msize(small) ///
>                           mcolor(gs6) ///
>                           msymbol(circle_hollow) ///
>                           scheme(s1mono) ///
>                           title ("Schoenfeld residuals against time, univariable `lab1'", position(11) size(medsmall)) 

. 
. graph export "$outdir/schoenplotS1a.svg", as(svg) replace
(file copd_output_sens1/schoenplotS1a.svg written in SVG format)

. 
. estat phtest, plot(2.exposure) ///
>                           graphregion(fcolor(white)) ///
>                           ylabel(, nogrid labsize(small)) ///
>                           xlabel(, labsize(small)) ///
>                           xtitle("Time", size(small)) ///
>                           ytitle("Scaled Shoenfeld Residuals", size(small)) ///
>                           msize(small) ///
>                           mcolor(gs6) ///
>                           msymbol(circle_hollow) ///
>                           scheme(s1mono) ///
>                           title ("Schoenfeld residuals against time, univariable `lab2'", position(11) size(medsmall)) 

. 
. graph export "$outdir/schoenplotS1b.svg", as(svg) replace
(file copd_output_sens1/schoenplotS1b.svg written in SVG format)

. 
. * Close window 
. graph close  

.                           
. stcox i.exposure i.male age1 age2 age3 

         failure _d:  onscoviddeath
   analysis time _t:  (stime_onscoviddeath-origin)
             origin:  time enter_date
  enter on or after:  time enter_date
                 id:  patient_id

Iteration 0:   log likelihood = -5105.7923
Iteration 1:   log likelihood = -4906.3911
Iteration 2:   log likelihood = -4868.8582
Iteration 3:   log likelihood = -4866.9146
Iteration 4:   log likelihood = -4866.8252
Iteration 5:   log likelihood = -4866.8246
Iteration 6:   log likelihood = -4866.8246
Refining estimates:
Iteration 0:   log likelihood = -4866.8246

Cox regression -- Breslow method for ties

No. of subjects =      148,557                  Number of obs    =     148,557
No. of failures =          429
Time at risk    =      9751453
                                                LR chi2(6)       =      477.94
Log likelihood  =   -4866.8246                  Prob > chi2      =      0.0000

-----------------------------------------------------------------------------------------
                     _t | Haz. Ratio   Std. Err.      z    P>|z|     [95% Conf. Interval]
------------------------+----------------------------------------------------------------
               exposure |
  ICS Dual Combination  |   1.267657   .1892837     1.59   0.112     .9460241    1.698639
ICS Triple Combination  |   1.493336   .1829575     3.27   0.001     1.174551    1.898643
                        |
                 1.male |   1.752474   .1815122     5.42   0.000     1.430502    2.146914
                   age1 |   1.043443   .0472073     0.94   0.347     .9549016    1.140193
                   age2 |   1.120323   .0899251     1.42   0.157     .9572381    1.311194
                   age3 |   .6689964   .2091231    -1.29   0.198     .3625307    1.234533
-----------------------------------------------------------------------------------------

. estat phtest, detail

      Test of proportional-hazards assumption

      Time:  Time
      ----------------------------------------------------------------
                  |       rho            chi2       df       Prob>chi2
      ------------+---------------------------------------------------
      0b.exposure |            .            .        1             .
      1.exposure  |     -0.03091         0.41        1         0.5210
      2.exposure  |     -0.10091         4.37        1         0.0366
      0b.male     |            .            .        1             .
      1.male      |     -0.05356         1.23        1         0.2666
      age1        |      0.04246         0.97        1         0.3235
      age2        |     -0.04875         1.20        1         0.2734
      age3        |      0.05937         1.70        1         0.1925
      ------------+---------------------------------------------------
      global test |                     15.97        6         0.0139
      ----------------------------------------------------------------

. local multivar1_p1 = round(r(phtest)[2,4],0.001)

. local multivar1_p2 = round(r(phtest)[3,4],0.001)

.  
. estat phtest, plot(1.exposure) ///
>                           graphregion(fcolor(white)) ///
>                           ylabel(, nogrid labsize(small)) ///
>                           xlabel(, labsize(small)) ///
>                           xtitle("Time", size(small)) ///
>                           ytitle("Scaled Shoenfeld Residuals", size(small)) ///
>                           msize(small) ///
>                           mcolor(gs6) ///
>                           msymbol(circle_hollow) ///
>                           scheme(s1mono) ///
>                           title ("Schoenfeld residuals against time, age and sex adjusted `lab1'", position(11) size(medsmall))                           

. 
. graph export "$outdir/schoenplotS2a.svg", as(svg) replace
(file copd_output_sens1/schoenplotS2a.svg written in SVG format)

. 
. estat phtest, plot(2.exposure) ///
>                           graphregion(fcolor(white)) ///
>                           ylabel(, nogrid labsize(small)) ///
>                           xlabel(, labsize(small)) ///
>                           xtitle("Time", size(small)) ///
>                           ytitle("Scaled Shoenfeld Residuals", size(small)) ///
>                           msize(small) ///
>                           mcolor(gs6) ///
>                           msymbol(circle_hollow) ///
>                           scheme(s1mono) ///
>                           title ("Schoenfeld residuals against time, age and sex adjusted `lab2'", position(11) size(medsmall))                           

. 
. graph export "$outdir/schoenplotS2b.svg", as(svg) replace
(file copd_output_sens1/schoenplotS2b.svg written in SVG format)

. 
. * Close window 
. graph close

.                   
. stcox i.exposure i.male age1 age2 age3 $varlist, strata(stp)    

         failure _d:  onscoviddeath
   analysis time _t:  (stime_onscoviddeath-origin)
             origin:  time enter_date
  enter on or after:  time enter_date
                 id:  patient_id

Iteration 0:   log likelihood =  -3752.968
Iteration 1:   log likelihood = -3707.0033
Iteration 2:   log likelihood = -3466.6493
Iteration 3:   log likelihood =  -3444.828
Iteration 4:   log likelihood = -3443.8541
Iteration 5:   log likelihood = -3443.8327
Iteration 6:   log likelihood = -3443.8326
Refining estimates:
Iteration 0:   log likelihood = -3443.8326

Stratified Cox regr. -- Breslow method for ties

No. of subjects =      148,557                  Number of obs    =     148,557
No. of failures =          429
Time at risk    =      9751453
                                                LR chi2(28)      =      618.27
Log likelihood  =   -3443.8326                  Prob > chi2      =      0.0000

---------------------------------------------------------------------------------------------
                         _t | Haz. Ratio   Std. Err.      z    P>|z|     [95% Conf. Interval]
----------------------------+----------------------------------------------------------------
                   exposure |
      ICS Dual Combination  |   1.289808   .1966589     1.67   0.095     .9566235    1.739038
    ICS Triple Combination  |   1.429874   .1793024     2.85   0.004     1.118303    1.828253
                            |
                     1.male |   1.721496    .182528     5.12   0.000     1.398473    2.119131
                       age1 |   1.040528   .0472393     0.88   0.382     .9519404     1.13736
                       age2 |   1.096247   .0884248     1.14   0.255     .9359428    1.284007
                       age3 |   .7211848   .2269357    -1.04   0.299     .3892229    1.336272
                            |
                  obese4cat |
         Obese I (30-34.9)  |   1.149725   .1421623     1.13   0.259     .9022847    1.465022
        Obese II (35-39.9)  |   1.272703   .2299352     1.33   0.182     .8931887    1.813472
           Obese III (40+)  |    1.76959   .4248609     2.38   0.017      1.10537    2.832942
                            |
               smoke_nomiss |
                   Current  |   .5941808   .0895864    -3.45   0.001     .4421609    .7984667
                            |
                        imd |
                         2  |   .9602159   .1433762    -0.27   0.786     .7165893    1.286671
                         3  |    .786547    .126335    -1.49   0.135      .574123    1.077567
                         4  |   1.191055   .1812827     1.15   0.251      .883845    1.605047
           5 most deprived  |   1.435986   .2252556     2.31   0.021      1.05591    1.952872
                            |
                        ckd |
                       CKD  |   1.651509   .1789849     4.63   0.000     1.335459    2.042355
             1.hypertension |   .9754044   .1053185    -0.23   0.818     .7893633    1.205293
            1.heart_failure |   1.639471   .1958506     4.14   0.000     1.297238    2.071992
      1.other_heart_disease |   1.123916   .1236547     1.06   0.288     .9059063    1.394389
                            |
                    diabcat |
       Controlled diabetes  |    1.37428   .1596542     2.74   0.006     1.094432    1.725686
     Uncontrolled diabetes  |   1.645195   .2765357     2.96   0.003     1.183427    2.287142
Diabetes, no hba1c measure  |   1.631164   1.163055     0.69   0.493     .4032482     6.59816
                            |
              1.cancer_ever |   1.059335   .1278814     0.48   0.633     .8361368    1.342113
                   1.statin |   .8449175   .0905737    -1.57   0.116     .6848052    1.042465
              1.flu_vaccine |   .8615051   .1212805    -1.06   0.290     .6537742    1.135241
     1.pneumococcal_vaccine |    .935011   .1485452    -0.42   0.672     .6848356    1.276577
            1.exacerbations |   1.436557   .1492951     3.49   0.000     1.171821    1.761102
              1.asthma_ever |   .8254521   .0964333    -1.64   0.101     .6565238    1.037847
            1.immunodef_any |   1.697266   1.701713     0.53   0.598     .2378583    12.11105
---------------------------------------------------------------------------------------------
                                                             Stratified by stp

. estat phtest, detail

      Test of proportional-hazards assumption

      Time:  Time
      ----------------------------------------------------------------
                  |       rho            chi2       df       Prob>chi2
      ------------+---------------------------------------------------
      0b.exposure |            .            .        1             .
      1.exposure  |     -0.02209         0.21        1         0.6476
      2.exposure  |     -0.09223         3.61        1         0.0575
      0b.male     |            .            .        1             .
      1.male      |     -0.06209         1.62        1         0.2038
      age1        |      0.04811         1.26        1         0.2623
      age2        |     -0.05014         1.28        1         0.2580
      age3        |      0.05835         1.65        1         0.1986
      1b.obese4cat|            .            .        1             .
      2.obese4cat |     -0.06664         1.84        1         0.1753
      3.obese4cat |     -0.02073         0.18        1         0.6712
      4.obese4cat |     -0.08530         3.12        1         0.0773
      2b.smoke_n~s|            .            .        1             .
      3.smoke_no~s|      0.13771         8.36        1         0.0038
      1b.imd      |            .            .        1             .
      2.imd       |     -0.04809         0.96        1         0.3270
      3.imd       |     -0.00254         0.00        1         0.9587
      4.imd       |      0.06490         1.72        1         0.1893
      5.imd       |     -0.00179         0.00        1         0.9713
      0b.ckd      |            .            .        1             .
      1.ckd       |     -0.02769         0.38        1         0.5377
      0b.hyperte~n|            .            .        1             .
      1.hyperten~n|      0.07575         2.54        1         0.1111
      0b.heart_~re|            .            .        1             .
      1.heart_f~re|      0.04950         1.02        1         0.3125
      0b.other_~se|            .            .        1             .
      1.other_h~se|      0.08467         3.05        1         0.0810
      1b.diabcat  |            .            .        1             .
      2.diabcat   |      0.09655         4.17        1         0.0411
      3.diabcat   |      0.01758         0.13        1         0.7158
      4.diabcat   |      0.00835         0.03        1         0.8631
      0b.cancer_~r|            .            .        1             .
      1.cancer_e~r|     -0.00140         0.00        1         0.9765
      0b.statin   |            .            .        1             .
      1.statin    |     -0.05894         1.62        1         0.2030
      0b.flu_vac~e|            .            .        1             .
      1.flu_vacc~e|      0.01031         0.05        1         0.8289
      0b.pneumoc~e|            .            .        1             .
      1.pneumoco~e|      0.02191         0.20        1         0.6525
      0b.exacerb~s|            .            .        1             .
      1.exacerba~s|      0.01740         0.13        1         0.7201
      0b.asthma_~r|            .            .        1             .
      1.asthma_e~r|      0.03320         0.47        1         0.4917
      0b.immunod~y|            .            .        1             .
      1.immunode~y|      0.06663         1.91        1         0.1665
      ------------+---------------------------------------------------
      global test |                     50.38       28         0.0059
      ----------------------------------------------------------------

. local multivar2_p1 = round(r(phtest)[2,4],0.001)

. local multivar2_p2 = round(r(phtest)[3,4],0.001)

.  
. estat phtest, plot(1.exposure) ///
>                           graphregion(fcolor(white)) ///
>                           ylabel(, nogrid labsize(small)) ///
>                           xlabel(, labsize(small)) ///
>                           xtitle("Time", size(small)) ///
>                           ytitle("Scaled Shoenfeld Residuals", size(small)) ///
>                           msize(small) ///
>                           mcolor(gs6) ///
>                           msymbol(circle_hollow) ///
>                           scheme(s1mono) /// 
>                           title ("Schoenfeld residuals against time, fully adjusted `lab1'", position(11) size(medsmall))                 

.                           
. graph export "$outdir/schoenplotS3a.svg", as(svg) replace
(file copd_output_sens1/schoenplotS3a.svg written in SVG format)

. 
. estat phtest, plot(2.exposure) ///
>                           graphregion(fcolor(white)) ///
>                           ylabel(, nogrid labsize(small)) ///
>                           xlabel(, labsize(small)) ///
>                           xtitle("Time", size(small)) ///
>                           ytitle("Scaled Shoenfeld Residuals", size(small)) ///
>                           msize(small) ///
>                           mcolor(gs6) ///
>                           msymbol(circle_hollow) ///
>                           scheme(s1mono) ///
>                           title ("Schoenfeld residuals against time, fully adjusted `lab2'", position(11) size(medsmall))                 

.                           
. graph export "$outdir/schoenplotS3b.svg", as(svg) replace
(file copd_output_sens1/schoenplotS3b.svg written in SVG format)

. 
. * Close window 
. graph close

. 
. * Print table of results======================================================*/        
. 
. 
. cap file close tablecontent

. file open tablecontent using ./$outdir/S1table4.txt, write text replace

. 
. * Column headings 
. file write tablecontent ("S1 Table 4: Testing the PH assumption for $tableoutcome - $population Population") _n

. file write tablecontent _tab ("Univariable") _tab ("Age/Sex Adjusted") _tab ///
>                                                 ("Age/Sex and Comorbidity Adjusted") _tab _n

.                                                 
. file write tablecontent _tab ("p-value") _tab ("p-value") _tab ("p-value") _tab _n

. 
. * Row heading and content  
. file write tablecontent ("`lab1'") _tab

. file write tablecontent ("`univar_p1'") _tab ("`multivar1_p1'") _tab ("`multivar2_p1'") _n

. 
. file write tablecontent ("`lab2'") _tab

. file write tablecontent ("`univar_p2'") _tab ("`multivar1_p2'") _tab ("`multivar2_p2'") _n

. 
. file write tablecontent _n

. file close tablecontent

. 
. * Close log file 
. log close
      name:  <unnamed>
       log:  E:\analyses\opensafely-ics-research\analysis\copd_log_sens1\S1-08_an_model_checks_copd.log
  log type:  text
 closed on:  24 Jul 2020, 10:28:48
----------------------------------------------------------------------------------------------------------------------------------------------------------------------------
