-----------------------------------------------------------------------------------------------------------------------------------------------------------------------------------------------------
      name:  <unnamed>
       log:  E:\analyses\opensafely-ics-research\analysis\copd_log_sens1\S1-09_an_model_explore_copd.log
  log type:  text
 opened on:   9 Jun 2020, 11:38:51

. 
. * Open Stata dataset
. use $tempdir\analysis_dataset_STSET_$outcome, clear

. 
. /* Print table================================================================*/ 
. *  Print the results for the main model 
. 
. cap file close tablecontent

. file open tablecontent using ./$outdir/S1table5.txt, write text replace

. 
. * Column headings 
. file write tablecontent ("S1 Table 5: 1 by 1 comorbidity adjustments (after age/sex and strata adjustments) - $population population") _n

. file write tablecontent _tab ("HR") _tab ("95% CI") _n

. 
. /* Adjust one covariate at a time=============================================*/
. 
. foreach var of varlist  obese4cat                               ///
>                                                 smoke_nomiss                    ///
>                                                 imd                                     ///
>                                                 ckd                                             ///             
>                                                 hypertension                    ///     
>                                                 heart_failure                   ///     
>                                                 other_heart_disease             ///     
>                                                 diabcat                                 ///     
>                                                 cancer_ever                     ///     
>                                                 statin                                  ///     
>                                                 oral_steroids                   ///     
>                                                 flu_vaccine                     ///     
>                                                 pneumococcal_vaccine    ///     
>                                                 exacerbations                   ///
>                                                 gp_consult { 
  2.         
.         local lab: variable label `var'
  3.         file write tablecontent ("`lab'") _n 
  4.         
.         capture stcox i.exposure i.male age1 age2 age3 i.`var', strata(stp)     
  5.         if !_rc {
  6.                 local lab0: label exposure 0
  7.                 local lab1: label exposure 1
  8.                 local lab2: label exposure 2
  9. 
.                 file write tablecontent ("`lab0'") _tab
 10.                 file write tablecontent ("1.00 (ref)") _tab _n
 11.                 file write tablecontent ("`lab1'") _tab  
 12.                 
.                 qui lincom 1.exposure, eform
 13.                 file write tablecontent %4.2f (r(estimate)) _tab %4.2f (r(lb)) (" - ") %4.2f (r(ub)) _n
 14.                 
.                 file write tablecontent ("`lab2'") _tab  
 15.                 
.                 qui lincom 2.exposure, eform
 16.                 file write tablecontent %4.2f (r(estimate)) _tab %4.2f (r(lb)) (" - ") %4.2f (r(ub)) _tab _n _n                                                 
 17.                                                                         
.         }
 18.         else di "*WARNING `var' MODEL DID NOT SUCCESSFULLY FIT*"
 19. }

. 
. file write tablecontent _n

. file close tablecontent

. 
. * Close log file 
. log close
      name:  <unnamed>
       log:  E:\analyses\opensafely-ics-research\analysis\copd_log_sens1\S1-09_an_model_explore_copd.log
  log type:  text
 closed on:   9 Jun 2020, 11:40:07
-----------------------------------------------------------------------------------------------------------------------------------------------------------------------------------------------------
