-----------------------------------------------------------------------------------------------------------------------------------------------------------------------------------------------------
      name:  <unnamed>
       log:  E:\analyses\opensafely-ics-research\analysis\asthma_log_sens3\00_cr_create_analysis_dataset.log
  log type:  text
 opened on:   9 Jun 2020, 12:10:47

. 
. /* SET FU DATES===============================================================*/ 
. * Censoring dates for each outcome (largely, last date outcome data available)
. 
. global cpnsdeathcensor          = "23/04/2020"

. global onscoviddeathcensor      = "06/05/2020"

. global indexdate                        = "01/03/2020"

. 
. /* RENAME VARAIBLES===========================================================*/
. 
. rename bmi_date_measured                                bmi_date_measured
  (all newnames==oldnames)

. rename bp_dias_date_measured                            bp_dias_date

. rename bp_sys_date_measured                                     bp_sys_date

. 
. /* CONVERT STRINGS TO DATE====================================================*/
. /* Comorb dates are given with month only, so adding day 15 to enable
>    them to be processed as dates                                                                                          */
. 
. foreach var of varlist  aplastic_anaemia                                ///
>                                                 asthma_ever                                             ///
>                                                 bmi_date_measured                               ///
>                                                 copd                                            ///
>                                                 creatinine_date                                 ///
>                                                 diabetes                                        ///
>                                                 haem_cancer                                     ///
>                                                 heart_failure                                   ///
>                                                 hiv                                             ///
>                                                 hypertension                                    ///
>                                                 hba1c_percentage_date                   ///
>                                                 hba1c_mmol_per_mol_date                 ///
>                                                 esrf                                                    ///
>                                                 ili                                             ///
>                                                 lung_cancer                                     ///
>                                                 other_cancer                                    ///
>                                                 other_heart_disease                             ///
>                                                 other_respiratory                               ///
>                                                 permanent_immunodeficiency      ///
>                                                 smoking_status_date                             ///
>                                                 temporary_immunodeficiency      ///
>                                                 insulin                                                 ///
>                                                 statin                                                  ///
>                                                 ics_single                      ///
>                                                 low_med_dose_ics                                ///
>                                                 high_dose_ics                                   ///
>                                                 saba_single                     ///
>                                                 sama_single                     ///
>                                                 laba_single                     ///
>                                                 lama_single                     ///
>                                                 laba_ics                            ///
>                                                 laba_lama                           ///
>                                                 laba_lama_ics                                   ///
>                                                 oral_steroids                                   ///
>                         ltra_single {
  2.                                                         
.                 capture confirm string variable `var'
  3.                 if _rc!=0 {
  4.                         assert `var'==.
  5.                         rename `var' `var'_date
  6.                 }
  7.         
.                 else {
  8.                                 replace `var' = `var' + "-15"
  9.                                 rename `var' `var'_dstr
 10.                                 replace `var'_dstr = " " if `var'_dstr == "-15"
 11.                                 gen `var'_date = date(`var'_dstr, "YMD") 
 12.                                 order `var'_date, after(`var'_dstr)
 13.                                 drop `var'_dstr
 14.                 }
 15.         
.         format `var'_date %td
 16. }
variable aplastic_anaemia was str7 now str10
(1,343,761 real changes made)
(1,343,613 real changes made)
(1,343,613 missing values generated)
variable asthma_ever was str7 now str10
(1,343,761 real changes made)
(0 real changes made)
variable bmi_date_measured was str7 now str10
(1,343,761 real changes made)
(90,902 real changes made)
(90,902 missing values generated)
variable creatinine_date was str7 now str10
(1,343,761 real changes made)
(727,645 real changes made)
(727,645 missing values generated)
variable diabetes was str7 now str10
(1,343,761 real changes made)
(1,177,830 real changes made)
(1,177,830 missing values generated)
variable haem_cancer was str7 now str10
(1,343,761 real changes made)
(1,336,232 real changes made)
(1,336,232 missing values generated)
variable heart_failure was str7 now str10
(1,343,761 real changes made)
(1,320,093 real changes made)
(1,320,093 missing values generated)
variable hiv was str7 now str10
(1,343,761 real changes made)
(1,319,733 real changes made)
(1,319,733 missing values generated)
variable hypertension was str7 now str10
(1,343,761 real changes made)
(1,022,761 real changes made)
(1,022,761 missing values generated)
variable hba1c_percentage_date was str7 now str10
(1,343,761 real changes made)
(972,929 real changes made)
(972,929 missing values generated)
variable hba1c_mmol_per_mol_date was str7 now str10
(1,343,761 real changes made)
(482,924 real changes made)
(482,924 missing values generated)
variable esrf was str7 now str10
(1,343,761 real changes made)
(1,341,869 real changes made)
(1,341,869 missing values generated)
variable ili was str7 now str10
(1,343,761 real changes made)
(1,327,020 real changes made)
(1,327,020 missing values generated)
variable lung_cancer was str7 now str10
(1,343,761 real changes made)
(1,342,075 real changes made)
(1,342,075 missing values generated)
variable other_cancer was str7 now str10
(1,343,761 real changes made)
(1,280,804 real changes made)
(1,280,804 missing values generated)
variable other_heart_disease was str7 now str10
(1,343,761 real changes made)
(1,260,886 real changes made)
(1,260,886 missing values generated)
variable permanent_immunodeficiency was str7 now str10
(1,343,761 real changes made)
(1,342,086 real changes made)
(1,342,086 missing values generated)
variable smoking_status_date was str7 now str10
(1,343,761 real changes made)
(2,393 real changes made)
(2,393 missing values generated)
variable temporary_immunodeficiency was str7 now str10
(1,343,761 real changes made)
(1,343,318 real changes made)
(1,343,318 missing values generated)
variable insulin was str7 now str10
(1,343,761 real changes made)
(1,319,674 real changes made)
(1,319,674 missing values generated)
variable statin was str7 now str10
(1,343,761 real changes made)
(1,113,525 real changes made)
(1,113,525 missing values generated)
variable ics_single was str7 now str10
(1,343,761 real changes made)
(1,038,251 real changes made)
(1,038,251 missing values generated)
variable low_med_dose_ics was str7 now str10
(1,343,761 real changes made)
(704,318 real changes made)
(704,318 missing values generated)
variable high_dose_ics was str7 now str10
(1,343,761 real changes made)
(1,237,229 real changes made)
(1,237,229 missing values generated)
variable saba_single was str7 now str10
(1,343,761 real changes made)
(692,621 real changes made)
(692,621 missing values generated)
variable sama_single was str7 now str10
(1,343,761 real changes made)
(1,340,756 real changes made)
(1,340,756 missing values generated)
variable laba_single was str7 now str10
(1,343,761 real changes made)
(1,334,951 real changes made)
(1,334,951 missing values generated)
variable lama_single was str7 now str10
(1,343,761 real changes made)
(1,327,033 real changes made)
(1,327,033 missing values generated)
variable laba_ics was str7 now str10
(1,343,761 real changes made)
(901,150 real changes made)
(901,150 missing values generated)
variable laba_lama was str7 now str10
(1,343,761 real changes made)
(1,343,386 real changes made)
(1,343,386 missing values generated)
variable laba_lama_ics was str7 now str10
(1,343,761 real changes made)
(1,342,436 real changes made)
(1,342,436 missing values generated)
variable oral_steroids was str7 now str10
(1,343,761 real changes made)
(1,224,110 real changes made)
(1,224,110 missing values generated)
variable ltra_single was str7 now str10
(1,343,761 real changes made)
(1,272,137 real changes made)
(1,272,137 missing values generated)

. 
. * Note - outcome dates are handled separtely below 
. 
. /* RENAME VARAIBLES===========================================================*/
. *  An extra 'date' added to the end of some variable names, remove 
. 
. rename creatinine_date_date                     creatinine_measured_date

. rename smoking_status_date_date                 smoking_status_measured_date

. rename bmi_date_measured_date                   bmi_measured_date

. rename hba1c_percentage_date_date               hb1ac_percentage_date 

. rename hba1c_mmol_per_mol_date_date             hba1c_mmol_per_mol_date

. 
. * Some names too long for loops below, shorten
. 
. rename permanent_immunodeficiency_date perm_immunodef_date

. rename temporary_immunodeficiency_date temp_immunodef_date

. 
. /* CREATE BINARY VARIABLES====================================================*/
. *  Make indicator variables for all conditions where relevant 
. 
. foreach var of varlist  aplastic_anaemia_date                           ///
>                                                 asthma_ever_date                                        ///
>                                                 bmi_measured_date                                       ///
>                                                 copd_date                                       ///
>                                                 creatinine_measured_date                        ///
>                                                 diabetes_date                                   ///
>                                                 haem_cancer_date                                ///
>                                                 heart_failure_date                                      ///
>                                                 hiv_date                                        ///
>                                                 hypertension_date                               ///
>                                                 esrf_date                                                       ///
>                                                 ili_date                                        ///
>                                                 lung_cancer_date                                ///
>                                                 other_cancer_date                               ///
>                                                 other_heart_disease_date                        ///
>                                                 other_respiratory_date                          ///
>                                                 perm_immunodef_date                             ///
>                                                 smoking_status_measured_date            ///
>                                                 temp_immunodef_date                             ///
>                                                 insulin_date                                            ///
>                                                 statin_date                                             ///
>                                                 ics_single_date                     ///
>                                                 low_med_dose_ics_date                           ///
>                                                 high_dose_ics_date                                      ///
>                                                 saba_single_date                    ///
>                                                 sama_single_date                    ///
>                                                 laba_single_date                    ///
>                                                 lama_single_date                    ///
>                                                 laba_ics_date                       ///
>                                                 laba_lama_date                      ///
>                                                 laba_lama_ics_date                                      ///
>                                                 oral_steroids_date                                      ///
>                         ltra_single_date {
  2.         
.         /* date ranges are applied in python, so presence of date indicates presence of 
>           disease in the correct time frame */ 
.         local newvar =  substr("`var'", 1, length("`var'") - 5)
  3.         gen `newvar' = (`var'!=. )
  4.         order `newvar', after(`var')
  5.         
. }

. 
. /* CREATE VARIABLES===========================================================*/
. 
. /* DEMOGRAPHICS */ 
. 
. * Sex
. gen male = 1 if sex == "M"
(784,371 missing values generated)

. replace male = 0 if sex == "F"
(784,334 real changes made)

. 
. * Ethnicity 
. replace ethnicity = .u if ethnicity == .
(298,485 real changes made, 298,485 to missing)

. 
. label define ethnicity  1 "White"                                       ///
>                                                 2 "Mixed"                                       ///
>                                                 3 "Asian or Asian British"      ///
>                                                 4 "Black"                                       ///
>                                                 5 "Other"                                       ///
>                                                 .u "Unknown"

. 
. label values ethnicity ethnicity

. 
. * STP 
. rename stp stp_old

. bysort stp_old: gen stp = 1 if _n==1
(1,343,729 missing values generated)

. replace stp = sum(stp)
(1,343,760 real changes made)

. drop stp_old

. 
. /*  IMD  */
. * Group into 5 groups
. rename imd imd_o

. egen imd = cut(imd_o), group(5) icodes

. 
. * add one to create groups 1 - 5 
. replace imd = imd + 1
(1,343,761 real changes made)

. 
. * - 1 is missing, should be excluded from population 
. replace imd = .u if imd_o == -1
(13,032 real changes made, 13,032 to missing)

. drop imd_o

. 
. * Reverse the order (so high is more deprived)
. recode imd 5 = 1 4 = 2 3 = 3 2 = 4 1 = 5 .u = .u
(imd: 1063108 changes made)

. 
. label define imd 1 "1 least deprived" 2 "2" 3 "3" 4 "4" 5 "5 most deprived" .u "Unknown"

. label values imd imd 

. 
. /*  Age variables  */ 
. 
. * Create categorised age
. recode age 18/39.9999 = 1 /// 
>            40/49.9999 = 2 ///
>                    50/59.9999 = 3 ///
>                60/69.9999 = 4 ///
>                    70/79.9999 = 5 ///
>                    80/max = 6, gen(agegroup) 
(1343761 differences between age and agegroup)

. 
. label define agegroup   1 "18-<40" ///
>                                                 2 "40-<50" ///
>                                                 3 "50-<60" ///
>                                                 4 "60-<70" ///
>                                                 5 "70-<80" ///
>                                                 6 "80+"

.                                                 
. label values agegroup agegroup

. 
. * Create binary age
. recode age min/69.999 = 0 ///
>            70/max = 1, gen(age70)
(1343761 differences between age and age70)

. 
. * Check there are no missing ages
. assert age < .

. assert agegroup < .

. assert age70 < .

. 
. * Create restricted cubic splines for age
. mkspline age = age, cubic nknots(4)

. 
. /*  Body Mass Index  */
. * NB: watch for missingness
. 
. * Recode strange values 
. replace bmi = . if bmi == 0 
(95,223 real changes made, 95,223 to missing)

. replace bmi = . if !inrange(bmi, 15, 50)
(17,592 real changes made, 17,592 to missing)

. 
. * Restrict to within 10 years of index and aged > 16 
. gen bmi_time = (date("$indexdate", "DMY") - bmi_measured_date)/365.25
(90,902 missing values generated)

. gen bmi_age = age - bmi_time
(90,902 missing values generated)

. 
. replace bmi = . if bmi_age < 16 
(6,787 real changes made, 6,787 to missing)

. replace bmi = . if bmi_time > 10 & bmi_time != . 
(0 real changes made)

. 
. * Set to missing if no date, and vice versa 
. replace bmi = . if bmi_measured_date == . 
(0 real changes made)

. replace bmi_measured_date = . if bmi == . 
(28,700 real changes made, 28,700 to missing)

. replace bmi_measured_date = . if bmi == . 
(0 real changes made)

. 
. gen     bmicat = .
(1,343,761 missing values generated)

. recode  bmicat . = 1 if bmi < 18.5
(bmicat: 20035 changes made)

. recode  bmicat . = 2 if bmi < 25
(bmicat: 355263 changes made)

. recode  bmicat . = 3 if bmi < 30
(bmicat: 411054 changes made)

. recode  bmicat . = 4 if bmi < 35
(bmicat: 249553 changes made)

. recode  bmicat . = 5 if bmi < 40
(bmicat: 117219 changes made)

. recode  bmicat . = 6 if bmi < .
(bmicat: 71035 changes made)

. replace bmicat = .u if bmi >= .
(119,602 real changes made, 119,602 to missing)

. 
. label define bmicat 1 "Underweight (<18.5)"     ///
>                                         2 "Normal (18.5-24.9)"          ///
>                                         3 "Overweight (25-29.9)"        ///
>                                         4 "Obese I (30-34.9)"           ///
>                                         5 "Obese II (35-39.9)"          ///
>                                         6 "Obese III (40+)"                     ///
>                                         .u "Unknown (.u)"

.                                         
. label values bmicat bmicat

. 
. * Create less  granular categorisation
. recode bmicat 1/3 .u = 1 4 = 2 5 = 3 6 = 4, gen(obese4cat)
(1323726 differences between bmicat and obese4cat)

. 
. label define obese4cat  1 "No record of obesity"        ///
>                                                 2 "Obese I (30-34.9)"           ///
>                                                 3 "Obese II (35-39.9)"          ///
>                                                 4 "Obese III (40+)"             

. 
. label values obese4cat obese4cat

. order obese4cat, after(bmicat)

. 
. /*  Smoking  */
. 
. * Smoking 
. label define smoke 1 "Never" 2 "Former" 3 "Current" .u "Unknown (.u)"

. 
. gen     smoke = 1  if smoking_status == "N"
(728,670 missing values generated)

. replace smoke = 2  if smoking_status == "E"
(519,367 real changes made)

. replace smoke = 3  if smoking_status == "S"
(206,910 real changes made)

. replace smoke = .u if smoking_status == "M"
(2,393 real changes made, 2,393 to missing)

. replace smoke = .u if smoking_status == "" 
(0 real changes made)

. 
. label values smoke smoke

. drop smoking_status

. 
. * Create non-missing 3-category variable for current smoking
. * Assumes missing smoking is never smoking 
. recode smoke .u = 1, gen(smoke_nomiss)
(2393 differences between smoke and smoke_nomiss)

. order smoke_nomiss, after(smoke)

. label values smoke_nomiss smoke

. 
. /* CLINICAL COMORBIDITIES */ 
. 
. /* Exacerbation */ 
. replace exacerbations = 0 if exacerbations == . 
(0 real changes made)

. replace exacerbation_count = 0 if exacerbation_count <1 
(0 real changes made)

. 
. /* GP consultation rate */ 
. replace gp_consult_count = 0 if gp_consult_count <1 
(0 real changes made)

. 
. * those with no count assumed to have no visits 
. replace gp_consult_count = 0 if gp_consult_count == . 
(0 real changes made)

. gen gp_consult = (gp_consult_count >=1)

. 
. /*  Cancer  */
. 
. gen cancer_ever =   (haem_cancer == 1 | /// 
>                      lung_cancer == 1 | /// 
>                                          other_cancer ==1)              

.                                          
. gen cancer_ever_date = max(haem_cancer_date, lung_cancer_date, other_cancer_date)
(1,273,311 missing values generated)

. format cancer_ever_date %td

. 
. /* Vaccines */ 
. replace pneumococcal_vaccine = 0 if pneumococcal_vaccine == . 
(0 real changes made)

. replace flu_vaccine = 0 if flu_vaccine == . 
(0 real changes made)

. 
. /*  Immunosuppression  */
. 
. * Immunosuppressed:
. * HIV, permanent immunodeficiency ever, OR 
. * temporary immunodeficiency or aplastic anaemia last year
. gen temp1  = max(hiv, perm_immunodef)

. gen temp2  = inrange(temp_immunodef_date, (date("$indexdate", "DMY") - 365), date("$indexdate", "DMY"))

. gen temp3  = inrange(aplastic_anaemia_date, (date("$indexdate", "DMY") - 365), date("$indexdate", "DMY"))

. 
. egen immunodef_any = rowmax(temp1 temp2 temp3)

. drop temp1 temp2 temp3

. order immunodef_any, after(temp_immunodef_date)

. 
. /* eGFR */
. 
. * Set implausible creatinine values to missing (Note: zero changed to missing)
. replace creatinine = . if !inrange(creatinine, 20, 3000) 
(728,579 real changes made, 728,579 to missing)

. 
. * Remove creatinine dates if no measurements, and vice versa 
. 
. replace creatinine = . if creatinine_measured_date == . 
(0 real changes made)

. replace creatinine_measured_date = . if creatinine == . 
(934 real changes made, 934 to missing)

. replace creatinine_measured = . if creatinine == . 
(728,579 real changes made, 728,579 to missing)

. 
. * Divide by 88.4 (to convert umol/l to mg/dl)
. gen SCr_adj = creatinine/88.4
(728,579 missing values generated)

. 
. gen min = .
(1,343,761 missing values generated)

. replace min = SCr_adj/0.7 if male==0
(389,560 real changes made)

. replace min = SCr_adj/0.9 if male==1
(225,608 real changes made)

. replace min = min^-0.329  if male==0
(389,560 real changes made)

. replace min = min^-0.411  if male==1
(225,608 real changes made)

. replace min = 1 if min<1
(411,357 real changes made)

. 
. gen max=.
(1,343,761 missing values generated)

. replace max=SCr_adj/0.7 if male==0
(389,560 real changes made)

. replace max=SCr_adj/0.9 if male==1
(225,608 real changes made)

. replace max=max^-1.209
(615,168 real changes made)

. replace max=1 if max>1
(932,404 real changes made)

. 
. gen egfr=min*max*141
(728,593 missing values generated)

. replace egfr=egfr*(0.993^age)
(615,168 real changes made)

. replace egfr=egfr*1.018 if male==0
(389,560 real changes made)

. label var egfr "egfr calculated using CKD-EPI formula with no eth"

. 
. * Categorise into ckd stages
. egen egfr_cat = cut(egfr), at(0, 15, 30, 45, 60, 5000)
(728593 missing values generated)

. recode egfr_cat 0 = 5 15 = 4 30 = 3 45 = 2 60 = 0, generate(ckd_egfr)
(615168 differences between egfr_cat and ckd_egfr)

. 
. * 0 = "No CKD"  2 "stage 3a" 3 "stage 3b" 4 "stage 4" 5 "stage 5"
. 
. * Add in end stage renal failure and create a single CKD variable 
. * Missing assumed to not have CKD 
. gen ckd = 0

. replace ckd = 1 if ckd_egfr != . & ckd_egfr >= 1
(63,144 real changes made)

. replace ckd = 1 if esrf == 1
(963 real changes made)

. 
. label define ckd 0 "No CKD" 1 "CKD"

. label values ckd ckd

. label var ckd "CKD stage calc without eth"

. 
. * Create date (most recent measure prior to index)
. gen temp1_ckd_date = creatinine_measured_date if ckd_egfr >=1
(1,280,603 missing values generated)

. gen temp2_ckd_date = esrf_date if esrf == 1
(1,341,869 missing values generated)

. gen ckd_date = max(temp1_ckd_date,temp2_ckd_date) 
(1,279,640 missing values generated)

. format ckd_date %td 

. 
. /* Hb1AC */
. 
. /*  Diabetes severity  */
. 
. * Set zero or negative to missing
. replace hba1c_percentage   = . if hba1c_percentage <= 0
(1,125,398 real changes made, 1,125,398 to missing)

. replace hba1c_mmol_per_mol = . if hba1c_mmol_per_mol <= 0
(487,708 real changes made, 487,708 to missing)

. 
. /* Express  HbA1c as percentage  */ 
. 
. * Express all values as perecentage 
. noi summ hba1c_percentage hba1c_mmol_per_mol 

    Variable |        Obs        Mean    Std. Dev.       Min        Max
-------------+---------------------------------------------------------
hba1c_perc~e |    218,363    10.46703    1991.692         .1     930709
hba1c_mmol~l |    856,053    40.85175    159.3734         .6      45000

. gen     hba1c_pct = hba1c_percentage 
(1,125,398 missing values generated)

. replace hba1c_pct = (hba1c_mmol_per_mol/10.929)+2.15 if hba1c_mmol_per_mol<. 
(856,053 real changes made)

. 
. * Valid % range between 0-20  
. replace hba1c_pct = . if !inrange(hba1c_pct, 0, 20) 
(45 real changes made, 45 to missing)

. replace hba1c_pct = round(hba1c_pct, 0.1)
(856,064 real changes made)

. 
. /* Categorise hba1c and diabetes  */
. 
. * Group hba1c
. gen     hba1ccat = 0 if hba1c_pct <  6.5
(589,372 missing values generated)

. replace hba1ccat = 1 if hba1c_pct >= 6.5  & hba1c_pct < 7.5
(55,313 real changes made)

. replace hba1ccat = 2 if hba1c_pct >= 7.5  & hba1c_pct < 8
(14,793 real changes made)

. replace hba1ccat = 3 if hba1c_pct >= 8    & hba1c_pct < 9
(16,594 real changes made)

. replace hba1ccat = 4 if hba1c_pct >= 9    & hba1c_pct !=.
(20,440 real changes made)

. label define hba1ccat 0 "<6.5%" 1">=6.5-7.4" 2">=7.5-7.9" 3">=8-8.9" 4">=9"

. label values hba1ccat hba1ccat

. tab hba1ccat

   hba1ccat |      Freq.     Percent        Cum.
------------+-----------------------------------
      <6.5% |    754,389       87.56       87.56
  >=6.5-7.4 |     55,313        6.42       93.98
  >=7.5-7.9 |     14,793        1.72       95.70
    >=8-8.9 |     16,594        1.93       97.63
        >=9 |     20,440        2.37      100.00
------------+-----------------------------------
      Total |    861,529      100.00

. 
. * Create diabetes, split by control/not
. gen     diabcat = 1 if diabetes==0
(165,931 missing values generated)

. replace diabcat = 2 if diabetes==1 & inlist(hba1ccat, 0, 1)
(110,162 real changes made)

. replace diabcat = 3 if diabetes==1 & inlist(hba1ccat, 2, 3, 4)
(51,364 real changes made)

. replace diabcat = 4 if diabetes==1 & !inlist(hba1ccat, 0, 1, 2, 3, 4)
(4,405 real changes made)

. 
. label define diabcat    1 "No diabetes"                         ///
>                                                 2 "Controlled diabetes"         ///
>                                                 3 "Uncontrolled diabetes"       ///
>                                                 4 "Diabetes, no hba1c measure"

. label values diabcat diabcat

. 
. * Delete unneeded variables
. drop hba1c_pct hba1c_percentage hba1c_mmol_per_mol

. 
. /* OUTCOME AND SURVIVAL TIME==================================================*/
. 
. /*  Cohort entry and censor dates  */
. 
. * Date of cohort entry, 1 Mar 2020
. gen enter_date = date("$indexdate", "DMY")

. 
. * Date of study end (typically: last date of outcome data available)
. **** NOTE!! ITU ADMISSION TO BE REPLACED WITH ECDS OUTCOME 
. gen cpnsdeathcensor_date                = date("$cpnsdeathcensor",              "DMY")

. gen onscoviddeathcensor_date    = date("$onscoviddeathcensor",  "DMY")

. 
. * Format the dates
. format  enter_date                                      ///
>                 cpnsdeathcensor_date            ///
>                 onscoviddeathcensor_date        %td

. 
. /*   Outcomes   */
. 
. * Dates of: ITU admission, CPNS death, ONS-covid death
. * Recode to dates from the strings 
. foreach var of varlist  died_date_ons           ///
>                                                 died_date_cpns          ///
>                                                 {
  2.                                                 
.         confirm string variable `var'
  3.         rename `var' `var'_dstr
  4.         gen `var' = date(`var'_dstr, "YMD")
  5.         drop `var'_dstr
  6.         format `var' %td 
  7.         
. }
(1,341,220 missing values generated)
(1,343,332 missing values generated)

. 
. * Date of Covid death in ONS
. gen died_date_onscovid = died_date_ons if died_ons_covid_flag_any == 1
(1,343,050 missing values generated)

. 
. * Date of non-COVID death in ONS 
. * If missing date of death resulting died_date will also be missing
. gen died_date_onsnoncovid = died_date_ons if died_ons_covid_flag_any != 1 
(1,341,931 missing values generated)

. 
. format died_date_ons %td

. format died_date_onscovid %td 

. format died_date_onsnoncovid %td

. 
. * Binary indicators for outcomes
. gen cpnsdeath           = (died_date_cpns               < .)

. gen onscoviddeath       = (died_date_onscovid   < .)

. gen onsnoncoviddeath = (died_date_onsnoncovid < .)

. 
. /*  Create survival times  */
. 
. * For looping later, name must be stime_binary_outcome_name
. 
. * Survival time = last followup date (first: end study, death, or that outcome)
. gen stime_cpnsdeath     = min(cpnsdeathcensor_date,     died_date_cpns, died_date_ons)

. gen stime_onscoviddeath = min(onscoviddeathcensor_date,                                 died_date_ons)

. 
. * Equivalent to onscoviddeath, but creating a separate variable for clarity 
. gen stime_onsnoncoviddeath = min(onscoviddeathcensor_date, died_date_ons)

. 
. * If outcome was after censoring occurred, set to zero
. replace cpnsdeath               = 0 if (died_date_cpns          > cpnsdeathcensor_date) 
(16 real changes made)

. replace onscoviddeath   = 0 if (died_date_onscovid      > onscoviddeathcensor_date) 
(6 real changes made)

. replace onsnoncoviddeath = 0 if (died_date_onsnoncovid > onscoviddeathcensor_date)
(11 real changes made)

. 
. * Format date variables
. format  stime* %td 

. 
. /* LABEL VARIABLES============================================================*/
. *  Label variables you are intending to keep, drop the rest 
. 
. * Demographics
. label var patient_id                            "Patient ID"

. label var age                                           "Age (years)"

. label var agegroup                                      "Grouped age"

. label var age70                                         "70 years and older"

. label var sex                                           "Sex"

. label var male                                          "Male"

. label var bmi                                           "Body Mass Index (BMI, kg/m2)"

. label var bmicat                                        "Grouped BMI"

. label var bmi_measured_date             "Body Mass Index (BMI, kg/m2), date measured"

. label var obese4cat                                     "Evidence of obesity (4 categories)"

. label var smoke                                         "Smoking status"

. label var smoke_nomiss                          "Smoking status (missing set to non)"

. label var imd                                           "Index of Multiple Deprivation (IMD)"

. label var ethnicity                                     "Ethnicity"

. label var stp                                           "Sustainability and Transformation Partnership"

. 
. label var age1                                          "Age spline 1"

. label var age2                                          "Age spline 2"

. label var age3                                          "Age spline 3"

. 
. * Treatment variables 
. 
. label var high_dose_ics                         "High Dose ICS"

. label var low_med_dose_ics                      "Low/Medium Dose ICS"

. label var ics_single                    "Single ICS"

. label var saba_single                           "Single SABA"

. label var sama_single                   "Single SAMA"

. label var laba_single                           "Single LABA"

. label var lama_single                           "Single LAMA"

. label var laba_ics                                      "LABA ICS"              

. label var laba_lama                             "LABA LAMA"

. label var laba_lama_ics                         "LABA LAMA ICS"

. label var ltra_single                           "Single LTRA"

. 
. label var oral_steroids                         "Oral Steroids"

. 
. label var high_dose_ics_date            "High Dose ICS Date"

. label var low_med_dose_ics_date         "Low/Medium Dose ICS Date"

. label var ics_single_date               "Single ICS Date"

. label var saba_single_date                      "Single SABA Date"

. label var sama_single_date              "Single SAMA Date"

. label var laba_single_date                      "Single LABA Date"

. label var lama_single_date                      "Single LAMA Date"

. label var laba_ics_date                         "LABA ICS Date"         

. label var laba_lama_date                        "LABA LAMA Date"

. label var laba_lama_ics_date            "LABA LAMA ICS Date"

. label var ltra_single_date                      "Single LTRA Date"

. 
. label var oral_steroids_date                    "Oral Steroids Date"

. 
. * Comorbidities of interest 
. label var asthma_ever                                   "Asthma ever"

. label var ckd                                                   "Chronic kidney disease" 

. label var egfr_cat                                              "Calculated eGFR"

. label var hypertension                              "Diagnosed hypertension"

. label var heart_failure                             "Heart Failure"

. label var ili                                                   "Infleunza Like Illness"

. label var other_respiratory                     "Other Respiratory Diseases"

. label var other_heart_disease                   "Other Heart Diseases"

. label var copd                                                  "COPD"

. label var diabetes                                              "Diabetes"

. label var cancer_ever                                   "Cancer"

. label var immunodef_any                                 "Immunosuppressed (combination algorithm)"

. label var diabcat                                               "Diabetes Severity"

. 
. label var statin                                                "Recent Statin"

. label var insulin                                               "Recent Insulin"

. label var flu_vaccine                                   "Flu vaccine"

. label var pneumococcal_vaccine                  "Pneumococcal Vaccine"

. label var gp_consult                                    "GP consultation in last year"

. label var gp_consult_count                              "GP consultation count"

. label var exacerbations                                 "Exacerbation in last year"

. label var exacerbation_count                    "Exacerbation Count"

. 
. label var asthma_ever_date                              "Asthma date"

. label var ckd_date                                      "Chronic kidney disease Date" 

. label var hypertension_date                         "Diagnosed hypertension Date"

. label var heart_failure_date                    "Heart Failure Date"

. label var ili_date                                              "Infleunza Like Illness Date"

. label var other_respiratory_date                "Other Respiratory Diseases Date"

. label var other_heart_disease_date              "Other Heart Diseases Date"

. label var copd_date                                     "COPD Date"

. label var diabetes_date                                 "Diabetes Date"

. label var cancer_ever_date                              "Cancer Date"

. 
. label var statin_date                                   "Recent Statin Date"

. label var insulin_date                                  "Recent Insulin Date"

. 
. * Outcomes and follow-up
. label var enter_date                                    "Date of study entry"

. label var cpnsdeathcensor_date                  "Date of admin censoring for cpns deaths"

. label var onscoviddeathcensor_date              "Date of admin censoring for ONS deaths"

. 
. label var cpnsdeath                                             "Failure/censoring indicator for outcome: CPNS covid death"

. label var onscoviddeath                                 "Failure/censoring indicator for outcome: ONS covid death"

. label var onsnoncoviddeath                              "Failure/censoring indicator for outcome: ONS non-covid death"

. 
. label var died_date_cpns                                "Date of CPNS Death"

. label var died_date_onscovid                    "Date of ONS COVID Death"

. label var died_date_onsnoncovid                 "Date of ONS non-COVID death"

. 
. * Survival times
. label var  stime_cpnsdeath                              "Survival time (date); outcome CPNS covid death"

. label var  stime_onscoviddeath                  "Survival time (date); outcome ONS covid death"

. label var  stime_onsnoncoviddeath               "Survival tme (date); outcome ONS non covid death"

. 
. /* TIDY DATA==================================================================*/
. *  Drop variables that are not needed (those not labelled)
. ds, not(varlabel)
icu_date_a~d  bmi_measured  bp_sys        hba1c_mmol~e  haem_cance~e  aplastic_a~e  perm_immun~e  creatinine    esrf          pneumococ~le  bmi_time      max           died_dat~ons
died_ons_c~y  smoking_st~e  bp_sys_date   hb1ac_perc~e  haem_cancer   aplastic_a~a  perm_immun~f  creatinine~e  flu_vacci~le  pneumococc~d  bmi_age       temp1_ckd_~e
died_ons_c~g  smoking_st~d  bp_dias       lung_cance~e  other_canc~e  hiv_date      temp_immun~e  creatinine~d  flu_vaccin~d  pneumococc~l  SCr_adj       temp2_ckd_~e
ethnicity_~e  high_dose_~g  bp_dias_date  lung_cancer   other_cancer  hiv           temp_immun~f  esrf_date     flu_vaccin~l  has_consul~y  min           hba1ccat

. drop `r(varlist)'

.         
. 
. * Close log file 
. log close
      name:  <unnamed>
       log:  E:\analyses\opensafely-ics-research\analysis\asthma_log_sens3\00_cr_create_analysis_dataset.log
  log type:  text
 closed on:   9 Jun 2020, 12:12:23
-----------------------------------------------------------------------------------------------------------------------------------------------------------------------------------------------------
