-----------------------------------------------------------------------------------------------------------------------------------------------------------------------------------------------------
      name:  <unnamed>
       log:  E:\analyses\opensafely-ics-research\analysis\asthma_log_sens3\06_an_models_asthma.log
  log type:  text
 opened on:   8 Jun 2020, 17:40:23

. 
. * Open Stata dataset
. use $tempdir\analysis_dataset_STSET_$outcome, clear

. 
. /* Sense check outcomes=======================================================*/ 
. 
. tab exposure $outcome, missing row

+----------------+
| Key            |
|----------------|
|   frequency    |
| row percentage |
+----------------+

                      |   Failure/censoring
                      |     indicator for
                      |  outcome: ONS covid
     Asthma Treatment |         death
             Exposure |         0          1 |     Total
----------------------+----------------------+----------
            SABA only |   133,895         62 |   133,957 
                      |     99.95       0.05 |    100.00 
----------------------+----------------------+----------
ICS (Low/Medium Dose) |   625,823        383 |   626,206 
                      |     99.94       0.06 |    100.00 
----------------------+----------------------+----------
      ICS (High Dose) |   102,607        109 |   102,716 
                      |     99.89       0.11 |    100.00 
----------------------+----------------------+----------
                Other |   467,639        149 |   467,788 
                      |     99.97       0.03 |    100.00 
----------------------+----------------------+----------
                Total | 1,329,964        703 | 1,330,667 
                      |     99.95       0.05 |    100.00 

. 
. /* Main Model=================================================================*/
. 
. /* Univariable model */ 
. 
. stcox i.exposure 

         failure _d:  onscoviddeath
   analysis time _t:  (stime_onscoviddeath-origin)
             origin:  time enter_date
  enter on or after:  time enter_date
                 id:  patient_id

Iteration 0:   log likelihood = -7571.3309
Iteration 1:   log likelihood = -7556.3929
Iteration 2:   log likelihood = -7555.4158
Iteration 3:   log likelihood = -7555.4144
Refining estimates:
Iteration 0:   log likelihood = -7555.4144

Cox regression -- Breslow method for ties

No. of subjects =      862,879                  Number of obs    =     862,879
No. of failures =          554
Time at risk    =     56890887
                                                LR chi2(2)       =       31.83
Log likelihood  =   -7555.4144                  Prob > chi2      =      0.0000

----------------------------------------------------------------------------------------
                    _t | Haz. Ratio   Std. Err.      z    P>|z|     [95% Conf. Interval]
-----------------------+----------------------------------------------------------------
              exposure |
ICS (Low/Medium Dose)  |   1.321475   .1809022     2.04   0.042     1.010496    1.728158
      ICS (High Dose)  |   2.294111   .3649249     5.22   0.000      1.67963    3.133396
----------------------------------------------------------------------------------------

. estimates save ./$tempdir/univar, replace 
file ./asthma_tempdata_sens3/univar.ster saved

. 
. /* Multivariable models */ 
. 
. * Age and Gender 
. * Age fit as spline in first instance, categorical below 
. 
. stcox i.exposure i.male age1 age2 age3 

         failure _d:  onscoviddeath
   analysis time _t:  (stime_onscoviddeath-origin)
             origin:  time enter_date
  enter on or after:  time enter_date
                 id:  patient_id

Iteration 0:   log likelihood = -7571.3309
Iteration 1:   log likelihood = -7052.1041
Iteration 2:   log likelihood = -6977.7182
Iteration 3:   log likelihood =  -6974.494
Iteration 4:   log likelihood = -6974.0039
Iteration 5:   log likelihood = -6973.9766
Iteration 6:   log likelihood = -6973.9765
Refining estimates:
Iteration 0:   log likelihood = -6973.9765

Cox regression -- Breslow method for ties

No. of subjects =      862,879                  Number of obs    =     862,879
No. of failures =          554
Time at risk    =     56890887
                                                LR chi2(6)       =     1194.71
Log likelihood  =   -6973.9765                  Prob > chi2      =      0.0000

----------------------------------------------------------------------------------------
                    _t | Haz. Ratio   Std. Err.      z    P>|z|     [95% Conf. Interval]
-----------------------+----------------------------------------------------------------
              exposure |
ICS (Low/Medium Dose)  |   1.004325   .1376695     0.03   0.975     .7677049    1.313875
      ICS (High Dose)  |   1.631483   .2598273     3.07   0.002     1.194047    2.229172
                       |
                1.male |    1.52814   .1315064     4.93   0.000     1.290957      1.8089
                  age1 |    1.12951   .0687701     2.00   0.045     1.002455    1.272669
                  age2 |   .8995589   .1136792    -0.84   0.402     .7022009    1.152385
                  age3 |   1.417834   .4733809     1.05   0.296     .7369355    2.727855
----------------------------------------------------------------------------------------

. estimates save ./$tempdir/multivar1, replace 
file ./asthma_tempdata_sens3/multivar1.ster saved

. 
. * Age, Gender and Comorbidities 
. stcox i.exposure i.male age1 age2 age3 $varlist, strata(stp)                            

         failure _d:  onscoviddeath
   analysis time _t:  (stime_onscoviddeath-origin)
             origin:  time enter_date
  enter on or after:  time enter_date
                 id:  patient_id

Iteration 0:   log likelihood = -5774.0357
Iteration 1:   log likelihood = -5291.8983
Iteration 2:   log likelihood = -5065.2001
Iteration 3:   log likelihood = -5060.3131
Iteration 4:   log likelihood = -5060.2853
Iteration 5:   log likelihood = -5060.2853
Refining estimates:
Iteration 0:   log likelihood = -5060.2853

Stratified Cox regr. -- Breslow method for ties

No. of subjects =      862,879                  Number of obs    =     862,879
No. of failures =          554
Time at risk    =     56890887
                                                LR chi2(29)      =     1427.50
Log likelihood  =   -5060.2853                  Prob > chi2      =      0.0000

---------------------------------------------------------------------------------------------
                         _t | Haz. Ratio   Std. Err.      z    P>|z|     [95% Conf. Interval]
----------------------------+----------------------------------------------------------------
                   exposure |
     ICS (Low/Medium Dose)  |   1.129129     .15562     0.88   0.378     .8618432    1.479308
           ICS (High Dose)  |   1.546995   .2491513     2.71   0.007     1.128233    2.121189
                            |
                     1.male |   1.561779   .1397193     4.98   0.000     1.310599    1.861099
                       age1 |   1.121757   .0685515     1.88   0.060     .9951333    1.264493
                       age2 |   .8941056   .1144034    -0.87   0.382     .6957851    1.148954
                       age3 |   1.431901   .4864428     1.06   0.291     .7357735    2.786645
                            |
                  obese4cat |
         Obese I (30-34.9)  |   1.116168   .1200833     1.02   0.307      .903967    1.378181
        Obese II (35-39.9)  |   1.069737    .167682     0.43   0.667     .7867751    1.454466
           Obese III (40+)  |   1.866733    .317158     3.67   0.000     1.338022    2.604362
                            |
               smoke_nomiss |
                    Former  |   1.128404   .1014774     1.34   0.179      .946054    1.345901
                   Current  |   .6640838   .1634239    -1.66   0.096     .4099692    1.075708
                            |
                        imd |
                         2  |   1.133167   .1666534     0.85   0.395     .8493927    1.511746
                         3  |    1.28535   .1848717     1.75   0.081     .9696017    1.703922
                         4  |   1.574548   .2233769     3.20   0.001     1.192335    2.079283
           5 most deprived  |   1.764977   .2621608     3.82   0.000     1.319185    2.361414
                            |
                        ckd |
                       CKD  |   1.409337   .1445154     3.35   0.001     1.152741    1.723052
             1.hypertension |   1.354911   .1428865     2.88   0.004     1.101906    1.666007
            1.heart_failure |   1.648968   .2076078     3.97   0.000     1.288382    2.110474
      1.other_heart_disease |   1.138623   .1203989     1.23   0.220     .9254932    1.400834
                            |
                    diabcat |
       Controlled diabetes  |   1.734408   .1834109     5.21   0.000     1.409737    2.133853
     Uncontrolled diabetes  |    2.65235   .3500044     7.39   0.000     2.047888    3.435228
Diabetes, no hba1c measure  |   2.112224    1.23139     1.28   0.200     .6737584    6.621793
                            |
              1.cancer_ever |   1.340043   .1487856     2.64   0.008     1.077977     1.66582
                   1.statin |   .8264955   .0793366    -1.99   0.047     .6847504    .9975822
              1.flu_vaccine |   .8798828   .0968048    -1.16   0.245     .7092112    1.091627
     1.pneumococcal_vaccine |   .8747178   .1367741    -0.86   0.392     .6438296    1.188406
            1.exacerbations |   1.347747   .1276213     3.15   0.002     1.119454    1.622597
               1.gp_consult |   .9439458     .29072    -0.19   0.851     .5161677    1.726249
            1.immunodef_any |   1.080832   .6287626     0.13   0.894     .3456053    3.380148
---------------------------------------------------------------------------------------------
                                                             Stratified by stp

.                                                                                 
. estimates save ./$tempdir/multivar2, replace 
file ./asthma_tempdata_sens3/multivar2.ster saved

. 
. /* MODEL CHANGES TO DO: 
> - Diabetes as severity, remove insulin 
> */ 
. 
. /* Print table================================================================*/ 
. *  Print the results for the main model 
. 
. cap file close tablecontent

. file open tablecontent using ./$outdir/table2.txt, write text replace

. 
. * Column headings 
. file write tablecontent ("Table 2: Association between current ICS use and $tableoutcome - $population Population") _n

. file write tablecontent _tab ("N") _tab ("Univariable") _tab _tab ("Age/Sex Adjusted") _tab _tab ///
>                                                 ("Age/Sex and Comorbidity Adjusted") _tab _tab _n

. file write tablecontent _tab _tab ("HR") _tab ("95% CI") _tab ("HR") _tab ///
>                                                 ("95% CI") _tab ("HR") _tab ("95% CI") _n

. file write tablecontent ("Main Analysis") _n                                    

. 
. * Row headings 
. local lab0: label exposure 0

. local lab1: label exposure 1

. local lab2: label exposure 2

.  
. /* Counts */
.  
. * First row, exposure = 0 (reference)
. 
.         cou if exposure == 0 
  133,957

.         local rowdenom = r(N)

.         cou if exposure == 0 & $outcome == 1
  62

.         local pct = 100*(r(N)/`rowdenom') 

.         
.         file write tablecontent ("`lab0'") _tab

.         file write tablecontent (r(N)) (" (") %3.1f (`pct') (")") _tab

.         file write tablecontent ("1.00 (ref)") _tab _tab ("1.00 (ref)") _tab _tab ("1.00 (ref)") _n

.         
. * Second row, exposure = 1 (comparator)
. 
. file write tablecontent ("`lab1'") _tab  

. 
.         cou if exposure == 1 
  626,206

.         local rowdenom = r(N)

.         cou if exposure == 1 & $outcome == 1
  383

.         local pct = 100*(r(N)/`rowdenom') 

.         file write tablecontent (r(N)) (" (") %3.1f (`pct') (")") _tab

. 
. /* Main Model */ 
. estimates use ./$tempdir/univar 

. lincom 1.exposure, eform

 ( 1)  1.exposure = 0

------------------------------------------------------------------------------
          _t |     exp(b)   Std. Err.      z    P>|z|     [95% Conf. Interval]
-------------+----------------------------------------------------------------
         (1) |   1.321475   .1809022     2.04   0.042     1.010496    1.728158
------------------------------------------------------------------------------

. file write tablecontent %4.2f (r(estimate)) _tab %4.2f (r(lb)) (" - ") %4.2f (r(ub)) _tab 

. 
. estimates use ./$tempdir/multivar1 

. lincom 1.exposure, eform

 ( 1)  1.exposure = 0

------------------------------------------------------------------------------
          _t |     exp(b)   Std. Err.      z    P>|z|     [95% Conf. Interval]
-------------+----------------------------------------------------------------
         (1) |   1.004325   .1376695     0.03   0.975     .7677049    1.313875
------------------------------------------------------------------------------

. file write tablecontent %4.2f (r(estimate)) _tab %4.2f (r(lb)) (" - ") %4.2f (r(ub)) _tab 

. 
. estimates use ./$tempdir/multivar2 

. lincom 1.exposure, eform

 ( 1)  1.exposure = 0

------------------------------------------------------------------------------
          _t |     exp(b)   Std. Err.      z    P>|z|     [95% Conf. Interval]
-------------+----------------------------------------------------------------
         (1) |   1.129129     .15562     0.88   0.378     .8618432    1.479308
------------------------------------------------------------------------------

. file write tablecontent %4.2f (r(estimate)) _tab %4.2f (r(lb)) (" - ") %4.2f (r(ub)) _n 

. 
. * Third row, exposure = 2 (comparator)
. 
. file write tablecontent ("`lab2'") _tab  

. 
.         cou if exposure == 2
  102,716

.         local rowdenom = r(N)

.         cou if exposure == 2 & $outcome == 1
  109

.         local pct = 100*(r(N)/`rowdenom') 

.         file write tablecontent (r(N)) (" (") %3.1f (`pct') (")") _tab

. 
. /* Main Model */ 
. estimates use ./$tempdir/univar 

. lincom 2.exposure, eform

 ( 1)  2.exposure = 0

------------------------------------------------------------------------------
          _t |     exp(b)   Std. Err.      z    P>|z|     [95% Conf. Interval]
-------------+----------------------------------------------------------------
         (1) |   2.294111   .3649249     5.22   0.000      1.67963    3.133396
------------------------------------------------------------------------------

. file write tablecontent %4.2f (r(estimate)) _tab %4.2f (r(lb)) (" - ") %4.2f (r(ub)) _tab 

. 
. estimates use ./$tempdir/multivar1 

. lincom 2.exposure, eform

 ( 1)  2.exposure = 0

------------------------------------------------------------------------------
          _t |     exp(b)   Std. Err.      z    P>|z|     [95% Conf. Interval]
-------------+----------------------------------------------------------------
         (1) |   1.631483   .2598273     3.07   0.002     1.194047    2.229172
------------------------------------------------------------------------------

. file write tablecontent %4.2f (r(estimate)) _tab %4.2f (r(lb)) (" - ") %4.2f (r(ub)) _tab 

. 
. estimates use ./$tempdir/multivar2 

. lincom 2.exposure, eform

 ( 1)  2.exposure = 0

------------------------------------------------------------------------------
          _t |     exp(b)   Std. Err.      z    P>|z|     [95% Conf. Interval]
-------------+----------------------------------------------------------------
         (1) |   1.546995   .2491513     2.71   0.007     1.128233    2.121189
------------------------------------------------------------------------------

. file write tablecontent %4.2f (r(estimate)) _tab %4.2f (r(lb)) (" - ") %4.2f (r(ub)) _n 

. 
. file write tablecontent _n

. file close tablecontent

. 
. * Close log file 
. log close
      name:  <unnamed>
       log:  E:\analyses\opensafely-ics-research\analysis\asthma_log_sens3\06_an_models_asthma.log
  log type:  text
 closed on:   8 Jun 2020, 17:42:37
-----------------------------------------------------------------------------------------------------------------------------------------------------------------------------------------------------
