----------------------------------------------------------------------------------------------------------------------------------------------------------------------------
      name:  <unnamed>
       log:  E:\analyses\opensafely-ics-research\analysis\copd_log_sens4\S4-02_cr_create_copd_exposure.log
  log type:  text
 opened on:  24 Jul 2020, 11:31:17

. 
. /* TREATMENT EXPOSURE=========================================================*/        
. 
. /* LABA LAMA */ 
. gen exposure = .u
(292,097 missing values generated)

. 
. * At least one prescription in LABA-LAMA combination list 
. replace exposure = 0 if laba_lama == 1 
(46,184 real changes made)

. * OR at least one prescription of LABA AND at least one prescription of LAMA
. replace exposure = 0 if laba_single == 1 & lama_single == 1 
(2,249 real changes made)

. * OR at least one prescription of LAMA monotherapy 
. replace exposure = 0 if lama_single == 1
(81,969 real changes made)

.                                                 
. * AND no prescription for an ICS 
. recode exposure(0 = .u) if ics_single == 1 
(exposure: 3035 changes made)

. recode exposure(0 = .u) if laba_ics == 1 
(exposure: 45420 changes made)

. recode exposure(0 = .u) if laba_lama_ics == 1 
(exposure: 2366 changes made)

. 
. /* Dual combination ICS */
.                                 
. * Any prescription for a LABA ICS combination product 
. replace exposure = 1 if laba_ics == 1 
(75,552 real changes made)

. * OR Any prescription for single ICS + Single LABA
. replace exposure = 1 if ics_single == 1 & laba_single == 1 
(426 real changes made)

. 
. * Note: ICS and LAMA only considered "Other", as per protocol                                   
. 
. * Define missing for tables 
. replace exposure = .u if exposure >= .
(0 real changes made)

.                                                 
. label define exposure 0 "LABA/LAMA Combination" 1 "ICS Dual Combination" .u "Other"

. label values exposure exposure 

. 
. label var exposure "COPD Treatment Exposure"

. 
. /* SAVE DATA==================================================================*/        
. 
. sort patient_id

. save $tempdir\analysis_dataset, replace
(note: file copd_tempdata_sens4\analysis_dataset.dta not found)
file copd_tempdata_sens4\analysis_dataset.dta saved

. 
. * Save a version set on outcome
. * Save a version set on survival outcome
. stset stime_$outcome, fail($outcome) id(patient_id) enter(enter_date) origin(enter_date)        

                id:  patient_id
     failure event:  onscoviddeath != 0 & onscoviddeath < .
obs. time interval:  (stime_onscoviddeath[_n-1], stime_onscoviddeath]
 enter on or after:  time enter_date
 exit on or before:  failure
    t for analysis:  (time-origin)
            origin:  time enter_date

------------------------------------------------------------------------------
    292,097  total observations
          0  exclusions
------------------------------------------------------------------------------
    292,097  observations remaining, representing
    292,097  subjects
        742  failures in single-failure-per-subject data
   19184453  total analysis time at risk and under observation
                                                at risk from t =         0
                                     earliest observed entry t =         0
                                          last observed exit t =        66

. save $tempdir\analysis_dataset_STSET_$outcome, replace
(note: file copd_tempdata_sens4\analysis_dataset_STSET_onscoviddeath.dta not found)
file copd_tempdata_sens4\analysis_dataset_STSET_onscoviddeath.dta saved

. 
. * Close log file 
. log close
      name:  <unnamed>
       log:  E:\analyses\opensafely-ics-research\analysis\copd_log_sens4\S4-02_cr_create_copd_exposure.log
  log type:  text
 closed on:  24 Jul 2020, 11:31:21
----------------------------------------------------------------------------------------------------------------------------------------------------------------------------
